[2019-10-21 07:23:03,310] [INFO] : RootScreen: App has started
[2019-10-21 07:32:24,050] [INFO] : RootScreen: App has started
[2019-10-21 07:32:54,887] [INFO] : RootScreen: App has started
[2019-10-21 07:36:29,731] [INFO] : RootScreen: App has started
[2019-10-21 07:36:34,573] [DEBUG] : LanguageScreen: mk language is used
[2019-10-21 07:41:44,791] [INFO] : RootScreen: App has started
[2019-10-21 07:41:50,031] [DEBUG] : LanguageScreen: mk language is used
[2019-10-21 07:41:51,006] [DEBUG] : SignUpScreen: labels are configured.
[2019-10-21 08:06:12,428] [INFO] : RootScreen: App has started
[2019-10-21 08:06:18,895] [DEBUG] : LanguageScreen: mk language is used
[2019-10-21 08:06:20,948] [DEBUG] : SignUpScreen: labels are configured.
[2019-10-21 08:06:26,936] [DEBUG] : SignInScreen: labels are configured
[2019-10-21 08:06:31,034] [DEBUG] : Homeboard:  No-user
[2019-10-21 08:06:31,035] [DEBUG] : Homeboard: labels are configured.
[2019-10-21 08:06:39,067] [DEBUG] : NewPuzzleScreen: labels are configured
[2019-10-21 16:59:06,591] [INFO] : RootScreen: App has started
[2019-10-21 16:59:15,754] [DEBUG] : LanguageScreen: mk language is used
[2019-10-21 16:59:17,078] [DEBUG] : SignUpScreen: labels are configured.
[2019-10-21 16:59:42,483] [DEBUG] : SignUpScreen: wrong e-mail format.
[2019-10-21 17:03:43,923] [DEBUG] : SignInScreen: labels are configured
[2019-10-21 17:12:56,354] [WARNING] : SignInScreen: userName and password do not match
[2019-10-21 17:13:00,420] [DEBUG] : SignUpScreen: labels are configured.
[2019-10-21 17:13:05,918] [DEBUG] : SignInScreen: labels are configured
[2019-10-21 17:13:13,463] [INFO] : Homeboard: file temp_puzzle\35_FullPuzzle_20191020_095804.png is removed.
[2019-10-21 17:13:13,464] [INFO] : Homeboard: file temp_puzzle\35_PiecesPuzzle_20191020_095806.png is removed.
[2019-10-21 17:13:13,465] [DEBUG] : Homeboard: labels are configured.
[2019-10-21 17:13:13,465] [INFO] : SignInScreen: User f@d.com is successfully signed in
[2019-10-21 17:13:20,753] [INFO] : Homeboard: User has signed out
[2019-10-21 17:13:22,151] [DEBUG] : SignInScreen: labels are configured
[2019-10-21 17:13:26,434] [DEBUG] : SignUpScreen: labels are configured.
[2019-10-21 17:13:40,789] [DEBUG] : Homeboard: labels are configured.
[2019-10-21 17:13:40,790] [INFO] : SignUpScreen: User: demo@test.com is created.
[2019-10-21 17:16:28,062] [INFO] : Homeboard: User has signed out
[2019-10-21 17:16:30,869] [DEBUG] : SignInScreen: labels are configured
[2019-10-21 17:16:41,727] [WARNING] : SignInScreen: userName and password do not match
[2019-10-21 17:16:51,004] [DEBUG] : Homeboard: labels are configured.
[2019-10-21 17:16:51,004] [INFO] : SignInScreen: User demo@test.com is successfully signed in
[2019-10-21 17:18:01,856] [INFO] : Homeboard: User has signed out
[2019-10-21 17:18:03,104] [DEBUG] : Homeboard:  No-user
[2019-10-21 17:18:03,105] [DEBUG] : Homeboard: labels are configured.
[2019-10-21 17:32:46,564] [INFO] : Homeboard: User has signed out
[2019-10-21 17:32:47,660] [DEBUG] : SignInScreen: labels are configured
[2019-10-21 17:32:59,431] [DEBUG] : Homeboard: labels are configured.
[2019-10-21 17:32:59,431] [INFO] : SignInScreen: User demo@test.com is successfully signed in
[2019-10-21 17:33:01,453] [DEBUG] : ManageUserScreen: labels are configured
[2019-10-21 17:36:54,662] [DEBUG] : ChangePasswordScreen: labels are configured
[2019-10-21 17:39:58,278] [WARNING] : ChangePasswordScreen: current password is wrong.
[2019-10-21 17:40:47,396] [WARNING] : ChangePasswordScreen: current password is wrong.
[2019-10-21 17:41:06,790] [DEBUG] : ChangePasswordScreen: wrong password format.
[2019-10-21 17:41:21,757] [INFO] : ChangePasswordScreen: password is changed.
[2019-10-21 17:41:21,763] [DEBUG] : ManageUserScreen: labels are configured
[2019-10-21 17:42:13,936] [DEBUG] : ChangePasswordScreen: labels are configured
[2019-10-21 17:42:30,513] [INFO] : ChangePasswordScreen: password is changed.
[2019-10-21 17:42:30,546] [DEBUG] : ManageUserScreen: labels are configured
[2019-10-21 17:44:36,041] [DEBUG] : ManageUserScreen: delete user popup
[2019-10-21 17:46:46,965] [INFO] : ManageUserScreen: delete user is called
[2019-10-21 17:49:48,369] [DEBUG] : SignInScreen: labels are configured
[2019-10-21 17:50:06,386] [DEBUG] : SignUpScreen: labels are configured.
[2019-10-21 17:50:22,037] [DEBUG] : Homeboard: labels are configured.
[2019-10-21 17:50:22,037] [INFO] : SignUpScreen: User: demo@test.com is created.
[2019-10-21 17:50:36,940] [DEBUG] : NewPuzzleScreen: labels are configured
