[2020-01-01 00:04:32,230] [INFO] : RootScreen: App has started
[2020-01-01 00:05:05,966] [DEBUG] : LanguageScreen: mk language is used
[2020-01-01 00:05:10,901] [DEBUG] : SignInScreen: labels are configured
[2020-01-01 00:05:22,297] [DEBUG] : Homeboard: labels are configured.
[2020-01-01 00:05:22,297] [INFO] : SignInScreen: User demo@test.com is successfully signed in
[2020-01-01 00:05:23,710] [DEBUG] : PuzzleConnection: fetch_all_puzzles called
[2020-01-01 00:05:23,710] [DEBUG] : MyPuzzleScreen: puzzles are loaded
[2020-01-01 00:05:29,729] [DEBUG] : Homeboard: labels are configured.
[2020-01-01 00:05:30,857] [DEBUG] : NewPuzzleScreen: labels are configured
[2020-01-01 00:05:32,029] [DEBUG] : NewPuzzleScreen: CAMERA_CALLED is changed to FullPuzzle
[2020-01-01 00:05:32,031] [DEBUG] : CameraScreen: labels configured.
[2020-01-01 00:05:33,369] [INFO] : CameraScreen: image temp_puzzle/40_FullPuzzle_20200101_000533.png is created.
[2020-01-01 00:05:33,378] [DEBUG] : NewPuzzleScreen: labels are configured
[2020-01-01 00:05:34,123] [DEBUG] : NewPuzzleScreen: CAMERA_CALLED is changed to PiecesPuzzle
[2020-01-01 00:05:34,123] [DEBUG] : CameraScreen: labels configured.
[2020-01-01 00:05:35,411] [INFO] : CameraScreen: image temp_puzzle/40_PiecesPuzzle_20200101_000535.png is created.
[2020-01-01 00:05:35,412] [DEBUG] : NewPuzzleScreen: labels are configured
[2020-01-01 00:05:38,695] [DEBUG] : PuzzleConnection: check_user_puzzle_rel:False
[2020-01-01 00:05:38,696] [INFO] : NewPuzzleScreen: Folder users/40/ttt_20200101_000538 is created.
[2020-01-01 00:05:38,699] [INFO] : NewPuzzleScreen: file users/40/ttt_20200101_000538/FullPuzzle.png is moved
[2020-01-01 00:05:38,702] [INFO] : NewPuzzleScreen: file users/40/ttt_20200101_000538/PiecesPuzzle.png is moved
[2020-01-01 00:05:38,723] [INFO] : PuzzleConnection: puzzle: ttt for user id: 40 is created
[2020-01-01 00:05:38,756] [DEBUG] : PuzzleConnection: get_puzzle_id: puzzle_name: ttt, user_id: 40, result =130
[2020-01-01 00:05:38,759] [INFO] : PuzzleConnection: puzzle: ttt - user id: 40 relation is created
[2020-01-01 00:05:38,777] [DEBUG] : PuzzleConnection: get_puzzle_id: puzzle_name: ttt, user_id: 40, result =130
[2020-01-01 00:05:38,792] [DEBUG] : PuzzleConnection: get_puzzle_folder_path called for Puzzle id:130. Full Path:users/40/ttt_20200101_000538/FullPuzzle.png
[2020-01-01 00:05:38,824] [DEBUG] : PuzzleSolution: progressbar pop is open
[2020-01-01 00:05:38,824] [DEBUG] : PuzzleSolution: initialize
[2020-01-01 00:05:38,824] [DEBUG] : PuzzleSolution: solve_puzzle is called.
[2020-01-01 00:05:38,825] [DEBUG] : PuzzleSolution: solve_puzzle_algorithm is called.
[2020-01-01 00:05:38,841] [INFO] : PuzzleSolution: Number of Contours found = 2
[2020-01-01 00:05:38,847] [DEBUG] : PuzzleConnection: update_puzzle_solution called for Puzzle id:130. Solution Path:users/40/ttt_20200101_000538//SolutionPuzzle.png
[2020-01-01 00:05:38,847] [INFO] : NewPuzzleScreen: Puzzle is solved.
[2020-01-01 00:05:38,850] [DEBUG] : PictureViewScreen: labels are configured
[2020-01-01 00:05:38,879] [DEBUG] : PuzzleSolution:  part puzzle users/40/ttt_20200101_000538/piece1.png is created
[2020-01-01 00:05:38,879] [DEBUG] : PuzzleSolution:  future_matches is called.
[2020-01-01 00:05:39,038] [DEBUG] : PuzzleSolution:  future_matches match found at: 329.788818359375 : 237.74989751180013
[2020-01-01 00:05:39,871] [DEBUG] : PuzzleSolution: progress_bar.value =51.0
[2020-01-01 00:05:39,985] [DEBUG] : PuzzleSolution: progress_bar.value =100.0
[2020-01-01 00:05:50,712] [DEBUG] : PuzzleConnection: get_puzzle_full_path called for Puzzle id:130. Full Path:users/40/ttt_20200101_000538/FullPuzzle.png
[2020-01-01 00:05:50,712] [DEBUG] : PictureViewScreen: full_puzzle_on_click is called for puzzle: users/40/ttt_20200101_000538/FullPuzzle.png 
[2020-01-01 00:05:50,726] [INFO] : PictureScreen: called for picture:users/40/ttt_20200101_000538/FullPuzzle.png
[2020-01-01 00:05:52,083] [DEBUG] : PictureViewScreen: labels are configured
[2020-01-01 00:05:52,824] [DEBUG] : PuzzleConnection: get_puzzle_solution_path called for Puzzle id:130. Solution Path:users/40/ttt_20200101_000538//SolutionPuzzle.png
[2020-01-01 00:05:52,824] [DEBUG] : PictureViewScreen: solution_puzzle_on_click is called for puzzle: users/40/ttt_20200101_000538//SolutionPuzzle.png 
[2020-01-01 00:05:52,841] [INFO] : PictureScreen: called for picture:users/40/ttt_20200101_000538//SolutionPuzzle.png
[2020-01-01 00:05:54,049] [DEBUG] : PictureViewScreen: labels are configured
[2020-01-01 00:05:55,388] [DEBUG] : PictureViewScreen: btn_goback is clicked
[2020-01-01 00:05:55,431] [DEBUG] : PuzzleConnection: fetch_all_puzzles called
[2020-01-01 00:05:55,431] [DEBUG] : MyPuzzleScreen: puzzles are loaded
[2020-01-01 00:06:22,975] [DEBUG] : PuzzleConnection: get_puzzle_id: puzzle_name: ttt, user_id: 40, result =130
[2020-01-01 00:06:22,975] [DEBUG] : PictureViewScreen: labels are configured
[2020-01-01 00:06:24,402] [DEBUG] : PictureViewScreen: delete puzzle popup
[2020-01-01 00:06:25,722] [INFO] : PictureViewScreen: delete puzzle is called
[2020-01-01 00:06:25,767] [DEBUG] : PuzzleConnection: get_puzzle_folder_path called for Puzzle id:130. Full Path:users/40/ttt_20200101_000538/FullPuzzle.png
[2020-01-01 00:06:25,789] [INFO] : PuzzleConnection delete_user_puzzle_rel called for puzzle_id: 130.
[2020-01-01 00:06:25,810] [INFO] : PuzzleConnection delete_puzzle_info called for puzzle_id: 130.
[2020-01-01 00:06:25,812] [INFO] : PictureViewScreen: file users/40/ttt_20200101_000538\FullPuzzle.png is removed.
[2020-01-01 00:06:25,813] [INFO] : PictureViewScreen: file users/40/ttt_20200101_000538\piece1.png is removed.
[2020-01-01 00:06:25,815] [INFO] : PictureViewScreen: file users/40/ttt_20200101_000538\PiecesPuzzle.png is removed.
[2020-01-01 00:06:25,817] [INFO] : PictureViewScreen: file users/40/ttt_20200101_000538\SolutionPuzzle.png is removed.
[2020-01-01 00:06:25,849] [DEBUG] : PuzzleConnection: fetch_all_puzzles called
[2020-01-01 00:06:25,849] [DEBUG] : MyPuzzleScreen: puzzles are loaded
[2020-01-01 00:06:31,290] [DEBUG] : Homeboard: labels are configured.
[2020-01-01 00:06:33,541] [INFO] : Homeboard: User has signed out
[2020-01-01 00:07:16,660] [INFO] : RootScreen: App has started
[2020-01-01 00:07:28,597] [DEBUG] : LanguageScreen: mk language is used
[2020-01-01 00:11:12,286] [INFO] : RootScreen: App has started
[2020-01-01 00:12:24,001] [INFO] : RootScreen: App has started
[2020-01-01 00:12:52,896] [INFO] : RootScreen: App has started
[2020-01-01 00:13:20,136] [INFO] : RootScreen: App has started
[2020-01-01 00:15:27,556] [INFO] : RootScreen: App has started
[2020-01-01 00:15:55,445] [INFO] : RootScreen: App has started
[2020-01-01 00:16:14,884] [INFO] : RootScreen: App has started
[2020-01-01 00:16:30,298] [INFO] : RootScreen: App has started
[2020-01-01 00:16:49,808] [INFO] : RootScreen: App has started
[2020-01-01 00:17:09,434] [INFO] : RootScreen: App has started
[2020-01-01 00:17:52,563] [INFO] : RootScreen: App has started
[2020-01-01 00:18:03,884] [DEBUG] : LanguageScreen: mk language is used
[2020-01-01 00:18:09,510] [DEBUG] : Homeboard:  No-user
[2020-01-01 00:18:09,510] [DEBUG] : Homeboard: labels are configured.
[2020-01-01 00:18:11,576] [INFO] : Homeboard: User has signed out
[2020-01-01 00:18:44,956] [INFO] : RootScreen: App has started
[2020-01-01 00:19:32,472] [INFO] : RootScreen: App has started
[2020-01-01 00:19:50,077] [DEBUG] : LanguageScreen: mk language is used
[2020-01-01 00:20:43,743] [INFO] : RootScreen: App has started
[2020-01-01 00:21:03,736] [INFO] : RootScreen: App has started
[2020-01-01 00:21:12,109] [DEBUG] : LanguageScreen: mk language is used
[2020-01-01 00:21:44,793] [INFO] : RootScreen: App has started
[2020-01-01 00:21:54,046] [DEBUG] : LanguageScreen: mk language is used
[2020-01-01 00:21:57,790] [DEBUG] : SignInScreen: labels are configured
[2020-01-01 00:22:30,409] [DEBUG] : Homeboard: labels are configured.
[2020-01-01 00:22:30,409] [INFO] : SignInScreen: User demo@test.com is successfully signed in
[2020-01-01 00:22:31,597] [DEBUG] : PuzzleConnection: fetch_all_puzzles called
[2020-01-01 00:22:31,597] [DEBUG] : MyPuzzleScreen: puzzles are loaded
[2020-01-01 00:22:41,229] [DEBUG] : PuzzleConnection: get_puzzle_id: puzzle_name: Pepa, user_id: 40, result =113
[2020-01-01 00:22:41,232] [DEBUG] : PictureViewScreen: labels are configured
[2020-01-01 00:22:42,973] [DEBUG] : PuzzleConnection: get_puzzle_full_path called for Puzzle id:113. Full Path:users/40/Pepa_20191223_195751/FullPuzzle.png
[2020-01-01 00:22:42,974] [DEBUG] : PictureViewScreen: full_puzzle_on_click is called for puzzle: users/40/Pepa_20191223_195751/FullPuzzle.png 
[2020-01-01 00:22:43,001] [INFO] : PictureScreen: called for picture:users/40/Pepa_20191223_195751/FullPuzzle.png
[2020-01-01 00:22:44,056] [DEBUG] : PictureViewScreen: labels are configured
[2020-01-01 00:22:44,931] [DEBUG] : PictureViewScreen: btn_goback is clicked
[2020-01-01 00:22:44,968] [DEBUG] : PuzzleConnection: fetch_all_puzzles called
[2020-01-01 00:22:44,968] [DEBUG] : MyPuzzleScreen: puzzles are loaded
[2020-01-01 00:22:46,180] [DEBUG] : Homeboard: labels are configured.
[2020-01-01 00:22:48,237] [DEBUG] : ManageUserScreen: labels are configured
[2020-01-01 00:22:54,266] [INFO] : RootScreen: App has started
[2020-01-01 00:23:19,658] [DEBUG] : LanguageScreen: mk language is used
[2020-01-01 00:26:41,531] [INFO] : RootScreen: App has started
[2020-01-01 00:26:57,355] [DEBUG] : LanguageScreen: mk language is used
[2020-01-01 00:27:07,986] [DEBUG] : SignInScreen: labels are configured
[2020-01-01 00:27:22,514] [DEBUG] : Homeboard: labels are configured.
[2020-01-01 00:27:22,515] [INFO] : SignInScreen: User demo@test.com is successfully signed in
[2020-01-01 00:27:31,519] [DEBUG] : NewPuzzleScreen: labels are configured
[2020-01-01 00:28:30,107] [INFO] : RootScreen: App has started
[2020-01-01 00:28:38,718] [DEBUG] : LanguageScreen: mk language is used
[2020-01-01 00:28:40,436] [DEBUG] : SignUpScreen: labels are configured.
[2020-01-01 00:29:42,987] [INFO] : RootScreen: App has started
[2020-01-01 00:29:54,152] [DEBUG] : LanguageScreen: mk language is used
[2020-01-01 00:30:17,168] [DEBUG] : SignUpScreen: labels are configured.
[2020-01-01 00:30:38,482] [DEBUG] : SignInScreen: labels are configured
[2020-01-01 00:30:54,605] [DEBUG] : SignInScreen: labels are configured
[2020-01-01 00:31:10,414] [DEBUG] : SignUpScreen: labels are configured.
[2020-01-01 00:31:25,251] [DEBUG] : Homeboard:  No-user
[2020-01-01 00:31:25,251] [DEBUG] : Homeboard: labels are configured.
[2020-01-01 00:31:26,836] [DEBUG] : NewPuzzleScreen: labels are configured
[2020-01-01 00:31:57,836] [INFO] : RootScreen: App has started
[2020-01-01 00:32:05,127] [DEBUG] : LanguageScreen: mk language is used
[2020-01-01 00:32:18,897] [DEBUG] : SignUpScreen: labels are configured.
[2020-01-01 00:32:40,617] [INFO] : RootScreen: App has started
[2020-01-01 00:32:50,025] [DEBUG] : LanguageScreen: mk language is used
[2020-01-01 00:32:51,049] [DEBUG] : SignUpScreen: labels are configured.
[2020-01-01 12:47:48,508] [INFO] : RootScreen: App has started
[2020-01-01 12:48:22,501] [DEBUG] : LanguageScreen: en language is used
[2020-01-01 12:48:24,329] [DEBUG] : Homeboard:  No-user
[2020-01-01 12:48:24,329] [DEBUG] : Homeboard: labels are configured.
[2020-01-01 12:48:25,928] [DEBUG] : NewPuzzleScreen: labels are configured
[2020-01-01 12:48:27,265] [DEBUG] : NewPuzzleScreen: CAMERA_CALLED is changed to FullPuzzle
[2020-01-01 12:48:27,268] [DEBUG] : CameraScreen: labels configured.
[2020-01-01 12:48:28,990] [INFO] : CameraScreen: image temp_puzzle/0_FullPuzzle_20200101_124828.png is created.
[2020-01-01 12:48:29,001] [DEBUG] : NewPuzzleScreen: labels are configured
[2020-01-01 12:48:30,085] [DEBUG] : NewPuzzleScreen: CAMERA_CALLED is changed to PiecesPuzzle
[2020-01-01 12:48:30,086] [DEBUG] : CameraScreen: labels configured.
[2020-01-01 12:48:31,686] [INFO] : CameraScreen: image temp_puzzle/0_PiecesPuzzle_20200101_124831.png is created.
[2020-01-01 12:48:31,687] [DEBUG] : NewPuzzleScreen: labels are configured
[2020-01-01 12:48:33,315] [WARNING] : NewPuzzleScreen: Please insert the name of the puzzle 
[2020-01-01 12:48:39,197] [DEBUG] : PuzzleConnection: check_user_puzzle_rel:False
[2020-01-01 12:48:39,199] [INFO] : NewPuzzleScreen: Folder users/0/b_20200101_124839 is created.
[2020-01-01 12:48:39,203] [INFO] : NewPuzzleScreen: file users/0/b_20200101_124839/FullPuzzle.png is moved
[2020-01-01 12:48:39,207] [INFO] : NewPuzzleScreen: file users/0/b_20200101_124839/PiecesPuzzle.png is moved
[2020-01-01 12:48:39,219] [DEBUG] : PuzzleSolution: progressbar pop is open
[2020-01-01 12:48:39,220] [DEBUG] : PuzzleSolution: initialize
[2020-01-01 12:48:39,220] [DEBUG] : PuzzleSolution: solve_puzzle is called.
[2020-01-01 12:48:39,221] [DEBUG] : PuzzleSolution: solve_puzzle_algorithm is called.
[2020-01-01 12:48:39,259] [DEBUG] : PuzzleConnection: update_puzzle_solution called for Puzzle id:0. Solution Path:users/0/b_20200101_124839//SolutionPuzzle.png
[2020-01-01 12:48:39,259] [INFO] : NewPuzzleScreen: Puzzle is solved.
[2020-01-01 12:48:39,263] [DEBUG] : PictureViewScreen: labels are configured
[2020-01-01 12:48:39,327] [INFO] : PuzzleSolution: Number of Contours found = 4
[2020-01-01 12:48:39,356] [DEBUG] : PuzzleSolution:  part puzzle users/0/b_20200101_124839/piece1.png is created
[2020-01-01 12:48:39,356] [DEBUG] : PuzzleSolution:  future_matches is called.
[2020-01-01 12:48:39,548] [DEBUG] : PuzzleSolution:  future_matches match found at: 274.63673909505206 : 271.85601806640625
[2020-01-01 12:48:39,572] [DEBUG] : PuzzleSolution:  part puzzle users/0/b_20200101_124839/piece2.png is created
[2020-01-01 12:48:39,573] [DEBUG] : PuzzleSolution:  future_matches is called.
[2020-01-01 12:48:39,693] [DEBUG] : PuzzleSolution:  part puzzle users/0/b_20200101_124839/piece3.png is created
[2020-01-01 12:48:39,694] [DEBUG] : PuzzleSolution:  future_matches is called.
[2020-01-01 12:48:39,813] [DEBUG] : PuzzleSolution:  part puzzle users/0/b_20200101_124839/piece4.png is created
[2020-01-01 12:48:39,814] [DEBUG] : PuzzleSolution:  future_matches is called.
[2020-01-01 12:48:39,940] [DEBUG] : PuzzleSolution:  future_matches match found at: 236.56605062177104 : 254.1198718163275
[2020-01-01 12:48:40,371] [DEBUG] : PuzzleSolution: progress_bar.value =26.0
[2020-01-01 12:48:40,436] [DEBUG] : PuzzleSolution: progress_bar.value =51.0
[2020-01-01 12:48:41,339] [DEBUG] : PuzzleSolution: progress_bar.value =76.0
[2020-01-01 12:48:41,403] [DEBUG] : PuzzleSolution: progress_bar.value =100.0
[2020-01-01 12:48:41,602] [DEBUG] : PictureViewScreen: solution_puzzle_on_click is called for puzzle: users/0/b_20200101_124839/SolutionPuzzle.png 
[2020-01-01 12:48:41,620] [INFO] : PictureScreen: called for picture:users/0/b_20200101_124839/SolutionPuzzle.png
[2020-01-01 12:48:46,664] [DEBUG] : PictureViewScreen: labels are configured
[2020-01-01 12:48:47,925] [DEBUG] : PictureViewScreen: btn_goback is clicked
[2020-01-01 12:48:47,927] [INFO] : PictureViewScreen: File:users/0/b_20200101_124839\FullPuzzle.png is removed
[2020-01-01 12:48:47,929] [INFO] : PictureViewScreen: File:users/0/b_20200101_124839\piece1.png is removed
[2020-01-01 12:48:47,932] [INFO] : PictureViewScreen: File:users/0/b_20200101_124839\piece2.png is removed
[2020-01-01 12:48:47,934] [INFO] : PictureViewScreen: File:users/0/b_20200101_124839\piece3.png is removed
[2020-01-01 12:48:47,938] [INFO] : PictureViewScreen: File:users/0/b_20200101_124839\piece4.png is removed
[2020-01-01 12:48:47,940] [INFO] : PictureViewScreen: File:users/0/b_20200101_124839\PiecesPuzzle.png is removed
[2020-01-01 12:48:47,943] [INFO] : PictureViewScreen: File:users/0/b_20200101_124839\SolutionPuzzle.png is removed
[2020-01-01 12:48:47,944] [INFO] : PictureViewScreen: Folder: users/0/b_20200101_124839 is removed. 
[2020-01-01 12:48:47,944] [DEBUG] : Homeboard:  No-user
[2020-01-01 12:48:47,945] [DEBUG] : Homeboard: labels are configured.
[2020-01-01 12:48:49,491] [INFO] : Homeboard: User has signed out
[2020-01-01 17:50:28,764] [INFO] : RootScreen: App has started
[2020-01-01 17:50:43,646] [DEBUG] : LanguageScreen: mk language is used
[2020-01-01 17:50:45,052] [DEBUG] : Homeboard:  No-user
[2020-01-01 17:50:45,052] [DEBUG] : Homeboard: labels are configured.
[2020-01-01 17:50:45,978] [DEBUG] : NewPuzzleScreen: labels are configured
[2020-01-01 17:50:47,830] [DEBUG] : NewPuzzleScreen: DIRECTORY_CALLED is changed to FullPuzzle
[2020-01-01 17:50:47,831] [DEBUG] : ChooseFileScreen: labels are configured.
[2020-01-01 17:50:59,846] [INFO] : ChooseFileScreen: file C:\Users\Filip.Dimovski\Documents\Puzzles\Good Puzzles\Farm1\FullPuzzle.png is copied
[2020-01-01 17:50:59,856] [DEBUG] : NewPuzzleScreen: labels are configured
[2020-01-01 17:51:01,095] [DEBUG] : NewPuzzleScreen: DIRECTORY_CALLED is changed to PiecesPuzzle
[2020-01-01 17:51:01,095] [DEBUG] : ChooseFileScreen: labels are configured.
[2020-01-01 17:51:03,326] [INFO] : ChooseFileScreen: file C:\Users\Filip.Dimovski\Documents\Puzzles\Good Puzzles\Farm1\PiecesPuzzle.png is copied
[2020-01-01 17:51:03,327] [DEBUG] : NewPuzzleScreen: labels are configured
[2020-01-01 17:51:07,116] [DEBUG] : PuzzleConnection: check_user_puzzle_rel:False
[2020-01-01 17:51:07,117] [INFO] : NewPuzzleScreen: Folder users/0/test_20200101_175107 is created.
[2020-01-01 17:51:07,120] [INFO] : NewPuzzleScreen: file users/0/test_20200101_175107/FullPuzzle.png is moved
[2020-01-01 17:51:07,123] [INFO] : NewPuzzleScreen: file users/0/test_20200101_175107/PiecesPuzzle.png is moved
[2020-01-01 17:51:07,160] [DEBUG] : PuzzleSolution: progressbar pop is open
[2020-01-01 17:51:07,160] [DEBUG] : PuzzleSolution: initialize
[2020-01-01 17:51:07,160] [DEBUG] : PuzzleSolution: solve_puzzle is called.
[2020-01-01 17:51:07,161] [DEBUG] : PuzzleSolution: solve_puzzle_algorithm is called.
[2020-01-01 17:51:07,178] [DEBUG] : PuzzleConnection: update_puzzle_solution called for Puzzle id:0. Solution Path:users/0/test_20200101_175107//SolutionPuzzle.png
[2020-01-01 17:51:07,178] [INFO] : NewPuzzleScreen: Puzzle is solved.
[2020-01-01 17:51:07,181] [DEBUG] : PictureViewScreen: labels are configured
[2020-01-01 17:51:08,318] [DEBUG] : PuzzleSolution: progress_bar.value =4
[2020-01-01 17:51:09,317] [DEBUG] : PuzzleSolution: progress_bar.value =7
[2020-01-01 17:51:10,321] [DEBUG] : PuzzleSolution: progress_bar.value =10
[2020-01-01 17:51:11,316] [DEBUG] : PuzzleSolution: progress_bar.value =13
[2020-01-01 17:51:12,322] [DEBUG] : PuzzleSolution: progress_bar.value =16
[2020-01-01 17:51:13,322] [DEBUG] : PuzzleSolution: progress_bar.value =19
[2020-01-01 17:51:14,319] [DEBUG] : PuzzleSolution: progress_bar.value =22
[2020-01-01 17:51:15,315] [DEBUG] : PuzzleSolution: progress_bar.value =25
[2020-01-01 17:51:16,321] [DEBUG] : PuzzleSolution: progress_bar.value =28
[2020-01-01 17:51:17,326] [DEBUG] : PuzzleSolution: progress_bar.value =31
[2020-01-01 17:51:18,322] [DEBUG] : PuzzleSolution: progress_bar.value =34
[2020-01-01 17:51:19,319] [DEBUG] : PuzzleSolution: progress_bar.value =37
[2020-01-01 17:51:20,318] [DEBUG] : PuzzleSolution: progress_bar.value =40
[2020-01-01 17:51:21,325] [DEBUG] : PuzzleSolution: progress_bar.value =43
[2020-01-01 17:51:22,322] [DEBUG] : PuzzleSolution: progress_bar.value =46
[2020-01-01 17:51:23,319] [DEBUG] : PuzzleSolution: progress_bar.value =49
[2020-01-01 17:51:24,322] [DEBUG] : PuzzleSolution: progress_bar.value =52
[2020-01-01 17:51:25,339] [DEBUG] : PuzzleSolution: progress_bar.value =55
[2020-01-01 17:51:26,328] [DEBUG] : PuzzleSolution: progress_bar.value =58
[2020-01-01 17:51:27,335] [DEBUG] : PuzzleSolution: progress_bar.value =61
[2020-01-01 17:51:28,335] [DEBUG] : PuzzleSolution: progress_bar.value =64
[2020-01-01 17:51:29,355] [DEBUG] : PuzzleSolution: progress_bar.value =67
[2020-01-01 17:51:30,363] [DEBUG] : PuzzleSolution: progress_bar.value =70
[2020-01-01 17:51:31,420] [DEBUG] : PuzzleSolution: progress_bar.value =73
[2020-01-01 17:51:32,413] [DEBUG] : PuzzleSolution: progress_bar.value =76
[2020-01-01 17:51:33,408] [DEBUG] : PuzzleSolution: progress_bar.value =79
[2020-01-01 17:51:34,410] [DEBUG] : PuzzleSolution: progress_bar.value =82
[2020-01-01 17:51:35,404] [DEBUG] : PuzzleSolution: progress_bar.value =85
[2020-01-01 17:51:36,404] [DEBUG] : PuzzleSolution: progress_bar.value =88
[2020-01-01 17:51:37,399] [DEBUG] : PuzzleSolution: progress_bar.value =91
[2020-01-01 17:51:38,395] [DEBUG] : PuzzleSolution: progress_bar.value =94
[2020-01-01 17:51:39,399] [DEBUG] : PuzzleSolution: progress_bar.value =97
[2020-01-01 17:51:40,399] [DEBUG] : PuzzleSolution: progress_bar.value =100.0
[2020-01-01 17:51:59,049] [DEBUG] : PictureViewScreen: solution_puzzle_on_click is called for puzzle: users/0/test_20200101_175107/SolutionPuzzle.png 
[2020-01-01 17:51:59,052] [INFO] : PictureScreen: called for picture:users/0/test_20200101_175107/SolutionPuzzle.png
[2020-01-01 17:52:00,221] [DEBUG] : PictureViewScreen: labels are configured
[2020-01-01 17:52:16,238] [INFO] : RootScreen: App has started
[2020-01-01 17:52:22,032] [DEBUG] : LanguageScreen: mk language is used
[2020-01-01 17:52:24,315] [DEBUG] : Homeboard:  No-user
[2020-01-01 17:52:24,315] [DEBUG] : Homeboard: labels are configured.
[2020-01-01 17:52:25,120] [DEBUG] : NewPuzzleScreen: labels are configured
[2020-01-01 17:52:25,816] [DEBUG] : NewPuzzleScreen: DIRECTORY_CALLED is changed to FullPuzzle
[2020-01-01 17:52:25,819] [DEBUG] : ChooseFileScreen: labels are configured.
[2020-01-01 17:52:39,852] [INFO] : ChooseFileScreen: file C:\Users\Filip.Dimovski\Documents\Puzzles\Good Puzzles\Farm1\FullPuzzle.png is copied
[2020-01-01 17:52:39,863] [DEBUG] : NewPuzzleScreen: labels are configured
[2020-01-01 17:52:41,567] [DEBUG] : NewPuzzleScreen: DIRECTORY_CALLED is changed to PiecesPuzzle
[2020-01-01 17:52:41,567] [DEBUG] : ChooseFileScreen: labels are configured.
[2020-01-01 17:52:43,557] [INFO] : ChooseFileScreen: file C:\Users\Filip.Dimovski\Documents\Puzzles\Good Puzzles\Farm1\PiecesPuzzle.png is copied
[2020-01-01 17:52:43,558] [DEBUG] : NewPuzzleScreen: labels are configured
[2020-01-01 17:52:48,997] [DEBUG] : PuzzleConnection: check_user_puzzle_rel:False
[2020-01-01 17:52:48,998] [INFO] : NewPuzzleScreen: Folder users/0/gd_20200101_175248 is created.
[2020-01-01 17:52:49,001] [INFO] : NewPuzzleScreen: file users/0/gd_20200101_175248/FullPuzzle.png is moved
[2020-01-01 17:52:49,003] [INFO] : NewPuzzleScreen: file users/0/gd_20200101_175248/PiecesPuzzle.png is moved
[2020-01-01 17:52:49,010] [DEBUG] : PuzzleSolution: progressbar pop is open
[2020-01-01 17:52:49,010] [DEBUG] : PuzzleSolution: initialize
[2020-01-01 17:52:49,010] [DEBUG] : PuzzleSolution: solve_puzzle is called.
[2020-01-01 17:52:49,010] [DEBUG] : PuzzleSolution: solve_puzzle_algorithm is called.
[2020-01-01 17:52:49,034] [DEBUG] : PuzzleConnection: update_puzzle_solution called for Puzzle id:0. Solution Path:users/0/gd_20200101_175248//SolutionPuzzle.png
[2020-01-01 17:52:49,034] [INFO] : NewPuzzleScreen: Puzzle is solved.
[2020-01-01 17:52:49,037] [DEBUG] : PictureViewScreen: labels are configured
[2020-01-01 17:52:50,164] [DEBUG] : PuzzleSolution: progress_bar.value =4
[2020-01-01 17:52:51,166] [DEBUG] : PuzzleSolution: progress_bar.value =7
[2020-01-01 17:52:52,169] [DEBUG] : PuzzleSolution: progress_bar.value =10
[2020-01-01 17:52:53,174] [DEBUG] : PuzzleSolution: progress_bar.value =13
[2020-01-01 17:52:54,175] [DEBUG] : PuzzleSolution: progress_bar.value =16
[2020-01-01 17:52:55,175] [DEBUG] : PuzzleSolution: progress_bar.value =19
[2020-01-01 17:52:56,173] [DEBUG] : PuzzleSolution: progress_bar.value =22
[2020-01-01 17:52:57,170] [DEBUG] : PuzzleSolution: progress_bar.value =25
[2020-01-01 17:52:58,170] [DEBUG] : PuzzleSolution: progress_bar.value =28
[2020-01-01 17:52:59,172] [DEBUG] : PuzzleSolution: progress_bar.value =31
[2020-01-01 17:53:00,169] [DEBUG] : PuzzleSolution: progress_bar.value =34
[2020-01-01 17:53:01,166] [DEBUG] : PuzzleSolution: progress_bar.value =37
[2020-01-01 17:53:02,170] [DEBUG] : PuzzleSolution: progress_bar.value =40
[2020-01-01 17:53:03,176] [DEBUG] : PuzzleSolution: progress_bar.value =43
[2020-01-01 17:53:04,176] [DEBUG] : PuzzleSolution: progress_bar.value =46
[2020-01-01 17:53:04,406] [DEBUG] : PictureViewScreen: full_puzzle_on_click is called for puzzle: users/0/gd_20200101_175248/FullPuzzle.png 
[2020-01-01 17:53:04,420] [INFO] : PictureScreen: called for picture:users/0/gd_20200101_175248/FullPuzzle.png
[2020-01-01 17:53:05,179] [DEBUG] : PuzzleSolution: progress_bar.value =49
[2020-01-01 17:53:05,580] [DEBUG] : PictureViewScreen: labels are configured
[2020-01-01 17:53:06,174] [DEBUG] : PuzzleSolution: progress_bar.value =52
[2020-01-01 17:53:06,313] [DEBUG] : PictureViewScreen: btn_goback is clicked
[2020-01-01 17:53:06,315] [INFO] : PictureViewScreen: File:users/0/gd_20200101_175248\FullPuzzle.png is removed
[2020-01-01 17:53:06,317] [INFO] : PictureViewScreen: File:users/0/gd_20200101_175248\PiecesPuzzle.png is removed
[2020-01-01 17:53:06,319] [INFO] : PictureViewScreen: Folder: users/0/gd_20200101_175248 is removed. 
[2020-01-01 17:53:06,319] [DEBUG] : Homeboard:  No-user
[2020-01-01 17:53:06,320] [DEBUG] : Homeboard: labels are configured.
[2020-01-01 17:53:07,171] [DEBUG] : PuzzleSolution: progress_bar.value =55
[2020-01-01 17:56:09,634] [INFO] : RootScreen: App has started
[2020-01-01 17:56:27,061] [INFO] : RootScreen: App has started
[2020-01-01 17:56:42,334] [DEBUG] : LanguageScreen: mk language is used
[2020-01-01 17:56:44,395] [DEBUG] : Homeboard:  No-user
[2020-01-01 17:56:44,396] [DEBUG] : Homeboard: labels are configured.
[2020-01-01 17:56:45,214] [DEBUG] : NewPuzzleScreen: labels are configured
[2020-01-01 17:56:46,469] [DEBUG] : NewPuzzleScreen: DIRECTORY_CALLED is changed to FullPuzzle
[2020-01-01 17:56:46,471] [DEBUG] : ChooseFileScreen: labels are configured.
[2020-01-01 17:57:00,381] [INFO] : ChooseFileScreen: file C:\Users\Filip.Dimovski\Documents\Puzzles\Good Puzzles\Farm1\FullPuzzle.png is copied
[2020-01-01 17:57:00,389] [DEBUG] : NewPuzzleScreen: labels are configured
[2020-01-01 17:57:01,151] [DEBUG] : NewPuzzleScreen: DIRECTORY_CALLED is changed to PiecesPuzzle
[2020-01-01 17:57:01,151] [DEBUG] : ChooseFileScreen: labels are configured.
[2020-01-01 17:57:03,028] [INFO] : ChooseFileScreen: file C:\Users\Filip.Dimovski\Documents\Puzzles\Good Puzzles\Farm1\PiecesPuzzle.png is copied
[2020-01-01 17:57:03,029] [DEBUG] : NewPuzzleScreen: labels are configured
[2020-01-01 17:57:06,812] [DEBUG] : PuzzleConnection: check_user_puzzle_rel:False
[2020-01-01 17:57:06,813] [INFO] : NewPuzzleScreen: Folder users/0/t_20200101_175706 is created.
[2020-01-01 17:57:06,815] [INFO] : NewPuzzleScreen: file users/0/t_20200101_175706/FullPuzzle.png is moved
[2020-01-01 17:57:06,817] [INFO] : NewPuzzleScreen: file users/0/t_20200101_175706/PiecesPuzzle.png is moved
[2020-01-01 17:57:06,852] [DEBUG] : PuzzleSolution: progressbar pop is open
[2020-01-01 17:57:06,853] [DEBUG] : PuzzleSolution: initialize
[2020-01-01 17:57:06,853] [DEBUG] : PuzzleSolution: solve_puzzle is called.
[2020-01-01 17:57:06,853] [DEBUG] : PuzzleSolution: solve_puzzle_algorithm is called.
[2020-01-01 17:57:06,874] [DEBUG] : PuzzleConnection: update_puzzle_solution called for Puzzle id:0. Solution Path:users/0/t_20200101_175706//SolutionPuzzle.png
[2020-01-01 17:57:06,874] [INFO] : NewPuzzleScreen: Puzzle is solved.
[2020-01-01 17:57:06,877] [DEBUG] : PictureViewScreen: labels are configured
[2020-01-01 17:57:06,921] [INFO] : PuzzleSolution: Number of Contours found = 179
[2020-01-01 17:57:06,954] [DEBUG] : PuzzleSolution:  part puzzle users/0/t_20200101_175706/piece1.png is created
[2020-01-01 17:57:06,954] [DEBUG] : PuzzleSolution:  future_matches is called.
[2020-01-01 17:57:07,131] [DEBUG] : PuzzleSolution:  part puzzle users/0/t_20200101_175706/piece2.png is created
[2020-01-01 17:57:07,131] [DEBUG] : PuzzleSolution:  future_matches is called.
[2020-01-01 17:57:07,261] [DEBUG] : PuzzleSolution:  part puzzle users/0/t_20200101_175706/piece3.png is created
[2020-01-01 17:57:07,261] [DEBUG] : PuzzleSolution:  future_matches is called.
[2020-01-01 17:57:07,390] [DEBUG] : PuzzleSolution:  future_matches not match found
[2020-01-01 17:57:07,395] [DEBUG] : PuzzleSolution:  part puzzle users/0/t_20200101_175706/piece4.png is created
[2020-01-01 17:57:07,395] [DEBUG] : PuzzleSolution:  future_matches is called.
[2020-01-01 17:57:07,498] [DEBUG] : PuzzleSolution:  future_matches not match found
[2020-01-01 17:57:07,504] [DEBUG] : PuzzleSolution:  part puzzle users/0/t_20200101_175706/piece5.png is created
[2020-01-01 17:57:07,505] [DEBUG] : PuzzleSolution:  future_matches is called.
[2020-01-01 17:57:07,613] [DEBUG] : PuzzleSolution:  part puzzle users/0/t_20200101_175706/piece6.png is created
[2020-01-01 17:57:07,613] [DEBUG] : PuzzleSolution:  future_matches is called.
[2020-01-01 17:57:07,722] [DEBUG] : PuzzleSolution:  part puzzle users/0/t_20200101_175706/piece7.png is created
[2020-01-01 17:57:07,722] [DEBUG] : PuzzleSolution:  future_matches is called.
[2020-01-01 17:57:07,833] [DEBUG] : PuzzleSolution:  part puzzle users/0/t_20200101_175706/piece8.png is created
[2020-01-01 17:57:07,833] [DEBUG] : PuzzleSolution:  future_matches is called.
[2020-01-01 17:57:07,924] [DEBUG] : PuzzleSolution: progress_bar.value =1.558659217877095
[2020-01-01 17:57:07,944] [DEBUG] : PuzzleSolution:  part puzzle users/0/t_20200101_175706/piece9.png is created
[2020-01-01 17:57:07,944] [DEBUG] : PuzzleSolution:  future_matches is called.
[2020-01-01 17:57:07,997] [DEBUG] : PuzzleSolution: progress_bar.value =2.11731843575419
[2020-01-01 17:57:08,054] [DEBUG] : PuzzleSolution:  part puzzle users/0/t_20200101_175706/piece10.png is created
[2020-01-01 17:57:08,054] [DEBUG] : PuzzleSolution:  future_matches is called.
[2020-01-01 17:57:08,163] [DEBUG] : PuzzleSolution:  part puzzle users/0/t_20200101_175706/piece11.png is created
[2020-01-01 17:57:08,164] [DEBUG] : PuzzleSolution:  future_matches is called.
[2020-01-01 17:57:08,271] [DEBUG] : PuzzleSolution:  part puzzle users/0/t_20200101_175706/piece12.png is created
[2020-01-01 17:57:08,271] [DEBUG] : PuzzleSolution:  future_matches is called.
[2020-01-01 17:57:08,378] [DEBUG] : PuzzleSolution:  part puzzle users/0/t_20200101_175706/piece13.png is created
[2020-01-01 17:57:08,378] [DEBUG] : PuzzleSolution:  future_matches is called.
[2020-01-01 17:57:08,489] [DEBUG] : PuzzleSolution:  part puzzle users/0/t_20200101_175706/piece14.png is created
[2020-01-01 17:57:08,489] [DEBUG] : PuzzleSolution:  future_matches is called.
[2020-01-01 17:57:08,604] [DEBUG] : PuzzleSolution:  future_matches not match found
[2020-01-01 17:57:08,616] [DEBUG] : PuzzleSolution:  part puzzle users/0/t_20200101_175706/piece15.png is created
[2020-01-01 17:57:08,617] [DEBUG] : PuzzleSolution:  future_matches is called.
[2020-01-01 17:57:08,732] [DEBUG] : PuzzleSolution:  part puzzle users/0/t_20200101_175706/piece16.png is created
[2020-01-01 17:57:08,733] [DEBUG] : PuzzleSolution:  future_matches is called.
[2020-01-01 17:57:08,842] [DEBUG] : PuzzleSolution:  part puzzle users/0/t_20200101_175706/piece17.png is created
[2020-01-01 17:57:08,842] [DEBUG] : PuzzleSolution:  future_matches is called.
[2020-01-01 17:57:08,920] [DEBUG] : PuzzleSolution: progress_bar.value =2.675977653631285
[2020-01-01 17:57:08,954] [DEBUG] : PuzzleSolution:  part puzzle users/0/t_20200101_175706/piece18.png is created
[2020-01-01 17:57:08,954] [DEBUG] : PuzzleSolution:  future_matches is called.
[2020-01-01 17:57:08,993] [DEBUG] : PuzzleSolution: progress_bar.value =3.23463687150838
[2020-01-01 17:57:09,066] [DEBUG] : PuzzleSolution:  part puzzle users/0/t_20200101_175706/piece19.png is created
[2020-01-01 17:57:09,066] [DEBUG] : PuzzleSolution:  future_matches is called.
[2020-01-01 17:57:09,179] [DEBUG] : PuzzleSolution:  part puzzle users/0/t_20200101_175706/piece20.png is created
[2020-01-01 17:57:09,180] [DEBUG] : PuzzleSolution:  future_matches is called.
[2020-01-01 17:57:09,281] [DEBUG] : PuzzleSolution:  future_matches not match found
[2020-01-01 17:57:09,287] [DEBUG] : PuzzleSolution:  part puzzle users/0/t_20200101_175706/piece21.png is created
[2020-01-01 17:57:09,287] [DEBUG] : PuzzleSolution:  future_matches is called.
[2020-01-01 17:57:09,395] [DEBUG] : PuzzleSolution:  part puzzle users/0/t_20200101_175706/piece22.png is created
[2020-01-01 17:57:09,395] [DEBUG] : PuzzleSolution:  future_matches is called.
[2020-01-01 17:57:09,502] [DEBUG] : PuzzleSolution:  part puzzle users/0/t_20200101_175706/piece23.png is created
[2020-01-01 17:57:09,503] [DEBUG] : PuzzleSolution:  future_matches is called.
[2020-01-01 17:57:09,605] [DEBUG] : PuzzleSolution:  future_matches not match found
[2020-01-01 17:57:09,611] [DEBUG] : PuzzleSolution:  part puzzle users/0/t_20200101_175706/piece24.png is created
[2020-01-01 17:57:09,611] [DEBUG] : PuzzleSolution:  future_matches is called.
[2020-01-01 17:57:09,714] [DEBUG] : PuzzleSolution:  part puzzle users/0/t_20200101_175706/piece25.png is created
[2020-01-01 17:57:09,715] [DEBUG] : PuzzleSolution:  future_matches is called.
[2020-01-01 17:57:09,827] [DEBUG] : PuzzleSolution:  part puzzle users/0/t_20200101_175706/piece26.png is created
[2020-01-01 17:57:09,827] [DEBUG] : PuzzleSolution:  future_matches is called.
[2020-01-01 17:57:09,918] [DEBUG] : PuzzleSolution: progress_bar.value =3.7932960893854752
[2020-01-01 17:57:09,928] [DEBUG] : PuzzleSolution:  future_matches not match found
[2020-01-01 17:57:09,937] [DEBUG] : PuzzleSolution:  part puzzle users/0/t_20200101_175706/piece27.png is created
[2020-01-01 17:57:09,937] [DEBUG] : PuzzleSolution:  future_matches is called.
[2020-01-01 17:57:09,994] [DEBUG] : PuzzleSolution: progress_bar.value =4.35195530726257
[2020-01-01 17:57:10,048] [DEBUG] : PuzzleSolution:  part puzzle users/0/t_20200101_175706/piece28.png is created
[2020-01-01 17:57:10,048] [DEBUG] : PuzzleSolution:  future_matches is called.
[2020-01-01 17:57:10,155] [DEBUG] : PuzzleSolution:  part puzzle users/0/t_20200101_175706/piece29.png is created
[2020-01-01 17:57:10,155] [DEBUG] : PuzzleSolution:  future_matches is called.
[2020-01-01 17:57:10,259] [DEBUG] : PuzzleSolution:  part puzzle users/0/t_20200101_175706/piece30.png is created
[2020-01-01 17:57:10,259] [DEBUG] : PuzzleSolution:  future_matches is called.
[2020-01-01 17:57:10,361] [DEBUG] : PuzzleSolution:  future_matches not match found
[2020-01-01 17:57:10,367] [DEBUG] : PuzzleSolution:  part puzzle users/0/t_20200101_175706/piece31.png is created
[2020-01-01 17:57:10,367] [DEBUG] : PuzzleSolution:  future_matches is called.
[2020-01-01 17:57:10,475] [DEBUG] : PuzzleSolution:  part puzzle users/0/t_20200101_175706/piece32.png is created
[2020-01-01 17:57:10,475] [DEBUG] : PuzzleSolution:  future_matches is called.
[2020-01-01 17:57:10,578] [DEBUG] : PuzzleSolution:  future_matches not match found
[2020-01-01 17:57:10,585] [DEBUG] : PuzzleSolution:  part puzzle users/0/t_20200101_175706/piece33.png is created
[2020-01-01 17:57:10,585] [DEBUG] : PuzzleSolution:  future_matches is called.
[2020-01-01 17:57:10,691] [DEBUG] : PuzzleSolution:  part puzzle users/0/t_20200101_175706/piece34.png is created
[2020-01-01 17:57:10,691] [DEBUG] : PuzzleSolution:  future_matches is called.
[2020-01-01 17:57:10,794] [DEBUG] : PuzzleSolution:  part puzzle users/0/t_20200101_175706/piece35.png is created
[2020-01-01 17:57:10,795] [DEBUG] : PuzzleSolution:  future_matches is called.
[2020-01-01 17:57:10,901] [DEBUG] : PuzzleSolution:  part puzzle users/0/t_20200101_175706/piece36.png is created
[2020-01-01 17:57:10,901] [DEBUG] : PuzzleSolution:  future_matches is called.
[2020-01-01 17:57:10,920] [DEBUG] : PuzzleSolution: progress_bar.value =4.910614525139665
[2020-01-01 17:57:11,004] [DEBUG] : PuzzleSolution: progress_bar.value =5.4692737430167595
[2020-01-01 17:57:11,017] [DEBUG] : PuzzleSolution:  part puzzle users/0/t_20200101_175706/piece37.png is created
[2020-01-01 17:57:11,017] [DEBUG] : PuzzleSolution:  future_matches is called.
[2020-01-01 17:57:11,124] [DEBUG] : PuzzleSolution:  part puzzle users/0/t_20200101_175706/piece38.png is created
[2020-01-01 17:57:11,125] [DEBUG] : PuzzleSolution:  future_matches is called.
[2020-01-01 17:57:11,234] [DEBUG] : PuzzleSolution:  part puzzle users/0/t_20200101_175706/piece39.png is created
[2020-01-01 17:57:11,234] [DEBUG] : PuzzleSolution:  future_matches is called.
[2020-01-01 17:57:11,339] [DEBUG] : PuzzleSolution:  part puzzle users/0/t_20200101_175706/piece40.png is created
[2020-01-01 17:57:11,339] [DEBUG] : PuzzleSolution:  future_matches is called.
[2020-01-01 17:57:11,446] [DEBUG] : PuzzleSolution:  part puzzle users/0/t_20200101_175706/piece41.png is created
[2020-01-01 17:57:11,446] [DEBUG] : PuzzleSolution:  future_matches is called.
[2020-01-01 17:57:11,549] [DEBUG] : PuzzleSolution:  future_matches not match found
[2020-01-01 17:57:11,555] [DEBUG] : PuzzleSolution:  part puzzle users/0/t_20200101_175706/piece42.png is created
[2020-01-01 17:57:11,555] [DEBUG] : PuzzleSolution:  future_matches is called.
[2020-01-01 17:57:11,660] [DEBUG] : PuzzleSolution:  part puzzle users/0/t_20200101_175706/piece43.png is created
[2020-01-01 17:57:11,660] [DEBUG] : PuzzleSolution:  future_matches is called.
[2020-01-01 17:57:11,770] [DEBUG] : PuzzleSolution:  part puzzle users/0/t_20200101_175706/piece44.png is created
[2020-01-01 17:57:11,771] [DEBUG] : PuzzleSolution:  future_matches is called.
[2020-01-01 17:57:11,875] [DEBUG] : PuzzleSolution:  part puzzle users/0/t_20200101_175706/piece45.png is created
[2020-01-01 17:57:11,876] [DEBUG] : PuzzleSolution:  future_matches is called.
[2020-01-01 17:57:11,923] [DEBUG] : PuzzleSolution: progress_bar.value =6.027932960893854
[2020-01-01 17:57:11,985] [DEBUG] : PuzzleSolution:  part puzzle users/0/t_20200101_175706/piece46.png is created
[2020-01-01 17:57:11,986] [DEBUG] : PuzzleSolution:  future_matches is called.
[2020-01-01 17:57:12,010] [DEBUG] : PuzzleSolution: progress_bar.value =6.586592178770949
[2020-01-01 17:57:12,101] [DEBUG] : PuzzleSolution:  part puzzle users/0/t_20200101_175706/piece47.png is created
[2020-01-01 17:57:12,101] [DEBUG] : PuzzleSolution:  future_matches is called.
[2020-01-01 17:57:12,208] [DEBUG] : PuzzleSolution:  part puzzle users/0/t_20200101_175706/piece48.png is created
[2020-01-01 17:57:12,208] [DEBUG] : PuzzleSolution:  future_matches is called.
[2020-01-01 17:57:12,313] [DEBUG] : PuzzleSolution:  part puzzle users/0/t_20200101_175706/piece49.png is created
[2020-01-01 17:57:12,314] [DEBUG] : PuzzleSolution:  future_matches is called.
[2020-01-01 17:57:12,421] [DEBUG] : PuzzleSolution:  part puzzle users/0/t_20200101_175706/piece50.png is created
[2020-01-01 17:57:12,421] [DEBUG] : PuzzleSolution:  future_matches is called.
[2020-01-01 17:57:12,528] [DEBUG] : PuzzleSolution:  part puzzle users/0/t_20200101_175706/piece51.png is created
[2020-01-01 17:57:12,529] [DEBUG] : PuzzleSolution:  future_matches is called.
[2020-01-01 17:57:12,637] [DEBUG] : PuzzleSolution:  part puzzle users/0/t_20200101_175706/piece52.png is created
[2020-01-01 17:57:12,638] [DEBUG] : PuzzleSolution:  future_matches is called.
[2020-01-01 17:57:12,742] [DEBUG] : PuzzleSolution:  part puzzle users/0/t_20200101_175706/piece53.png is created
[2020-01-01 17:57:12,742] [DEBUG] : PuzzleSolution:  future_matches is called.
[2020-01-01 17:57:12,852] [DEBUG] : PuzzleSolution:  part puzzle users/0/t_20200101_175706/piece54.png is created
[2020-01-01 17:57:12,853] [DEBUG] : PuzzleSolution:  future_matches is called.
[2020-01-01 17:57:12,920] [DEBUG] : PuzzleSolution: progress_bar.value =7.145251396648043
[2020-01-01 17:57:12,960] [DEBUG] : PuzzleSolution:  part puzzle users/0/t_20200101_175706/piece55.png is created
[2020-01-01 17:57:12,961] [DEBUG] : PuzzleSolution:  future_matches is called.
[2020-01-01 17:57:13,007] [DEBUG] : PuzzleSolution: progress_bar.value =7.703910614525138
[2020-01-01 17:57:13,077] [DEBUG] : PuzzleSolution:  part puzzle users/0/t_20200101_175706/piece56.png is created
[2020-01-01 17:57:13,077] [DEBUG] : PuzzleSolution:  future_matches is called.
[2020-01-01 17:57:13,194] [DEBUG] : PuzzleSolution:  part puzzle users/0/t_20200101_175706/piece57.png is created
[2020-01-01 17:57:13,194] [DEBUG] : PuzzleSolution:  future_matches is called.
[2020-01-01 17:57:13,326] [DEBUG] : PuzzleSolution:  part puzzle users/0/t_20200101_175706/piece58.png is created
[2020-01-01 17:57:13,327] [DEBUG] : PuzzleSolution:  future_matches is called.
[2020-01-01 17:57:13,433] [DEBUG] : PuzzleSolution:  part puzzle users/0/t_20200101_175706/piece59.png is created
[2020-01-01 17:57:13,434] [DEBUG] : PuzzleSolution:  future_matches is called.
[2020-01-01 17:57:13,540] [DEBUG] : PuzzleSolution:  part puzzle users/0/t_20200101_175706/piece60.png is created
[2020-01-01 17:57:13,540] [DEBUG] : PuzzleSolution:  future_matches is called.
[2020-01-01 17:57:13,648] [DEBUG] : PuzzleSolution:  part puzzle users/0/t_20200101_175706/piece61.png is created
[2020-01-01 17:57:13,649] [DEBUG] : PuzzleSolution:  future_matches is called.
[2020-01-01 17:57:13,756] [DEBUG] : PuzzleSolution:  part puzzle users/0/t_20200101_175706/piece62.png is created
[2020-01-01 17:57:13,756] [DEBUG] : PuzzleSolution:  future_matches is called.
[2020-01-01 17:57:13,865] [DEBUG] : PuzzleSolution:  part puzzle users/0/t_20200101_175706/piece63.png is created
[2020-01-01 17:57:13,866] [DEBUG] : PuzzleSolution:  future_matches is called.
[2020-01-01 17:57:13,927] [DEBUG] : PuzzleSolution: progress_bar.value =8.262569832402233
[2020-01-01 17:57:13,982] [DEBUG] : PuzzleSolution:  part puzzle users/0/t_20200101_175706/piece64.png is created
[2020-01-01 17:57:13,982] [DEBUG] : PuzzleSolution:  future_matches is called.
[2020-01-01 17:57:14,004] [DEBUG] : PuzzleSolution: progress_bar.value =8.821229050279328
[2020-01-01 17:57:14,093] [DEBUG] : PuzzleSolution:  part puzzle users/0/t_20200101_175706/piece65.png is created
[2020-01-01 17:57:14,094] [DEBUG] : PuzzleSolution:  future_matches is called.
[2020-01-01 17:57:14,203] [DEBUG] : PuzzleSolution:  part puzzle users/0/t_20200101_175706/piece66.png is created
[2020-01-01 17:57:14,203] [DEBUG] : PuzzleSolution:  future_matches is called.
[2020-01-01 17:57:14,310] [DEBUG] : PuzzleSolution:  part puzzle users/0/t_20200101_175706/piece67.png is created
[2020-01-01 17:57:14,310] [DEBUG] : PuzzleSolution:  future_matches is called.
[2020-01-01 17:57:14,452] [DEBUG] : PuzzleSolution:  part puzzle users/0/t_20200101_175706/piece68.png is created
[2020-01-01 17:57:14,453] [DEBUG] : PuzzleSolution:  future_matches is called.
[2020-01-01 17:57:14,565] [DEBUG] : PuzzleSolution:  part puzzle users/0/t_20200101_175706/piece69.png is created
[2020-01-01 17:57:14,566] [DEBUG] : PuzzleSolution:  future_matches is called.
[2020-01-01 17:57:14,671] [DEBUG] : PuzzleSolution:  part puzzle users/0/t_20200101_175706/piece70.png is created
[2020-01-01 17:57:14,672] [DEBUG] : PuzzleSolution:  future_matches is called.
[2020-01-01 17:57:14,777] [DEBUG] : PuzzleSolution:  part puzzle users/0/t_20200101_175706/piece71.png is created
[2020-01-01 17:57:14,777] [DEBUG] : PuzzleSolution:  future_matches is called.
[2020-01-01 17:57:14,883] [DEBUG] : PuzzleSolution:  part puzzle users/0/t_20200101_175706/piece72.png is created
[2020-01-01 17:57:14,883] [DEBUG] : PuzzleSolution:  future_matches is called.
[2020-01-01 17:57:14,932] [DEBUG] : PuzzleSolution: progress_bar.value =9.379888268156423
[2020-01-01 17:57:15,005] [DEBUG] : PuzzleSolution: progress_bar.value =9.938547486033517
[2020-01-01 17:57:15,029] [DEBUG] : PuzzleSolution:  part puzzle users/0/t_20200101_175706/piece73.png is created
[2020-01-01 17:57:15,030] [DEBUG] : PuzzleSolution:  future_matches is called.
[2020-01-01 17:57:15,144] [DEBUG] : PuzzleSolution:  part puzzle users/0/t_20200101_175706/piece74.png is created
[2020-01-01 17:57:15,144] [DEBUG] : PuzzleSolution:  future_matches is called.
[2020-01-01 17:57:15,256] [DEBUG] : PuzzleSolution:  part puzzle users/0/t_20200101_175706/piece75.png is created
[2020-01-01 17:57:15,256] [DEBUG] : PuzzleSolution:  future_matches is called.
[2020-01-01 17:57:15,368] [DEBUG] : PuzzleSolution:  future_matches match found at: 502.0411071777344 : 118.73845291137695
[2020-01-01 17:57:15,390] [DEBUG] : PuzzleSolution:  part puzzle users/0/t_20200101_175706/piece76.png is created
[2020-01-01 17:57:15,390] [DEBUG] : PuzzleSolution:  future_matches is called.
[2020-01-01 17:57:15,515] [DEBUG] : PuzzleSolution:  part puzzle users/0/t_20200101_175706/piece77.png is created
[2020-01-01 17:57:15,515] [DEBUG] : PuzzleSolution:  future_matches is called.
[2020-01-01 17:57:15,648] [DEBUG] : PuzzleSolution:  part puzzle users/0/t_20200101_175706/piece78.png is created
[2020-01-01 17:57:15,649] [DEBUG] : PuzzleSolution:  future_matches is called.
[2020-01-01 17:57:15,753] [DEBUG] : PuzzleSolution:  part puzzle users/0/t_20200101_175706/piece79.png is created
[2020-01-01 17:57:15,753] [DEBUG] : PuzzleSolution:  future_matches is called.
[2020-01-01 17:57:15,868] [DEBUG] : PuzzleSolution:  future_matches match found at: 508.9322814941406 : 241.55813598632812
[2020-01-01 17:57:15,890] [DEBUG] : PuzzleSolution:  part puzzle users/0/t_20200101_175706/piece80.png is created
[2020-01-01 17:57:15,890] [DEBUG] : PuzzleSolution:  future_matches is called.
[2020-01-01 17:57:15,934] [DEBUG] : PuzzleSolution: progress_bar.value =10.497206703910612
[2020-01-01 17:57:15,999] [DEBUG] : PuzzleSolution:  future_matches not match found
[2020-01-01 17:57:16,005] [DEBUG] : PuzzleSolution:  part puzzle users/0/t_20200101_175706/piece81.png is created
[2020-01-01 17:57:16,006] [DEBUG] : PuzzleSolution:  future_matches is called.
[2020-01-01 17:57:16,008] [DEBUG] : PuzzleSolution: progress_bar.value =11.055865921787706
[2020-01-01 17:57:16,111] [DEBUG] : PuzzleSolution:  future_matches not match found
[2020-01-01 17:57:16,116] [DEBUG] : PuzzleSolution:  part puzzle users/0/t_20200101_175706/piece82.png is created
[2020-01-01 17:57:16,116] [DEBUG] : PuzzleSolution:  future_matches is called.
[2020-01-01 17:57:16,226] [DEBUG] : PuzzleSolution:  future_matches not match found
[2020-01-01 17:57:16,233] [DEBUG] : PuzzleSolution:  part puzzle users/0/t_20200101_175706/piece83.png is created
[2020-01-01 17:57:16,234] [DEBUG] : PuzzleSolution:  future_matches is called.
[2020-01-01 17:57:16,336] [DEBUG] : PuzzleSolution:  part puzzle users/0/t_20200101_175706/piece84.png is created
[2020-01-01 17:57:16,336] [DEBUG] : PuzzleSolution:  future_matches is called.
[2020-01-01 17:57:16,441] [DEBUG] : PuzzleSolution:  part puzzle users/0/t_20200101_175706/piece85.png is created
[2020-01-01 17:57:16,441] [DEBUG] : PuzzleSolution:  future_matches is called.
[2020-01-01 17:57:16,549] [DEBUG] : PuzzleSolution:  future_matches match found at: 90.72790908813477 : 246.60424041748047
[2020-01-01 17:57:16,574] [DEBUG] : PuzzleSolution:  part puzzle users/0/t_20200101_175706/piece86.png is created
[2020-01-01 17:57:16,574] [DEBUG] : PuzzleSolution:  future_matches is called.
[2020-01-01 17:57:16,693] [DEBUG] : PuzzleSolution:  part puzzle users/0/t_20200101_175706/piece87.png is created
[2020-01-01 17:57:16,693] [DEBUG] : PuzzleSolution:  future_matches is called.
[2020-01-01 17:57:16,834] [DEBUG] : PuzzleSolution:  part puzzle users/0/t_20200101_175706/piece88.png is created
[2020-01-01 17:57:16,835] [DEBUG] : PuzzleSolution:  future_matches is called.
[2020-01-01 17:57:16,940] [DEBUG] : PuzzleSolution: progress_bar.value =11.614525139664801
[2020-01-01 17:57:16,942] [DEBUG] : PuzzleSolution:  future_matches match found at: 493.19342041015625 : 120.84402465820312
[2020-01-01 17:57:16,971] [DEBUG] : PuzzleSolution:  part puzzle users/0/t_20200101_175706/piece89.png is created
[2020-01-01 17:57:16,972] [DEBUG] : PuzzleSolution:  future_matches is called.
[2020-01-01 17:57:17,003] [DEBUG] : PuzzleSolution: progress_bar.value =12.173184357541896
[2020-01-01 17:57:17,082] [DEBUG] : PuzzleSolution:  part puzzle users/0/t_20200101_175706/piece90.png is created
[2020-01-01 17:57:17,082] [DEBUG] : PuzzleSolution:  future_matches is called.
[2020-01-01 17:57:17,191] [DEBUG] : PuzzleSolution:  part puzzle users/0/t_20200101_175706/piece91.png is created
[2020-01-01 17:57:17,192] [DEBUG] : PuzzleSolution:  future_matches is called.
[2020-01-01 17:57:17,304] [DEBUG] : PuzzleSolution:  part puzzle users/0/t_20200101_175706/piece92.png is created
[2020-01-01 17:57:17,304] [DEBUG] : PuzzleSolution:  future_matches is called.
[2020-01-01 17:57:17,409] [DEBUG] : PuzzleSolution:  future_matches not match found
[2020-01-01 17:57:17,415] [DEBUG] : PuzzleSolution:  part puzzle users/0/t_20200101_175706/piece93.png is created
[2020-01-01 17:57:17,415] [DEBUG] : PuzzleSolution:  future_matches is called.
[2020-01-01 17:57:17,522] [DEBUG] : PuzzleSolution:  part puzzle users/0/t_20200101_175706/piece94.png is created
[2020-01-01 17:57:17,522] [DEBUG] : PuzzleSolution:  future_matches is called.
[2020-01-01 17:57:17,623] [DEBUG] : PuzzleSolution:  future_matches match found at: 508.9322814941406 : 241.55813598632812
[2020-01-01 17:57:17,646] [DEBUG] : PuzzleSolution:  part puzzle users/0/t_20200101_175706/piece95.png is created
[2020-01-01 17:57:17,647] [DEBUG] : PuzzleSolution:  future_matches is called.
[2020-01-01 17:57:17,754] [DEBUG] : PuzzleSolution:  part puzzle users/0/t_20200101_175706/piece96.png is created
[2020-01-01 17:57:17,755] [DEBUG] : PuzzleSolution:  future_matches is called.
[2020-01-01 17:57:17,877] [DEBUG] : PuzzleSolution:  part puzzle users/0/t_20200101_175706/piece97.png is created
[2020-01-01 17:57:17,877] [DEBUG] : PuzzleSolution:  future_matches is called.
[2020-01-01 17:57:17,938] [DEBUG] : PuzzleSolution: progress_bar.value =12.73184357541899
[2020-01-01 17:57:17,999] [DEBUG] : PuzzleSolution: progress_bar.value =13.290502793296085
[2020-01-01 17:57:18,017] [DEBUG] : PuzzleSolution:  part puzzle users/0/t_20200101_175706/piece98.png is created
[2020-01-01 17:57:18,018] [DEBUG] : PuzzleSolution:  future_matches is called.
[2020-01-01 17:57:18,116] [DEBUG] : PuzzleSolution:  part puzzle users/0/t_20200101_175706/piece99.png is created
[2020-01-01 17:57:18,116] [DEBUG] : PuzzleSolution:  future_matches is called.
[2020-01-01 17:57:18,237] [DEBUG] : PuzzleSolution:  part puzzle users/0/t_20200101_175706/piece100.png is created
[2020-01-01 17:57:18,237] [DEBUG] : PuzzleSolution:  future_matches is called.
[2020-01-01 17:57:18,345] [DEBUG] : PuzzleSolution:  part puzzle users/0/t_20200101_175706/piece101.png is created
[2020-01-01 17:57:18,346] [DEBUG] : PuzzleSolution:  future_matches is called.
[2020-01-01 17:57:18,453] [DEBUG] : PuzzleSolution:  part puzzle users/0/t_20200101_175706/piece102.png is created
[2020-01-01 17:57:18,453] [DEBUG] : PuzzleSolution:  future_matches is called.
[2020-01-01 17:57:18,562] [DEBUG] : PuzzleSolution:  part puzzle users/0/t_20200101_175706/piece103.png is created
[2020-01-01 17:57:18,563] [DEBUG] : PuzzleSolution:  future_matches is called.
[2020-01-01 17:57:18,672] [DEBUG] : PuzzleSolution:  part puzzle users/0/t_20200101_175706/piece104.png is created
[2020-01-01 17:57:18,672] [DEBUG] : PuzzleSolution:  future_matches is called.
[2020-01-01 17:57:18,781] [DEBUG] : PuzzleSolution:  part puzzle users/0/t_20200101_175706/piece105.png is created
[2020-01-01 17:57:18,781] [DEBUG] : PuzzleSolution:  future_matches is called.
[2020-01-01 17:57:18,886] [DEBUG] : PuzzleSolution:  part puzzle users/0/t_20200101_175706/piece106.png is created
[2020-01-01 17:57:18,886] [DEBUG] : PuzzleSolution:  future_matches is called.
[2020-01-01 17:57:18,935] [DEBUG] : PuzzleSolution: progress_bar.value =13.84916201117318
[2020-01-01 17:57:18,998] [DEBUG] : PuzzleSolution: progress_bar.value =14.407821229050274
[2020-01-01 17:57:19,004] [DEBUG] : PuzzleSolution:  part puzzle users/0/t_20200101_175706/piece107.png is created
[2020-01-01 17:57:19,004] [DEBUG] : PuzzleSolution:  future_matches is called.
[2020-01-01 17:57:19,109] [DEBUG] : PuzzleSolution:  part puzzle users/0/t_20200101_175706/piece108.png is created
[2020-01-01 17:57:19,109] [DEBUG] : PuzzleSolution:  future_matches is called.
[2020-01-01 17:57:19,213] [DEBUG] : PuzzleSolution:  part puzzle users/0/t_20200101_175706/piece109.png is created
[2020-01-01 17:57:19,214] [DEBUG] : PuzzleSolution:  future_matches is called.
[2020-01-01 17:57:19,317] [DEBUG] : PuzzleSolution:  part puzzle users/0/t_20200101_175706/piece110.png is created
[2020-01-01 17:57:19,318] [DEBUG] : PuzzleSolution:  future_matches is called.
[2020-01-01 17:57:19,423] [DEBUG] : PuzzleSolution:  part puzzle users/0/t_20200101_175706/piece111.png is created
[2020-01-01 17:57:19,423] [DEBUG] : PuzzleSolution:  future_matches is called.
[2020-01-01 17:57:19,532] [DEBUG] : PuzzleSolution:  part puzzle users/0/t_20200101_175706/piece112.png is created
[2020-01-01 17:57:19,532] [DEBUG] : PuzzleSolution:  future_matches is called.
[2020-01-01 17:57:19,633] [DEBUG] : PuzzleSolution:  future_matches not match found
[2020-01-01 17:57:19,640] [DEBUG] : PuzzleSolution:  part puzzle users/0/t_20200101_175706/piece113.png is created
[2020-01-01 17:57:19,640] [DEBUG] : PuzzleSolution:  future_matches is called.
[2020-01-01 17:57:19,746] [DEBUG] : PuzzleSolution:  part puzzle users/0/t_20200101_175706/piece114.png is created
[2020-01-01 17:57:19,746] [DEBUG] : PuzzleSolution:  future_matches is called.
[2020-01-01 17:57:19,854] [DEBUG] : PuzzleSolution:  part puzzle users/0/t_20200101_175706/piece115.png is created
[2020-01-01 17:57:19,854] [DEBUG] : PuzzleSolution:  future_matches is called.
[2020-01-01 17:57:19,940] [DEBUG] : PuzzleSolution: progress_bar.value =14.966480446927369
[2020-01-01 17:57:19,969] [DEBUG] : PuzzleSolution:  part puzzle users/0/t_20200101_175706/piece116.png is created
[2020-01-01 17:57:19,969] [DEBUG] : PuzzleSolution:  future_matches is called.
[2020-01-01 17:57:19,993] [DEBUG] : PuzzleSolution: progress_bar.value =15.525139664804463
[2020-01-01 17:57:20,093] [DEBUG] : PuzzleSolution:  part puzzle users/0/t_20200101_175706/piece117.png is created
[2020-01-01 17:57:20,093] [DEBUG] : PuzzleSolution:  future_matches is called.
[2020-01-01 17:57:20,192] [DEBUG] : PuzzleSolution:  future_matches not match found
[2020-01-01 17:57:20,198] [DEBUG] : PuzzleSolution:  part puzzle users/0/t_20200101_175706/piece118.png is created
[2020-01-01 17:57:20,198] [DEBUG] : PuzzleSolution:  future_matches is called.
[2020-01-01 17:57:20,303] [DEBUG] : PuzzleSolution:  part puzzle users/0/t_20200101_175706/piece119.png is created
[2020-01-01 17:57:20,303] [DEBUG] : PuzzleSolution:  future_matches is called.
[2020-01-01 17:57:20,406] [DEBUG] : PuzzleSolution:  part puzzle users/0/t_20200101_175706/piece120.png is created
[2020-01-01 17:57:20,407] [DEBUG] : PuzzleSolution:  future_matches is called.
[2020-01-01 17:57:20,513] [DEBUG] : PuzzleSolution:  part puzzle users/0/t_20200101_175706/piece121.png is created
[2020-01-01 17:57:20,513] [DEBUG] : PuzzleSolution:  future_matches is called.
[2020-01-01 17:57:20,618] [DEBUG] : PuzzleSolution:  part puzzle users/0/t_20200101_175706/piece122.png is created
[2020-01-01 17:57:20,619] [DEBUG] : PuzzleSolution:  future_matches is called.
[2020-01-01 17:57:20,725] [DEBUG] : PuzzleSolution:  part puzzle users/0/t_20200101_175706/piece123.png is created
[2020-01-01 17:57:20,726] [DEBUG] : PuzzleSolution:  future_matches is called.
[2020-01-01 17:57:20,834] [DEBUG] : PuzzleSolution:  part puzzle users/0/t_20200101_175706/piece124.png is created
[2020-01-01 17:57:20,835] [DEBUG] : PuzzleSolution:  future_matches is called.
[2020-01-01 17:57:20,936] [DEBUG] : PuzzleSolution: progress_bar.value =16.08379888268156
[2020-01-01 17:57:20,950] [DEBUG] : PuzzleSolution:  part puzzle users/0/t_20200101_175706/piece125.png is created
[2020-01-01 17:57:20,951] [DEBUG] : PuzzleSolution:  future_matches is called.
[2020-01-01 17:57:20,999] [DEBUG] : PuzzleSolution: progress_bar.value =16.642458100558656
[2020-01-01 17:57:21,059] [DEBUG] : PuzzleSolution:  part puzzle users/0/t_20200101_175706/piece126.png is created
[2020-01-01 17:57:21,059] [DEBUG] : PuzzleSolution:  future_matches is called.
[2020-01-01 17:57:21,160] [DEBUG] : PuzzleSolution:  part puzzle users/0/t_20200101_175706/piece127.png is created
[2020-01-01 17:57:21,160] [DEBUG] : PuzzleSolution:  future_matches is called.
[2020-01-01 17:57:21,261] [DEBUG] : PuzzleSolution:  part puzzle users/0/t_20200101_175706/piece128.png is created
[2020-01-01 17:57:21,261] [DEBUG] : PuzzleSolution:  future_matches is called.
[2020-01-01 17:57:21,363] [DEBUG] : PuzzleSolution:  part puzzle users/0/t_20200101_175706/piece129.png is created
[2020-01-01 17:57:21,363] [DEBUG] : PuzzleSolution:  future_matches is called.
[2020-01-01 17:57:21,474] [DEBUG] : PuzzleSolution:  part puzzle users/0/t_20200101_175706/piece130.png is created
[2020-01-01 17:57:21,474] [DEBUG] : PuzzleSolution:  future_matches is called.
[2020-01-01 17:57:21,579] [DEBUG] : PuzzleSolution:  part puzzle users/0/t_20200101_175706/piece131.png is created
[2020-01-01 17:57:21,579] [DEBUG] : PuzzleSolution:  future_matches is called.
[2020-01-01 17:57:21,686] [DEBUG] : PuzzleSolution:  part puzzle users/0/t_20200101_175706/piece132.png is created
[2020-01-01 17:57:21,686] [DEBUG] : PuzzleSolution:  future_matches is called.
[2020-01-01 17:57:21,805] [DEBUG] : PuzzleSolution:  part puzzle users/0/t_20200101_175706/piece133.png is created
[2020-01-01 17:57:21,805] [DEBUG] : PuzzleSolution:  future_matches is called.
[2020-01-01 17:57:21,910] [DEBUG] : PuzzleSolution:  part puzzle users/0/t_20200101_175706/piece134.png is created
[2020-01-01 17:57:21,911] [DEBUG] : PuzzleSolution:  future_matches is called.
[2020-01-01 17:57:21,935] [DEBUG] : PuzzleSolution: progress_bar.value =17.201117318435752
[2020-01-01 17:57:21,999] [DEBUG] : PuzzleSolution: progress_bar.value =17.75977653631285
[2020-01-01 17:57:22,027] [DEBUG] : PuzzleSolution:  part puzzle users/0/t_20200101_175706/piece135.png is created
[2020-01-01 17:57:22,027] [DEBUG] : PuzzleSolution:  future_matches is called.
[2020-01-01 17:57:22,136] [DEBUG] : PuzzleSolution:  part puzzle users/0/t_20200101_175706/piece136.png is created
[2020-01-01 17:57:22,137] [DEBUG] : PuzzleSolution:  future_matches is called.
[2020-01-01 17:57:22,239] [DEBUG] : PuzzleSolution:  part puzzle users/0/t_20200101_175706/piece137.png is created
[2020-01-01 17:57:22,240] [DEBUG] : PuzzleSolution:  future_matches is called.
[2020-01-01 17:57:22,344] [DEBUG] : PuzzleSolution:  part puzzle users/0/t_20200101_175706/piece138.png is created
[2020-01-01 17:57:22,345] [DEBUG] : PuzzleSolution:  future_matches is called.
[2020-01-01 17:57:22,451] [DEBUG] : PuzzleSolution:  part puzzle users/0/t_20200101_175706/piece139.png is created
[2020-01-01 17:57:22,452] [DEBUG] : PuzzleSolution:  future_matches is called.
[2020-01-01 17:57:22,556] [DEBUG] : PuzzleSolution:  part puzzle users/0/t_20200101_175706/piece140.png is created
[2020-01-01 17:57:22,557] [DEBUG] : PuzzleSolution:  future_matches is called.
[2020-01-01 17:57:22,664] [DEBUG] : PuzzleSolution:  part puzzle users/0/t_20200101_175706/piece141.png is created
[2020-01-01 17:57:22,665] [DEBUG] : PuzzleSolution:  future_matches is called.
[2020-01-01 17:57:22,775] [DEBUG] : PuzzleSolution:  future_matches not match found
[2020-01-01 17:57:22,780] [DEBUG] : PuzzleSolution:  part puzzle users/0/t_20200101_175706/piece142.png is created
[2020-01-01 17:57:22,780] [DEBUG] : PuzzleSolution:  future_matches is called.
[2020-01-01 17:57:22,892] [DEBUG] : PuzzleSolution:  part puzzle users/0/t_20200101_175706/piece143.png is created
[2020-01-01 17:57:22,892] [DEBUG] : PuzzleSolution:  future_matches is called.
[2020-01-01 17:57:22,930] [DEBUG] : PuzzleSolution: progress_bar.value =18.318435754189945
[2020-01-01 17:57:23,001] [DEBUG] : PuzzleSolution: progress_bar.value =18.87709497206704
[2020-01-01 17:57:23,009] [DEBUG] : PuzzleSolution:  part puzzle users/0/t_20200101_175706/piece144.png is created
[2020-01-01 17:57:23,010] [DEBUG] : PuzzleSolution:  future_matches is called.
[2020-01-01 17:57:23,117] [DEBUG] : PuzzleSolution:  part puzzle users/0/t_20200101_175706/piece145.png is created
[2020-01-01 17:57:23,118] [DEBUG] : PuzzleSolution:  future_matches is called.
[2020-01-01 17:57:23,229] [DEBUG] : PuzzleSolution:  part puzzle users/0/t_20200101_175706/piece146.png is created
[2020-01-01 17:57:23,229] [DEBUG] : PuzzleSolution:  future_matches is called.
[2020-01-01 17:57:23,335] [DEBUG] : PuzzleSolution:  part puzzle users/0/t_20200101_175706/piece147.png is created
[2020-01-01 17:57:23,336] [DEBUG] : PuzzleSolution:  future_matches is called.
[2020-01-01 17:57:23,439] [DEBUG] : PuzzleSolution:  part puzzle users/0/t_20200101_175706/piece148.png is created
[2020-01-01 17:57:23,439] [DEBUG] : PuzzleSolution:  future_matches is called.
[2020-01-01 17:57:23,550] [DEBUG] : PuzzleSolution:  part puzzle users/0/t_20200101_175706/piece149.png is created
[2020-01-01 17:57:23,550] [DEBUG] : PuzzleSolution:  future_matches is called.
[2020-01-01 17:57:23,674] [DEBUG] : PuzzleSolution:  part puzzle users/0/t_20200101_175706/piece150.png is created
[2020-01-01 17:57:23,674] [DEBUG] : PuzzleSolution:  future_matches is called.
[2020-01-01 17:57:23,792] [DEBUG] : PuzzleSolution:  part puzzle users/0/t_20200101_175706/piece151.png is created
[2020-01-01 17:57:23,792] [DEBUG] : PuzzleSolution:  future_matches is called.
[2020-01-01 17:57:23,895] [DEBUG] : PuzzleSolution:  part puzzle users/0/t_20200101_175706/piece152.png is created
[2020-01-01 17:57:23,895] [DEBUG] : PuzzleSolution:  future_matches is called.
[2020-01-01 17:57:23,935] [DEBUG] : PuzzleSolution: progress_bar.value =19.435754189944138
[2020-01-01 17:57:23,999] [DEBUG] : PuzzleSolution:  future_matches not match found
[2020-01-01 17:57:24,003] [DEBUG] : PuzzleSolution: progress_bar.value =19.994413407821234
[2020-01-01 17:57:24,004] [DEBUG] : PuzzleSolution:  part puzzle users/0/t_20200101_175706/piece153.png is created
[2020-01-01 17:57:24,004] [DEBUG] : PuzzleSolution:  future_matches is called.
[2020-01-01 17:57:24,122] [DEBUG] : PuzzleSolution:  part puzzle users/0/t_20200101_175706/piece154.png is created
[2020-01-01 17:57:24,122] [DEBUG] : PuzzleSolution:  future_matches is called.
[2020-01-01 17:57:24,243] [DEBUG] : PuzzleSolution:  part puzzle users/0/t_20200101_175706/piece155.png is created
[2020-01-01 17:57:24,243] [DEBUG] : PuzzleSolution:  future_matches is called.
[2020-01-01 17:57:24,362] [DEBUG] : PuzzleSolution:  part puzzle users/0/t_20200101_175706/piece156.png is created
[2020-01-01 17:57:24,363] [DEBUG] : PuzzleSolution:  future_matches is called.
[2020-01-01 17:57:24,468] [DEBUG] : PuzzleSolution:  part puzzle users/0/t_20200101_175706/piece157.png is created
[2020-01-01 17:57:24,469] [DEBUG] : PuzzleSolution:  future_matches is called.
[2020-01-01 17:57:24,571] [DEBUG] : PuzzleSolution:  future_matches not match found
[2020-01-01 17:57:24,575] [DEBUG] : PuzzleSolution:  part puzzle users/0/t_20200101_175706/piece158.png is created
[2020-01-01 17:57:24,575] [DEBUG] : PuzzleSolution:  future_matches is called.
[2020-01-01 17:57:25,013] [DEBUG] : PuzzleSolution: progress_bar.value =20.55307262569833
[2020-01-01 17:57:25,018] [DEBUG] : PuzzleSolution: progress_bar.value =21.111731843575427
[2020-01-01 17:57:25,967] [DEBUG] : PuzzleSolution: progress_bar.value =21.670391061452523
[2020-01-01 17:57:26,020] [DEBUG] : PuzzleSolution: progress_bar.value =22.22905027932962
[2020-01-01 17:57:26,970] [DEBUG] : PuzzleSolution: progress_bar.value =22.787709497206716
[2020-01-01 17:57:27,020] [DEBUG] : PuzzleSolution: progress_bar.value =23.346368715083813
[2020-01-01 17:57:27,161] [DEBUG] : PictureViewScreen: solution_puzzle_on_click is called for puzzle: users/0/t_20200101_175706/SolutionPuzzle.png 
[2020-01-01 17:57:27,184] [INFO] : PictureScreen: called for picture:users/0/t_20200101_175706/SolutionPuzzle.png
[2020-01-01 17:57:27,969] [DEBUG] : PuzzleSolution: progress_bar.value =23.90502793296091
[2020-01-01 17:57:28,018] [DEBUG] : PuzzleSolution: progress_bar.value =24.463687150838005
[2020-01-01 17:57:28,967] [DEBUG] : PuzzleSolution: progress_bar.value =25.0223463687151
[2020-01-01 17:57:29,017] [DEBUG] : PuzzleSolution: progress_bar.value =25.581005586592198
[2020-01-01 17:57:29,968] [DEBUG] : PuzzleSolution: progress_bar.value =26.139664804469295
[2020-01-01 17:57:30,018] [DEBUG] : PuzzleSolution: progress_bar.value =26.69832402234639
[2020-01-01 17:57:30,964] [DEBUG] : PuzzleSolution: progress_bar.value =27.256983240223487
[2020-01-01 17:57:31,025] [DEBUG] : PuzzleSolution: progress_bar.value =27.815642458100584
[2020-01-01 17:57:31,964] [DEBUG] : PuzzleSolution: progress_bar.value =28.37430167597768
[2020-01-01 17:57:32,024] [DEBUG] : PuzzleSolution: progress_bar.value =28.932960893854776
[2020-01-01 17:57:32,959] [DEBUG] : PuzzleSolution: progress_bar.value =29.491620111731873
[2020-01-01 17:57:33,023] [DEBUG] : PuzzleSolution: progress_bar.value =30.05027932960897
[2020-01-01 17:57:33,958] [DEBUG] : PuzzleSolution: progress_bar.value =30.608938547486066
[2020-01-01 17:57:34,029] [DEBUG] : PuzzleSolution: progress_bar.value =31.167597765363162
[2020-01-01 17:57:34,960] [DEBUG] : PuzzleSolution: progress_bar.value =31.72625698324026
[2020-01-01 17:57:35,034] [DEBUG] : PuzzleSolution: progress_bar.value =32.284916201117355
[2020-01-01 17:57:35,964] [DEBUG] : PuzzleSolution: progress_bar.value =32.84357541899445
[2020-01-01 17:57:36,039] [DEBUG] : PuzzleSolution: progress_bar.value =33.40223463687154
[2020-01-01 17:57:36,358] [DEBUG] : PictureViewScreen: labels are configured
[2020-01-01 17:57:36,970] [DEBUG] : PuzzleSolution: progress_bar.value =33.96089385474863
[2020-01-01 17:57:37,044] [DEBUG] : PuzzleSolution: progress_bar.value =34.519553072625726
[2020-01-01 17:57:37,616] [DEBUG] : PictureViewScreen: btn_goback is clicked
[2020-01-01 17:57:37,618] [INFO] : PictureViewScreen: File:users/0/t_20200101_175706\FullPuzzle.png is removed
[2020-01-01 17:57:37,620] [INFO] : PictureViewScreen: File:users/0/t_20200101_175706\piece1.png is removed
[2020-01-01 17:57:37,623] [INFO] : PictureViewScreen: File:users/0/t_20200101_175706\piece10.png is removed
[2020-01-01 17:57:37,625] [INFO] : PictureViewScreen: File:users/0/t_20200101_175706\piece100.png is removed
[2020-01-01 17:57:37,627] [INFO] : PictureViewScreen: File:users/0/t_20200101_175706\piece101.png is removed
[2020-01-01 17:57:37,628] [INFO] : PictureViewScreen: File:users/0/t_20200101_175706\piece102.png is removed
[2020-01-01 17:57:37,630] [INFO] : PictureViewScreen: File:users/0/t_20200101_175706\piece103.png is removed
[2020-01-01 17:57:37,632] [INFO] : PictureViewScreen: File:users/0/t_20200101_175706\piece104.png is removed
[2020-01-01 17:57:37,633] [INFO] : PictureViewScreen: File:users/0/t_20200101_175706\piece105.png is removed
[2020-01-01 17:57:37,635] [INFO] : PictureViewScreen: File:users/0/t_20200101_175706\piece106.png is removed
[2020-01-01 17:57:37,637] [INFO] : PictureViewScreen: File:users/0/t_20200101_175706\piece107.png is removed
[2020-01-01 17:57:37,638] [INFO] : PictureViewScreen: File:users/0/t_20200101_175706\piece108.png is removed
[2020-01-01 17:57:37,640] [INFO] : PictureViewScreen: File:users/0/t_20200101_175706\piece109.png is removed
[2020-01-01 17:57:37,642] [INFO] : PictureViewScreen: File:users/0/t_20200101_175706\piece11.png is removed
[2020-01-01 17:57:37,643] [INFO] : PictureViewScreen: File:users/0/t_20200101_175706\piece110.png is removed
[2020-01-01 17:57:37,645] [INFO] : PictureViewScreen: File:users/0/t_20200101_175706\piece111.png is removed
[2020-01-01 17:57:37,646] [INFO] : PictureViewScreen: File:users/0/t_20200101_175706\piece112.png is removed
[2020-01-01 17:57:37,648] [INFO] : PictureViewScreen: File:users/0/t_20200101_175706\piece113.png is removed
[2020-01-01 17:57:37,650] [INFO] : PictureViewScreen: File:users/0/t_20200101_175706\piece114.png is removed
[2020-01-01 17:57:37,651] [INFO] : PictureViewScreen: File:users/0/t_20200101_175706\piece115.png is removed
[2020-01-01 17:57:37,655] [INFO] : PictureViewScreen: File:users/0/t_20200101_175706\piece116.png is removed
[2020-01-01 17:57:37,656] [INFO] : PictureViewScreen: File:users/0/t_20200101_175706\piece117.png is removed
[2020-01-01 17:57:37,658] [INFO] : PictureViewScreen: File:users/0/t_20200101_175706\piece118.png is removed
[2020-01-01 17:57:37,660] [INFO] : PictureViewScreen: File:users/0/t_20200101_175706\piece119.png is removed
[2020-01-01 17:57:37,661] [INFO] : PictureViewScreen: File:users/0/t_20200101_175706\piece12.png is removed
[2020-01-01 17:57:37,663] [INFO] : PictureViewScreen: File:users/0/t_20200101_175706\piece120.png is removed
[2020-01-01 17:57:37,665] [INFO] : PictureViewScreen: File:users/0/t_20200101_175706\piece121.png is removed
[2020-01-01 17:57:37,666] [INFO] : PictureViewScreen: File:users/0/t_20200101_175706\piece122.png is removed
[2020-01-01 17:57:37,668] [INFO] : PictureViewScreen: File:users/0/t_20200101_175706\piece123.png is removed
[2020-01-01 17:57:37,669] [INFO] : PictureViewScreen: File:users/0/t_20200101_175706\piece124.png is removed
[2020-01-01 17:57:37,671] [INFO] : PictureViewScreen: File:users/0/t_20200101_175706\piece125.png is removed
[2020-01-01 17:57:37,673] [INFO] : PictureViewScreen: File:users/0/t_20200101_175706\piece126.png is removed
[2020-01-01 17:57:37,674] [INFO] : PictureViewScreen: File:users/0/t_20200101_175706\piece127.png is removed
[2020-01-01 17:57:37,676] [INFO] : PictureViewScreen: File:users/0/t_20200101_175706\piece128.png is removed
[2020-01-01 17:57:37,678] [INFO] : PictureViewScreen: File:users/0/t_20200101_175706\piece129.png is removed
[2020-01-01 17:57:37,679] [INFO] : PictureViewScreen: File:users/0/t_20200101_175706\piece13.png is removed
[2020-01-01 17:57:37,681] [INFO] : PictureViewScreen: File:users/0/t_20200101_175706\piece130.png is removed
[2020-01-01 17:57:37,683] [INFO] : PictureViewScreen: File:users/0/t_20200101_175706\piece131.png is removed
[2020-01-01 17:57:37,684] [INFO] : PictureViewScreen: File:users/0/t_20200101_175706\piece132.png is removed
[2020-01-01 17:57:37,687] [INFO] : PictureViewScreen: File:users/0/t_20200101_175706\piece133.png is removed
[2020-01-01 17:57:37,689] [INFO] : PictureViewScreen: File:users/0/t_20200101_175706\piece134.png is removed
[2020-01-01 17:57:37,691] [INFO] : PictureViewScreen: File:users/0/t_20200101_175706\piece135.png is removed
[2020-01-01 17:57:37,692] [INFO] : PictureViewScreen: File:users/0/t_20200101_175706\piece136.png is removed
[2020-01-01 17:57:37,695] [INFO] : PictureViewScreen: File:users/0/t_20200101_175706\piece137.png is removed
[2020-01-01 17:57:37,696] [INFO] : PictureViewScreen: File:users/0/t_20200101_175706\piece138.png is removed
[2020-01-01 17:57:37,698] [INFO] : PictureViewScreen: File:users/0/t_20200101_175706\piece139.png is removed
[2020-01-01 17:57:37,699] [INFO] : PictureViewScreen: File:users/0/t_20200101_175706\piece14.png is removed
[2020-01-01 17:57:37,701] [INFO] : PictureViewScreen: File:users/0/t_20200101_175706\piece140.png is removed
[2020-01-01 17:57:37,703] [INFO] : PictureViewScreen: File:users/0/t_20200101_175706\piece141.png is removed
[2020-01-01 17:57:37,704] [INFO] : PictureViewScreen: File:users/0/t_20200101_175706\piece142.png is removed
[2020-01-01 17:57:37,706] [INFO] : PictureViewScreen: File:users/0/t_20200101_175706\piece143.png is removed
[2020-01-01 17:57:37,707] [INFO] : PictureViewScreen: File:users/0/t_20200101_175706\piece144.png is removed
[2020-01-01 17:57:37,711] [INFO] : PictureViewScreen: File:users/0/t_20200101_175706\piece145.png is removed
[2020-01-01 17:57:37,712] [INFO] : PictureViewScreen: File:users/0/t_20200101_175706\piece146.png is removed
[2020-01-01 17:57:37,714] [INFO] : PictureViewScreen: File:users/0/t_20200101_175706\piece147.png is removed
[2020-01-01 17:57:37,716] [INFO] : PictureViewScreen: File:users/0/t_20200101_175706\piece148.png is removed
[2020-01-01 17:57:37,719] [INFO] : PictureViewScreen: File:users/0/t_20200101_175706\piece149.png is removed
[2020-01-01 17:57:37,721] [INFO] : PictureViewScreen: File:users/0/t_20200101_175706\piece15.png is removed
[2020-01-01 17:57:37,723] [INFO] : PictureViewScreen: File:users/0/t_20200101_175706\piece150.png is removed
[2020-01-01 17:57:37,724] [INFO] : PictureViewScreen: File:users/0/t_20200101_175706\piece151.png is removed
[2020-01-01 17:57:37,726] [INFO] : PictureViewScreen: File:users/0/t_20200101_175706\piece152.png is removed
[2020-01-01 17:57:37,728] [INFO] : PictureViewScreen: File:users/0/t_20200101_175706\piece153.png is removed
[2020-01-01 17:57:37,730] [INFO] : PictureViewScreen: File:users/0/t_20200101_175706\piece154.png is removed
[2020-01-01 17:57:37,731] [INFO] : PictureViewScreen: File:users/0/t_20200101_175706\piece155.png is removed
[2020-01-01 17:57:37,733] [INFO] : PictureViewScreen: File:users/0/t_20200101_175706\piece156.png is removed
[2020-01-01 17:57:37,734] [INFO] : PictureViewScreen: File:users/0/t_20200101_175706\piece157.png is removed
[2020-01-01 17:57:37,736] [INFO] : PictureViewScreen: File:users/0/t_20200101_175706\piece158.png is removed
[2020-01-01 17:57:37,738] [INFO] : PictureViewScreen: File:users/0/t_20200101_175706\piece16.png is removed
[2020-01-01 17:57:37,739] [INFO] : PictureViewScreen: File:users/0/t_20200101_175706\piece17.png is removed
[2020-01-01 17:57:37,741] [INFO] : PictureViewScreen: File:users/0/t_20200101_175706\piece18.png is removed
[2020-01-01 17:57:37,743] [INFO] : PictureViewScreen: File:users/0/t_20200101_175706\piece19.png is removed
[2020-01-01 17:57:37,745] [INFO] : PictureViewScreen: File:users/0/t_20200101_175706\piece2.png is removed
[2020-01-01 17:57:37,746] [INFO] : PictureViewScreen: File:users/0/t_20200101_175706\piece20.png is removed
[2020-01-01 17:57:37,748] [INFO] : PictureViewScreen: File:users/0/t_20200101_175706\piece21.png is removed
[2020-01-01 17:57:37,752] [INFO] : PictureViewScreen: File:users/0/t_20200101_175706\piece22.png is removed
[2020-01-01 17:57:37,753] [INFO] : PictureViewScreen: File:users/0/t_20200101_175706\piece23.png is removed
[2020-01-01 17:57:37,755] [INFO] : PictureViewScreen: File:users/0/t_20200101_175706\piece24.png is removed
[2020-01-01 17:57:37,757] [INFO] : PictureViewScreen: File:users/0/t_20200101_175706\piece25.png is removed
[2020-01-01 17:57:37,758] [INFO] : PictureViewScreen: File:users/0/t_20200101_175706\piece26.png is removed
[2020-01-01 17:57:37,760] [INFO] : PictureViewScreen: File:users/0/t_20200101_175706\piece27.png is removed
[2020-01-01 17:57:37,762] [INFO] : PictureViewScreen: File:users/0/t_20200101_175706\piece28.png is removed
[2020-01-01 17:57:37,763] [INFO] : PictureViewScreen: File:users/0/t_20200101_175706\piece29.png is removed
[2020-01-01 17:57:37,765] [INFO] : PictureViewScreen: File:users/0/t_20200101_175706\piece3.png is removed
[2020-01-01 17:57:37,766] [INFO] : PictureViewScreen: File:users/0/t_20200101_175706\piece30.png is removed
[2020-01-01 17:57:37,768] [INFO] : PictureViewScreen: File:users/0/t_20200101_175706\piece31.png is removed
[2020-01-01 17:57:37,770] [INFO] : PictureViewScreen: File:users/0/t_20200101_175706\piece32.png is removed
[2020-01-01 17:57:37,771] [INFO] : PictureViewScreen: File:users/0/t_20200101_175706\piece33.png is removed
[2020-01-01 17:57:37,773] [INFO] : PictureViewScreen: File:users/0/t_20200101_175706\piece34.png is removed
[2020-01-01 17:57:37,775] [INFO] : PictureViewScreen: File:users/0/t_20200101_175706\piece35.png is removed
[2020-01-01 17:57:37,777] [INFO] : PictureViewScreen: File:users/0/t_20200101_175706\piece36.png is removed
[2020-01-01 17:57:37,778] [INFO] : PictureViewScreen: File:users/0/t_20200101_175706\piece37.png is removed
[2020-01-01 17:57:37,780] [INFO] : PictureViewScreen: File:users/0/t_20200101_175706\piece38.png is removed
[2020-01-01 17:57:37,783] [INFO] : PictureViewScreen: File:users/0/t_20200101_175706\piece39.png is removed
[2020-01-01 17:57:37,785] [INFO] : PictureViewScreen: File:users/0/t_20200101_175706\piece4.png is removed
[2020-01-01 17:57:37,787] [INFO] : PictureViewScreen: File:users/0/t_20200101_175706\piece40.png is removed
[2020-01-01 17:57:37,788] [INFO] : PictureViewScreen: File:users/0/t_20200101_175706\piece41.png is removed
[2020-01-01 17:57:37,790] [INFO] : PictureViewScreen: File:users/0/t_20200101_175706\piece42.png is removed
[2020-01-01 17:57:37,792] [INFO] : PictureViewScreen: File:users/0/t_20200101_175706\piece43.png is removed
[2020-01-01 17:57:37,794] [INFO] : PictureViewScreen: File:users/0/t_20200101_175706\piece44.png is removed
[2020-01-01 17:57:37,796] [INFO] : PictureViewScreen: File:users/0/t_20200101_175706\piece45.png is removed
[2020-01-01 17:57:37,798] [INFO] : PictureViewScreen: File:users/0/t_20200101_175706\piece46.png is removed
[2020-01-01 17:57:37,800] [INFO] : PictureViewScreen: File:users/0/t_20200101_175706\piece47.png is removed
[2020-01-01 17:57:37,802] [INFO] : PictureViewScreen: File:users/0/t_20200101_175706\piece48.png is removed
[2020-01-01 17:57:37,803] [INFO] : PictureViewScreen: File:users/0/t_20200101_175706\piece49.png is removed
[2020-01-01 17:57:37,805] [INFO] : PictureViewScreen: File:users/0/t_20200101_175706\piece5.png is removed
[2020-01-01 17:57:37,807] [INFO] : PictureViewScreen: File:users/0/t_20200101_175706\piece50.png is removed
[2020-01-01 17:57:37,809] [INFO] : PictureViewScreen: File:users/0/t_20200101_175706\piece51.png is removed
[2020-01-01 17:57:37,811] [INFO] : PictureViewScreen: File:users/0/t_20200101_175706\piece52.png is removed
[2020-01-01 17:57:37,812] [INFO] : PictureViewScreen: File:users/0/t_20200101_175706\piece53.png is removed
[2020-01-01 17:57:37,816] [INFO] : PictureViewScreen: File:users/0/t_20200101_175706\piece54.png is removed
[2020-01-01 17:57:37,817] [INFO] : PictureViewScreen: File:users/0/t_20200101_175706\piece55.png is removed
[2020-01-01 17:57:37,819] [INFO] : PictureViewScreen: File:users/0/t_20200101_175706\piece56.png is removed
[2020-01-01 17:57:37,821] [INFO] : PictureViewScreen: File:users/0/t_20200101_175706\piece57.png is removed
[2020-01-01 17:57:37,822] [INFO] : PictureViewScreen: File:users/0/t_20200101_175706\piece58.png is removed
[2020-01-01 17:57:37,824] [INFO] : PictureViewScreen: File:users/0/t_20200101_175706\piece59.png is removed
[2020-01-01 17:57:37,826] [INFO] : PictureViewScreen: File:users/0/t_20200101_175706\piece6.png is removed
[2020-01-01 17:57:37,828] [INFO] : PictureViewScreen: File:users/0/t_20200101_175706\piece60.png is removed
[2020-01-01 17:57:37,829] [INFO] : PictureViewScreen: File:users/0/t_20200101_175706\piece61.png is removed
[2020-01-01 17:57:37,831] [INFO] : PictureViewScreen: File:users/0/t_20200101_175706\piece62.png is removed
[2020-01-01 17:57:37,833] [INFO] : PictureViewScreen: File:users/0/t_20200101_175706\piece63.png is removed
[2020-01-01 17:57:37,835] [INFO] : PictureViewScreen: File:users/0/t_20200101_175706\piece64.png is removed
[2020-01-01 17:57:37,836] [INFO] : PictureViewScreen: File:users/0/t_20200101_175706\piece65.png is removed
[2020-01-01 17:57:37,838] [INFO] : PictureViewScreen: File:users/0/t_20200101_175706\piece66.png is removed
[2020-01-01 17:57:37,840] [INFO] : PictureViewScreen: File:users/0/t_20200101_175706\piece67.png is removed
[2020-01-01 17:57:37,842] [INFO] : PictureViewScreen: File:users/0/t_20200101_175706\piece68.png is removed
[2020-01-01 17:57:37,843] [INFO] : PictureViewScreen: File:users/0/t_20200101_175706\piece69.png is removed
[2020-01-01 17:57:37,846] [INFO] : PictureViewScreen: File:users/0/t_20200101_175706\piece7.png is removed
[2020-01-01 17:57:37,848] [INFO] : PictureViewScreen: File:users/0/t_20200101_175706\piece70.png is removed
[2020-01-01 17:57:37,850] [INFO] : PictureViewScreen: File:users/0/t_20200101_175706\piece71.png is removed
[2020-01-01 17:57:37,851] [INFO] : PictureViewScreen: File:users/0/t_20200101_175706\piece72.png is removed
[2020-01-01 17:57:37,853] [INFO] : PictureViewScreen: File:users/0/t_20200101_175706\piece73.png is removed
[2020-01-01 17:57:37,855] [INFO] : PictureViewScreen: File:users/0/t_20200101_175706\piece74.png is removed
[2020-01-01 17:57:37,857] [INFO] : PictureViewScreen: File:users/0/t_20200101_175706\piece75.png is removed
[2020-01-01 17:57:37,858] [INFO] : PictureViewScreen: File:users/0/t_20200101_175706\piece76.png is removed
[2020-01-01 17:57:37,860] [INFO] : PictureViewScreen: File:users/0/t_20200101_175706\piece77.png is removed
[2020-01-01 17:57:37,862] [INFO] : PictureViewScreen: File:users/0/t_20200101_175706\piece78.png is removed
[2020-01-01 17:57:37,864] [INFO] : PictureViewScreen: File:users/0/t_20200101_175706\piece79.png is removed
[2020-01-01 17:57:37,865] [INFO] : PictureViewScreen: File:users/0/t_20200101_175706\piece8.png is removed
[2020-01-01 17:57:37,867] [INFO] : PictureViewScreen: File:users/0/t_20200101_175706\piece80.png is removed
[2020-01-01 17:57:37,869] [INFO] : PictureViewScreen: File:users/0/t_20200101_175706\piece81.png is removed
[2020-01-01 17:57:37,870] [INFO] : PictureViewScreen: File:users/0/t_20200101_175706\piece82.png is removed
[2020-01-01 17:57:37,872] [INFO] : PictureViewScreen: File:users/0/t_20200101_175706\piece83.png is removed
[2020-01-01 17:57:37,874] [INFO] : PictureViewScreen: File:users/0/t_20200101_175706\piece84.png is removed
[2020-01-01 17:57:37,875] [INFO] : PictureViewScreen: File:users/0/t_20200101_175706\piece85.png is removed
[2020-01-01 17:57:37,879] [INFO] : PictureViewScreen: File:users/0/t_20200101_175706\piece86.png is removed
[2020-01-01 17:57:37,881] [INFO] : PictureViewScreen: File:users/0/t_20200101_175706\piece87.png is removed
[2020-01-01 17:57:37,882] [INFO] : PictureViewScreen: File:users/0/t_20200101_175706\piece88.png is removed
[2020-01-01 17:57:37,884] [INFO] : PictureViewScreen: File:users/0/t_20200101_175706\piece89.png is removed
[2020-01-01 17:57:37,885] [INFO] : PictureViewScreen: File:users/0/t_20200101_175706\piece9.png is removed
[2020-01-01 17:57:37,887] [INFO] : PictureViewScreen: File:users/0/t_20200101_175706\piece90.png is removed
[2020-01-01 17:57:37,889] [INFO] : PictureViewScreen: File:users/0/t_20200101_175706\piece91.png is removed
[2020-01-01 17:57:37,891] [INFO] : PictureViewScreen: File:users/0/t_20200101_175706\piece92.png is removed
[2020-01-01 17:57:37,892] [INFO] : PictureViewScreen: File:users/0/t_20200101_175706\piece93.png is removed
[2020-01-01 17:57:37,894] [INFO] : PictureViewScreen: File:users/0/t_20200101_175706\piece94.png is removed
[2020-01-01 17:57:37,897] [INFO] : PictureViewScreen: File:users/0/t_20200101_175706\piece95.png is removed
[2020-01-01 17:57:37,898] [INFO] : PictureViewScreen: File:users/0/t_20200101_175706\piece96.png is removed
[2020-01-01 17:57:37,900] [INFO] : PictureViewScreen: File:users/0/t_20200101_175706\piece97.png is removed
[2020-01-01 17:57:37,902] [INFO] : PictureViewScreen: File:users/0/t_20200101_175706\piece98.png is removed
[2020-01-01 17:57:37,903] [INFO] : PictureViewScreen: File:users/0/t_20200101_175706\piece99.png is removed
[2020-01-01 17:57:37,905] [INFO] : PictureViewScreen: File:users/0/t_20200101_175706\PiecesPuzzle.png is removed
[2020-01-01 17:57:37,911] [INFO] : PictureViewScreen: File:users/0/t_20200101_175706\SolutionPuzzle.png is removed
[2020-01-01 17:57:37,913] [INFO] : PictureViewScreen: Folder: users/0/t_20200101_175706 is removed. 
[2020-01-01 17:57:37,913] [DEBUG] : Homeboard:  No-user
[2020-01-01 17:57:37,914] [DEBUG] : Homeboard: labels are configured.
[2020-01-01 17:57:37,976] [DEBUG] : PuzzleSolution: progress_bar.value =35.07821229050282
[2020-01-01 17:57:38,046] [DEBUG] : PuzzleSolution: progress_bar.value =35.63687150837991
[2020-01-01 17:58:13,350] [INFO] : RootScreen: App has started
[2020-01-01 17:58:19,139] [DEBUG] : LanguageScreen: mk language is used
[2020-01-01 17:58:20,855] [DEBUG] : Homeboard:  No-user
[2020-01-01 17:58:20,857] [DEBUG] : Homeboard: labels are configured.
[2020-01-01 17:58:22,007] [DEBUG] : NewPuzzleScreen: labels are configured
[2020-01-01 17:58:23,168] [DEBUG] : NewPuzzleScreen: DIRECTORY_CALLED is changed to FullPuzzle
[2020-01-01 17:58:23,170] [DEBUG] : ChooseFileScreen: labels are configured.
[2020-01-01 17:58:40,258] [INFO] : ChooseFileScreen: file C:\Users\Filip.Dimovski\Documents\Puzzles\Good Puzzles\Farm1\FullPuzzle.png is copied
[2020-01-01 17:58:40,267] [DEBUG] : NewPuzzleScreen: labels are configured
[2020-01-01 17:58:41,117] [DEBUG] : NewPuzzleScreen: DIRECTORY_CALLED is changed to PiecesPuzzle
[2020-01-01 17:58:41,117] [DEBUG] : ChooseFileScreen: labels are configured.
[2020-01-01 17:58:43,232] [INFO] : ChooseFileScreen: file C:\Users\Filip.Dimovski\Documents\Puzzles\Good Puzzles\Farm1\PiecesPuzzle.png is copied
[2020-01-01 17:58:43,233] [DEBUG] : NewPuzzleScreen: labels are configured
[2020-01-01 17:58:46,773] [DEBUG] : PuzzleConnection: check_user_puzzle_rel:False
[2020-01-01 17:58:46,774] [INFO] : NewPuzzleScreen: Folder users/0/te_20200101_175846 is created.
[2020-01-01 17:58:46,777] [INFO] : NewPuzzleScreen: file users/0/te_20200101_175846/FullPuzzle.png is moved
[2020-01-01 17:58:46,779] [INFO] : NewPuzzleScreen: file users/0/te_20200101_175846/PiecesPuzzle.png is moved
[2020-01-01 17:58:46,813] [DEBUG] : PuzzleSolution: progressbar pop is open
[2020-01-01 17:58:46,813] [DEBUG] : PuzzleSolution: initialize
[2020-01-01 17:58:46,813] [DEBUG] : PuzzleSolution: solve_puzzle is called.
[2020-01-01 17:58:46,813] [DEBUG] : PuzzleSolution: solve_puzzle_algorithm is called.
[2020-01-01 17:58:46,831] [DEBUG] : PuzzleConnection: update_puzzle_solution called for Puzzle id:0. Solution Path:users/0/te_20200101_175846//SolutionPuzzle.png
[2020-01-01 17:58:46,832] [INFO] : NewPuzzleScreen: Puzzle is solved.
[2020-01-01 17:58:46,834] [DEBUG] : PictureViewScreen: labels are configured
[2020-01-01 17:58:46,846] [INFO] : PuzzleSolution: Number of Contours found = 4
[2020-01-01 17:58:46,886] [DEBUG] : PuzzleSolution:  part puzzle users/0/te_20200101_175846/piece1.png is created
[2020-01-01 17:58:46,886] [DEBUG] : PuzzleSolution:  future_matches is called.
[2020-01-01 17:58:47,047] [DEBUG] : PuzzleSolution:  future_matches match found at: 134.18741302490236 : 182.47349548339844
[2020-01-01 17:58:47,084] [DEBUG] : PuzzleSolution:  part puzzle users/0/te_20200101_175846/piece2.png is created
[2020-01-01 17:58:47,085] [DEBUG] : PuzzleSolution:  future_matches is called.
[2020-01-01 17:58:47,233] [DEBUG] : PuzzleSolution:  future_matches match found at: 329.6709259033203 : 172.75797119140626
[2020-01-01 17:58:47,273] [DEBUG] : PuzzleSolution:  part puzzle users/0/te_20200101_175846/piece3.png is created
[2020-01-01 17:58:47,273] [DEBUG] : PuzzleSolution:  future_matches is called.
[2020-01-01 17:58:47,432] [DEBUG] : PuzzleSolution:  future_matches match found at: 432.31327730066636 : 162.5999226289637
[2020-01-01 17:58:47,872] [DEBUG] : PuzzleSolution: progress_bar.value =26.0
[2020-01-01 17:58:47,969] [DEBUG] : PuzzleSolution: progress_bar.value =51.0
[2020-01-01 17:58:48,409] [DEBUG] : PictureViewScreen: solution_puzzle_on_click is called for puzzle: users/0/te_20200101_175846/SolutionPuzzle.png 
[2020-01-01 17:58:48,434] [INFO] : PictureScreen: called for picture:users/0/te_20200101_175846/SolutionPuzzle.png
[2020-01-01 17:58:48,871] [DEBUG] : PuzzleSolution: progress_bar.value =76.0
[2020-01-01 17:58:48,971] [DEBUG] : PuzzleSolution: progress_bar.value =100.0
