[2019-11-08 13:54:57,768] [INFO] : RootScreen: App has started
[2019-11-08 13:55:10,828] [DEBUG] : LanguageScreen: mk language is used
[2019-11-08 13:55:15,868] [DEBUG] : Homeboard:  No-user
[2019-11-08 13:55:15,868] [DEBUG] : Homeboard: labels are configured.
[2019-11-08 13:55:22,596] [INFO] : Homeboard: User has signed out
[2019-11-08 13:55:23,409] [DEBUG] : SignInScreen: labels are configured
[2019-11-08 13:55:33,955] [DEBUG] : Homeboard: labels are configured.
[2019-11-08 13:55:33,955] [INFO] : SignInScreen: User test@demo.com is successfully signed in
[2019-11-08 13:55:36,186] [DEBUG] : PuzzleConnection: fetch_all_puzzles called
[2019-11-08 13:55:36,187] [DEBUG] : MyPuzzleScreen: puzzles are loaded
[2019-11-08 13:55:38,535] [DEBUG] : Homeboard: labels are configured.
[2019-11-08 13:55:39,511] [DEBUG] : ManageUserScreen: labels are configured
[2019-11-08 13:55:40,718] [DEBUG] : ChangePasswordScreen: labels are configured
[2019-11-08 13:55:42,232] [DEBUG] : ManageUserScreen: labels are configured
[2019-11-08 13:55:43,682] [DEBUG] : ManageUserScreen: delete user popup
[2019-11-08 13:55:45,291] [DEBUG] : Homeboard: labels are configured.
[2019-11-08 13:55:46,953] [DEBUG] : NewPuzzleScreen: labels are configured
[2019-11-08 13:56:22,914] [DEBUG] : NewPuzzleScreen: DIRECTORY_CALLED is changed to FullPuzzle
[2019-11-08 13:56:22,916] [DEBUG] : ChooseFileScreen: labels are configured.
[2019-11-08 13:56:37,831] [INFO] : ChooseFileScreen: file C:\Users\Filip.Dimovski\Desktop\FullPuzzle.png is copied
[2019-11-08 13:56:37,844] [DEBUG] : NewPuzzleScreen: labels are configured
[2019-11-08 13:56:40,869] [DEBUG] : NewPuzzleScreen: DIRECTORY_CALLED is changed to PiecesPuzzle
[2019-11-08 13:56:40,870] [DEBUG] : ChooseFileScreen: labels are configured.
[2019-11-08 13:56:44,346] [INFO] : ChooseFileScreen: file C:\Users\Filip.Dimovski\Desktop\PiecesPuzzle.png is copied
[2019-11-08 13:56:44,347] [DEBUG] : NewPuzzleScreen: labels are configured
[2019-11-08 13:56:46,184] [DEBUG] : PuzzleConnection: check_user_puzzle_rel:True
[2019-11-08 13:56:52,571] [DEBUG] : PuzzleConnection: check_user_puzzle_rel:False
[2019-11-08 13:56:52,572] [INFO] : NewPuzzleScreen: Folder users/39/test2_20191108_135652 is created.
[2019-11-08 13:56:52,575] [INFO] : NewPuzzleScreen: file users/39/test2_20191108_135652/FullPuzzle.png is moved
[2019-11-08 13:56:52,577] [INFO] : NewPuzzleScreen: file users/39/test2_20191108_135652/PiecesPuzzle.png is moved
[2019-11-08 13:56:52,664] [INFO] : PuzzleConnection: puzzle: test2 for user id: 39 is created
[2019-11-08 13:56:52,702] [DEBUG] : PuzzleConnection: get_puzzle_id: puzzle_name: test2, user_id: 39, result =109
[2019-11-08 13:56:52,714] [INFO] : PuzzleConnection: puzzle: test2 - user id: 39 relation is created
[2019-11-08 13:56:52,731] [DEBUG] : PuzzleConnection: get_puzzle_id: puzzle_name: test2, user_id: 39, result =109
[2019-11-08 13:56:52,750] [DEBUG] : PuzzleConnection: get_puzzle_folder_path called for Puzzle id:109. Full Path:users/39/test2_20191108_135652/FullPuzzle.png
[2019-11-08 13:56:52,754] [DEBUG] : PuzzleSolution: progressbar pop is open
[2019-11-08 13:56:52,754] [DEBUG] : PuzzleSolution: initialize
[2019-11-08 13:56:52,754] [DEBUG] : PuzzleSolution: solve_puzzle is called.
[2019-11-08 13:56:52,754] [DEBUG] : PuzzleSolution: solve_puzzle_algorithm is called.
[2019-11-08 13:56:52,786] [DEBUG] : PuzzleConnection: update_puzzle_solution called for Puzzle id:109. Solution Path:users/39/test2_20191108_135652//SolutionPuzzle.png
[2019-11-08 13:56:52,786] [INFO] : NewPuzzleScreen: Puzzle is solved.
[2019-11-08 13:56:52,788] [DEBUG] : PictureViewScreen: labels are configured
[2019-11-08 13:56:52,970] [INFO] : PuzzleSolution: Number of Contours found = 38
[2019-11-08 13:56:53,018] [DEBUG] : PuzzleSolution:  part puzzle users/39/test2_20191108_135652/piece1.png is created
[2019-11-08 13:56:53,018] [DEBUG] : PuzzleSolution:  future_matches is called.
[2019-11-08 13:56:53,482] [DEBUG] : PuzzleSolution:  part puzzle users/39/test2_20191108_135652/piece2.png is created
[2019-11-08 13:56:53,482] [DEBUG] : PuzzleSolution:  future_matches is called.
[2019-11-08 13:56:53,838] [DEBUG] : PuzzleSolution:  part puzzle users/39/test2_20191108_135652/piece3.png is created
[2019-11-08 13:56:53,839] [DEBUG] : PuzzleSolution:  future_matches is called.
[2019-11-08 13:56:53,915] [DEBUG] : PuzzleSolution: progress_bar.value =3.6315789473684212
[2019-11-08 13:56:53,985] [DEBUG] : PuzzleSolution: progress_bar.value =6.2631578947368425
[2019-11-08 13:56:54,201] [DEBUG] : PuzzleSolution:  part puzzle users/39/test2_20191108_135652/piece4.png is created
[2019-11-08 13:56:54,201] [DEBUG] : PuzzleSolution:  future_matches is called.
[2019-11-08 13:56:54,550] [DEBUG] : PuzzleSolution:  part puzzle users/39/test2_20191108_135652/piece5.png is created
[2019-11-08 13:56:54,550] [DEBUG] : PuzzleSolution:  future_matches is called.
[2019-11-08 13:56:54,898] [DEBUG] : PuzzleSolution:  part puzzle users/39/test2_20191108_135652/piece6.png is created
[2019-11-08 13:56:54,899] [DEBUG] : PuzzleSolution:  future_matches is called.
[2019-11-08 13:56:54,916] [DEBUG] : PuzzleSolution: progress_bar.value =8.894736842105264
[2019-11-08 13:56:54,984] [DEBUG] : PuzzleSolution: progress_bar.value =11.526315789473685
[2019-11-08 13:56:55,274] [DEBUG] : PuzzleSolution:  part puzzle users/39/test2_20191108_135652/piece7.png is created
[2019-11-08 13:56:55,274] [DEBUG] : PuzzleSolution:  future_matches is called.
[2019-11-08 13:56:55,635] [DEBUG] : PuzzleSolution:  future_matches not match found
[2019-11-08 13:56:55,641] [DEBUG] : PuzzleSolution:  part puzzle users/39/test2_20191108_135652/piece8.png is created
[2019-11-08 13:56:55,641] [DEBUG] : PuzzleSolution:  future_matches is called.
[2019-11-08 13:56:55,943] [DEBUG] : PuzzleSolution: progress_bar.value =14.157894736842106
[2019-11-08 13:56:56,008] [DEBUG] : PuzzleSolution: progress_bar.value =16.789473684210527
[2019-11-08 13:56:56,017] [DEBUG] : PuzzleSolution:  future_matches match found at: (708, 415)
[2019-11-08 13:56:56,045] [DEBUG] : PuzzleSolution:  part puzzle users/39/test2_20191108_135652/piece9.png is created
[2019-11-08 13:56:56,046] [DEBUG] : PuzzleSolution:  future_matches is called.
[2019-11-08 13:56:56,383] [DEBUG] : PuzzleSolution:  part puzzle users/39/test2_20191108_135652/piece10.png is created
[2019-11-08 13:56:56,383] [DEBUG] : PuzzleSolution:  future_matches is called.
[2019-11-08 13:56:56,768] [DEBUG] : PuzzleSolution:  future_matches match found at: (718, 396)
[2019-11-08 13:56:56,798] [DEBUG] : PuzzleSolution:  part puzzle users/39/test2_20191108_135652/piece11.png is created
[2019-11-08 13:56:56,798] [DEBUG] : PuzzleSolution:  future_matches is called.
[2019-11-08 13:56:56,919] [DEBUG] : PuzzleSolution: progress_bar.value =19.42105263157895
[2019-11-08 13:56:56,992] [DEBUG] : PuzzleSolution: progress_bar.value =22.05263157894737
[2019-11-08 13:56:57,198] [DEBUG] : PuzzleSolution:  future_matches match found at: (642, 504)
[2019-11-08 13:56:57,225] [DEBUG] : PuzzleSolution:  part puzzle users/39/test2_20191108_135652/piece12.png is created
[2019-11-08 13:56:57,225] [DEBUG] : PuzzleSolution:  future_matches is called.
[2019-11-08 13:56:57,623] [DEBUG] : PuzzleSolution:  future_matches match found at: (603, 333)
[2019-11-08 13:56:57,652] [DEBUG] : PuzzleSolution:  part puzzle users/39/test2_20191108_135652/piece13.png is created
[2019-11-08 13:56:57,652] [DEBUG] : PuzzleSolution:  future_matches is called.
[2019-11-08 13:56:57,919] [DEBUG] : PuzzleSolution: progress_bar.value =24.68421052631579
[2019-11-08 13:56:57,998] [DEBUG] : PuzzleSolution: progress_bar.value =27.315789473684212
[2019-11-08 13:56:58,017] [DEBUG] : PuzzleSolution:  part puzzle users/39/test2_20191108_135652/piece14.png is created
[2019-11-08 13:56:58,017] [DEBUG] : PuzzleSolution:  future_matches is called.
[2019-11-08 13:56:58,366] [DEBUG] : PuzzleSolution:  part puzzle users/39/test2_20191108_135652/piece15.png is created
[2019-11-08 13:56:58,366] [DEBUG] : PuzzleSolution:  future_matches is called.
[2019-11-08 13:56:58,800] [DEBUG] : PuzzleSolution:  future_matches match found at: (453, 372)
[2019-11-08 13:56:58,827] [DEBUG] : PuzzleSolution:  part puzzle users/39/test2_20191108_135652/piece16.png is created
[2019-11-08 13:56:58,828] [DEBUG] : PuzzleSolution:  future_matches is called.
[2019-11-08 13:56:58,923] [DEBUG] : PuzzleSolution: progress_bar.value =29.947368421052634
[2019-11-08 13:56:58,996] [DEBUG] : PuzzleSolution: progress_bar.value =32.578947368421055
[2019-11-08 13:56:59,211] [DEBUG] : PuzzleSolution:  future_matches match found at: (684, 125)
[2019-11-08 13:56:59,239] [DEBUG] : PuzzleSolution:  part puzzle users/39/test2_20191108_135652/piece17.png is created
[2019-11-08 13:56:59,240] [DEBUG] : PuzzleSolution:  future_matches is called.
[2019-11-08 13:56:59,610] [DEBUG] : PuzzleSolution:  future_matches match found at: (513, 501)
[2019-11-08 13:56:59,638] [DEBUG] : PuzzleSolution:  part puzzle users/39/test2_20191108_135652/piece18.png is created
[2019-11-08 13:56:59,639] [DEBUG] : PuzzleSolution:  future_matches is called.
[2019-11-08 13:56:59,925] [DEBUG] : PuzzleSolution: progress_bar.value =35.21052631578948
[2019-11-08 13:56:59,997] [DEBUG] : PuzzleSolution: progress_bar.value =37.842105263157904
[2019-11-08 13:57:00,030] [DEBUG] : PuzzleSolution:  future_matches match found at: (556, 259)
[2019-11-08 13:57:00,062] [DEBUG] : PuzzleSolution:  part puzzle users/39/test2_20191108_135652/piece19.png is created
[2019-11-08 13:57:00,062] [DEBUG] : PuzzleSolution:  future_matches is called.
[2019-11-08 13:57:00,436] [DEBUG] : PuzzleSolution:  future_matches match found at: (966, 279)
[2019-11-08 13:57:00,466] [DEBUG] : PuzzleSolution:  part puzzle users/39/test2_20191108_135652/piece20.png is created
[2019-11-08 13:57:00,466] [DEBUG] : PuzzleSolution:  future_matches is called.
[2019-11-08 13:57:00,915] [DEBUG] : PuzzleSolution:  future_matches match found at: (301, 319)
[2019-11-08 13:57:00,929] [DEBUG] : PuzzleSolution: progress_bar.value =40.47368421052633
[2019-11-08 13:57:00,945] [DEBUG] : PuzzleSolution:  part puzzle users/39/test2_20191108_135652/piece21.png is created
[2019-11-08 13:57:00,945] [DEBUG] : PuzzleSolution:  future_matches is called.
[2019-11-08 13:57:01,005] [DEBUG] : PuzzleSolution: progress_bar.value =43.105263157894754
[2019-11-08 13:57:01,316] [DEBUG] : PuzzleSolution:  future_matches match found at: (429, 200)
[2019-11-08 13:57:01,342] [DEBUG] : PuzzleSolution:  part puzzle users/39/test2_20191108_135652/piece22.png is created
[2019-11-08 13:57:01,342] [DEBUG] : PuzzleSolution:  future_matches is called.
[2019-11-08 13:57:01,684] [DEBUG] : PuzzleSolution:  future_matches not match found
[2019-11-08 13:57:01,694] [DEBUG] : PuzzleSolution:  part puzzle users/39/test2_20191108_135652/piece23.png is created
[2019-11-08 13:57:01,694] [DEBUG] : PuzzleSolution:  future_matches is called.
[2019-11-08 13:57:01,926] [DEBUG] : PuzzleSolution: progress_bar.value =45.73684210526318
[2019-11-08 13:57:01,999] [DEBUG] : PuzzleSolution: progress_bar.value =48.368421052631604
[2019-11-08 13:57:02,107] [DEBUG] : PuzzleSolution:  future_matches match found at: (668, 393)
[2019-11-08 13:57:02,130] [DEBUG] : PuzzleSolution:  part puzzle users/39/test2_20191108_135652/piece24.png is created
[2019-11-08 13:57:02,130] [DEBUG] : PuzzleSolution:  future_matches is called.
[2019-11-08 13:57:02,468] [DEBUG] : PuzzleSolution:  part puzzle users/39/test2_20191108_135652/piece25.png is created
[2019-11-08 13:57:02,468] [DEBUG] : PuzzleSolution:  future_matches is called.
[2019-11-08 13:57:02,827] [DEBUG] : PuzzleSolution:  future_matches not match found
[2019-11-08 13:57:02,834] [DEBUG] : PuzzleSolution:  part puzzle users/39/test2_20191108_135652/piece26.png is created
[2019-11-08 13:57:02,835] [DEBUG] : PuzzleSolution:  future_matches is called.
[2019-11-08 13:57:02,928] [DEBUG] : PuzzleSolution: progress_bar.value =51.00000000000003
[2019-11-08 13:57:03,001] [DEBUG] : PuzzleSolution: progress_bar.value =53.63157894736845
[2019-11-08 13:57:03,201] [DEBUG] : PuzzleSolution:  part puzzle users/39/test2_20191108_135652/piece27.png is created
[2019-11-08 13:57:03,201] [DEBUG] : PuzzleSolution:  future_matches is called.
[2019-11-08 13:57:03,557] [DEBUG] : PuzzleSolution:  future_matches not match found
[2019-11-08 13:57:03,564] [DEBUG] : PuzzleSolution:  part puzzle users/39/test2_20191108_135652/piece28.png is created
[2019-11-08 13:57:03,565] [DEBUG] : PuzzleSolution:  future_matches is called.
[2019-11-08 13:57:03,914] [DEBUG] : PuzzleSolution:  part puzzle users/39/test2_20191108_135652/piece29.png is created
[2019-11-08 13:57:03,914] [DEBUG] : PuzzleSolution:  future_matches is called.
[2019-11-08 13:57:03,935] [DEBUG] : PuzzleSolution: progress_bar.value =56.26315789473688
[2019-11-08 13:57:03,998] [DEBUG] : PuzzleSolution: progress_bar.value =58.8947368421053
[2019-11-08 13:57:04,286] [DEBUG] : PuzzleSolution:  future_matches match found at: (623, 363)
[2019-11-08 13:57:04,316] [DEBUG] : PuzzleSolution:  part puzzle users/39/test2_20191108_135652/piece30.png is created
[2019-11-08 13:57:04,316] [DEBUG] : PuzzleSolution:  future_matches is called.
[2019-11-08 13:57:04,742] [DEBUG] : PuzzleSolution:  future_matches match found at: (623, 336)
[2019-11-08 13:57:04,767] [DEBUG] : PuzzleSolution:  part puzzle users/39/test2_20191108_135652/piece31.png is created
[2019-11-08 13:57:04,768] [DEBUG] : PuzzleSolution:  future_matches is called.
[2019-11-08 13:57:04,936] [DEBUG] : PuzzleSolution: progress_bar.value =61.52631578947373
[2019-11-08 13:57:04,998] [DEBUG] : PuzzleSolution: progress_bar.value =64.15789473684215
[2019-11-08 13:57:05,195] [DEBUG] : PuzzleSolution:  future_matches match found at: (883, 243)
[2019-11-08 13:57:05,225] [DEBUG] : PuzzleSolution:  part puzzle users/39/test2_20191108_135652/piece32.png is created
[2019-11-08 13:57:05,225] [DEBUG] : PuzzleSolution:  future_matches is called.
[2019-11-08 13:57:05,574] [DEBUG] : PuzzleSolution:  future_matches not match found
[2019-11-08 13:57:05,583] [DEBUG] : PuzzleSolution:  part puzzle users/39/test2_20191108_135652/piece33.png is created
[2019-11-08 13:57:05,583] [DEBUG] : PuzzleSolution:  future_matches is called.
[2019-11-08 13:57:05,943] [DEBUG] : PuzzleSolution: progress_bar.value =66.78947368421058
[2019-11-08 13:57:05,979] [DEBUG] : PuzzleSolution:  future_matches match found at: (915, 320)
[2019-11-08 13:57:06,006] [DEBUG] : PuzzleSolution: progress_bar.value =69.421052631579
[2019-11-08 13:57:06,007] [DEBUG] : PuzzleSolution:  part puzzle users/39/test2_20191108_135652/piece34.png is created
[2019-11-08 13:57:06,008] [DEBUG] : PuzzleSolution:  future_matches is called.
[2019-11-08 13:57:06,393] [DEBUG] : PuzzleSolution:  future_matches match found at: (924, 650)
[2019-11-08 13:57:06,420] [DEBUG] : PuzzleSolution:  part puzzle users/39/test2_20191108_135652/piece35.png is created
[2019-11-08 13:57:06,420] [DEBUG] : PuzzleSolution:  future_matches is called.
[2019-11-08 13:57:06,779] [DEBUG] : PuzzleSolution:  future_matches match found at: (575, 444)
[2019-11-08 13:57:06,807] [DEBUG] : PuzzleSolution:  part puzzle users/39/test2_20191108_135652/piece36.png is created
[2019-11-08 13:57:06,807] [DEBUG] : PuzzleSolution:  future_matches is called.
[2019-11-08 13:57:06,938] [DEBUG] : PuzzleSolution: progress_bar.value =72.05263157894743
[2019-11-08 13:57:07,009] [DEBUG] : PuzzleSolution: progress_bar.value =74.68421052631585
[2019-11-08 13:57:07,229] [DEBUG] : PuzzleSolution:  future_matches match found at: (974, 502)
[2019-11-08 13:57:07,255] [DEBUG] : PuzzleSolution:  part puzzle users/39/test2_20191108_135652/piece37.png is created
[2019-11-08 13:57:07,256] [DEBUG] : PuzzleSolution:  future_matches is called.
[2019-11-08 13:57:07,613] [DEBUG] : PuzzleSolution:  future_matches match found at: (728, 385)
[2019-11-08 13:57:07,641] [DEBUG] : PuzzleSolution:  part puzzle users/39/test2_20191108_135652/piece38.png is created
[2019-11-08 13:57:07,641] [DEBUG] : PuzzleSolution:  future_matches is called.
[2019-11-08 13:57:07,945] [DEBUG] : PuzzleSolution: progress_bar.value =77.31578947368428
[2019-11-08 13:57:08,006] [DEBUG] : PuzzleSolution: progress_bar.value =79.9473684210527
[2019-11-08 13:57:08,028] [DEBUG] : PuzzleSolution:  future_matches not match found
[2019-11-08 13:57:08,951] [DEBUG] : PuzzleSolution: progress_bar.value =82.57894736842113
[2019-11-08 13:57:09,012] [DEBUG] : PuzzleSolution: progress_bar.value =85.21052631578955
[2019-11-08 13:57:09,957] [DEBUG] : PuzzleSolution: progress_bar.value =87.84210526315798
[2019-11-08 13:57:10,006] [DEBUG] : PuzzleSolution: progress_bar.value =90.4736842105264
[2019-11-08 13:57:10,735] [DEBUG] : PuzzleConnection: get_puzzle_full_path called for Puzzle id:109. Full Path:users/39/test2_20191108_135652/FullPuzzle.png
[2019-11-08 13:57:10,735] [DEBUG] : PictureViewScreen: full_puzzle_on_click is called for puzzle: users/39/test2_20191108_135652/FullPuzzle.png 
[2019-11-08 13:57:10,759] [INFO] : PictureScreen: called for picture:users/39/test2_20191108_135652/FullPuzzle.png
[2019-11-08 13:57:10,961] [DEBUG] : PuzzleSolution: progress_bar.value =93.10526315789483
[2019-11-08 13:57:11,010] [DEBUG] : PuzzleSolution: progress_bar.value =95.73684210526325
[2019-11-08 13:57:11,962] [DEBUG] : PuzzleSolution: progress_bar.value =98.36842105263167
[2019-11-08 13:57:12,014] [DEBUG] : PuzzleSolution: progress_bar.value =100.0
[2019-11-08 13:57:13,943] [DEBUG] : PictureViewScreen: labels are configured
[2019-11-08 13:57:15,000] [DEBUG] : PuzzleConnection: get_puzzle_pieces_path called for Puzzle id:109. Pieces Path:users/39/test2_20191108_135652/PiecesPuzzle.png
[2019-11-08 13:57:15,000] [DEBUG] : PictureViewScreen: pieces_puzzle_on_click is called for puzzle: users/39/test2_20191108_135652/PiecesPuzzle.png 
[2019-11-08 13:57:15,091] [INFO] : PictureScreen: called for picture:users/39/test2_20191108_135652/PiecesPuzzle.png
[2019-11-08 13:57:16,711] [DEBUG] : PictureViewScreen: labels are configured
[2019-11-08 13:57:17,636] [DEBUG] : PuzzleConnection: get_puzzle_solution_path called for Puzzle id:109. Solution Path:users/39/test2_20191108_135652//SolutionPuzzle.png
[2019-11-08 13:57:17,637] [DEBUG] : PictureViewScreen: solution_puzzle_on_click is called for puzzle: users/39/test2_20191108_135652//SolutionPuzzle.png 
[2019-11-08 13:57:17,667] [INFO] : PictureScreen: called for picture:users/39/test2_20191108_135652//SolutionPuzzle.png
[2019-11-08 13:57:45,702] [DEBUG] : PictureViewScreen: labels are configured
[2019-11-08 13:57:47,054] [DEBUG] : PictureViewScreen: btn_goback is clicked
[2019-11-08 13:57:47,086] [DEBUG] : PuzzleConnection: fetch_all_puzzles called
[2019-11-08 13:57:47,086] [DEBUG] : MyPuzzleScreen: puzzles are loaded
[2019-11-08 13:57:49,873] [DEBUG] : PuzzleConnection: get_puzzle_id: puzzle_name: test2, user_id: 39, result =109
[2019-11-08 13:57:49,873] [DEBUG] : PictureViewScreen: labels are configured
[2019-11-08 13:57:50,903] [DEBUG] : PictureViewScreen: delete puzzle popup
[2019-11-08 13:57:51,614] [INFO] : PictureViewScreen: delete puzzle is called
[2019-11-08 13:57:51,649] [DEBUG] : PuzzleConnection: get_puzzle_folder_path called for Puzzle id:109. Full Path:users/39/test2_20191108_135652/FullPuzzle.png
[2019-11-08 13:57:51,684] [INFO] : PuzzleConnection delete_user_puzzle_rel called for puzzle_id: 109.
[2019-11-08 13:57:51,710] [INFO] : PuzzleConnection delete_puzzle_info called for puzzle_id: 109.
[2019-11-08 13:57:51,713] [INFO] : PictureViewScreen: file users/39/test2_20191108_135652\FullPuzzle.png is removed.
[2019-11-08 13:57:51,714] [INFO] : PictureViewScreen: file users/39/test2_20191108_135652\piece1.png is removed.
[2019-11-08 13:57:51,716] [INFO] : PictureViewScreen: file users/39/test2_20191108_135652\piece10.png is removed.
[2019-11-08 13:57:51,718] [INFO] : PictureViewScreen: file users/39/test2_20191108_135652\piece11.png is removed.
[2019-11-08 13:57:51,719] [INFO] : PictureViewScreen: file users/39/test2_20191108_135652\piece12.png is removed.
[2019-11-08 13:57:51,721] [INFO] : PictureViewScreen: file users/39/test2_20191108_135652\piece13.png is removed.
[2019-11-08 13:57:51,723] [INFO] : PictureViewScreen: file users/39/test2_20191108_135652\piece14.png is removed.
[2019-11-08 13:57:51,725] [INFO] : PictureViewScreen: file users/39/test2_20191108_135652\piece15.png is removed.
[2019-11-08 13:57:51,726] [INFO] : PictureViewScreen: file users/39/test2_20191108_135652\piece16.png is removed.
[2019-11-08 13:57:51,728] [INFO] : PictureViewScreen: file users/39/test2_20191108_135652\piece17.png is removed.
[2019-11-08 13:57:51,730] [INFO] : PictureViewScreen: file users/39/test2_20191108_135652\piece18.png is removed.
[2019-11-08 13:57:51,733] [INFO] : PictureViewScreen: file users/39/test2_20191108_135652\piece19.png is removed.
[2019-11-08 13:57:51,735] [INFO] : PictureViewScreen: file users/39/test2_20191108_135652\piece2.png is removed.
[2019-11-08 13:57:51,736] [INFO] : PictureViewScreen: file users/39/test2_20191108_135652\piece20.png is removed.
[2019-11-08 13:57:51,738] [INFO] : PictureViewScreen: file users/39/test2_20191108_135652\piece21.png is removed.
[2019-11-08 13:57:51,740] [INFO] : PictureViewScreen: file users/39/test2_20191108_135652\piece22.png is removed.
[2019-11-08 13:57:51,742] [INFO] : PictureViewScreen: file users/39/test2_20191108_135652\piece23.png is removed.
[2019-11-08 13:57:51,744] [INFO] : PictureViewScreen: file users/39/test2_20191108_135652\piece24.png is removed.
[2019-11-08 13:57:51,746] [INFO] : PictureViewScreen: file users/39/test2_20191108_135652\piece25.png is removed.
[2019-11-08 13:57:51,747] [INFO] : PictureViewScreen: file users/39/test2_20191108_135652\piece26.png is removed.
[2019-11-08 13:57:51,749] [INFO] : PictureViewScreen: file users/39/test2_20191108_135652\piece27.png is removed.
[2019-11-08 13:57:51,750] [INFO] : PictureViewScreen: file users/39/test2_20191108_135652\piece28.png is removed.
[2019-11-08 13:57:51,752] [INFO] : PictureViewScreen: file users/39/test2_20191108_135652\piece29.png is removed.
[2019-11-08 13:57:51,754] [INFO] : PictureViewScreen: file users/39/test2_20191108_135652\piece3.png is removed.
[2019-11-08 13:57:51,755] [INFO] : PictureViewScreen: file users/39/test2_20191108_135652\piece30.png is removed.
[2019-11-08 13:57:51,757] [INFO] : PictureViewScreen: file users/39/test2_20191108_135652\piece31.png is removed.
[2019-11-08 13:57:51,759] [INFO] : PictureViewScreen: file users/39/test2_20191108_135652\piece32.png is removed.
[2019-11-08 13:57:51,761] [INFO] : PictureViewScreen: file users/39/test2_20191108_135652\piece33.png is removed.
[2019-11-08 13:57:51,765] [INFO] : PictureViewScreen: file users/39/test2_20191108_135652\piece34.png is removed.
[2019-11-08 13:57:51,767] [INFO] : PictureViewScreen: file users/39/test2_20191108_135652\piece35.png is removed.
[2019-11-08 13:57:51,768] [INFO] : PictureViewScreen: file users/39/test2_20191108_135652\piece36.png is removed.
[2019-11-08 13:57:51,770] [INFO] : PictureViewScreen: file users/39/test2_20191108_135652\piece37.png is removed.
[2019-11-08 13:57:51,771] [INFO] : PictureViewScreen: file users/39/test2_20191108_135652\piece38.png is removed.
[2019-11-08 13:57:51,773] [INFO] : PictureViewScreen: file users/39/test2_20191108_135652\piece4.png is removed.
[2019-11-08 13:57:51,775] [INFO] : PictureViewScreen: file users/39/test2_20191108_135652\piece5.png is removed.
[2019-11-08 13:57:51,777] [INFO] : PictureViewScreen: file users/39/test2_20191108_135652\piece6.png is removed.
[2019-11-08 13:57:51,778] [INFO] : PictureViewScreen: file users/39/test2_20191108_135652\piece7.png is removed.
[2019-11-08 13:57:51,780] [INFO] : PictureViewScreen: file users/39/test2_20191108_135652\piece8.png is removed.
[2019-11-08 13:57:51,782] [INFO] : PictureViewScreen: file users/39/test2_20191108_135652\piece9.png is removed.
[2019-11-08 13:57:51,783] [INFO] : PictureViewScreen: file users/39/test2_20191108_135652\PiecesPuzzle.png is removed.
[2019-11-08 13:57:51,785] [INFO] : PictureViewScreen: file users/39/test2_20191108_135652\SolutionPuzzle.png is removed.
[2019-11-08 13:57:51,817] [DEBUG] : PuzzleConnection: fetch_all_puzzles called
[2019-11-08 13:57:51,817] [DEBUG] : MyPuzzleScreen: puzzles are loaded
[2019-11-08 13:57:55,813] [DEBUG] : Homeboard: labels are configured.
[2019-11-08 13:57:57,687] [INFO] : Homeboard: User has signed out
