[2019-12-09 12:31:21,830] [INFO] : RootScreen: App has started
[2019-12-09 12:31:48,531] [DEBUG] : LanguageScreen: mk language is used
[2019-12-09 12:31:51,826] [DEBUG] : SignInScreen: labels are configured
[2019-12-09 12:31:54,001] [WARNING] : SignInScreen: wrong e-mail format
[2019-12-09 12:31:58,841] [WARNING] : SignInScreen: wrong e-mail format
[2019-12-09 12:32:03,389] [WARNING] : SignInScreen: wrong e-mail format
[2019-12-09 12:32:09,488] [WARNING] : SignInScreen: wrong e-mail format
[2019-12-09 12:32:16,772] [WARNING] : SignInScreen: wrong e-mail format
[2019-12-09 12:32:56,287] [INFO] : RootScreen: App has started
[2019-12-09 12:33:01,982] [DEBUG] : LanguageScreen: mk language is used
[2019-12-09 12:33:03,890] [DEBUG] : SignInScreen: labels are configured
[2019-12-09 12:33:06,473] [WARNING] : SignInScreen: wrong e-mail format
[2019-12-09 12:33:12,121] [WARNING] : SignInScreen: wrong e-mail format
[2019-12-09 12:33:16,695] [WARNING] : SignInScreen: wrong password format
[2019-12-09 12:33:20,590] [WARNING] : SignInScreen: wrong password format
[2019-12-09 12:33:34,401] [DEBUG] : SignUpScreen: labels are configured.
[2019-12-09 12:33:35,606] [DEBUG] : SignUpScreen: wrong e-mail format.
[2019-12-09 12:33:39,282] [DEBUG] : SignUpScreen: wrong e-mail format.
[2019-12-09 12:33:46,980] [DEBUG] : SignUpScreen: wrong e-mail format.
[2019-12-09 12:33:51,198] [DEBUG] : SignUpScreen: wrong password format.
[2019-12-09 12:33:56,078] [DEBUG] : SignUpScreen: wrong password format.
[2019-12-09 12:34:00,793] [DEBUG] : SignUpScreen: passwords do not match.
[2019-12-09 12:34:07,329] [DEBUG] : SignUpScreen: passwords do not match.
[2019-12-09 12:34:10,493] [DEBUG] : Homeboard: labels are configured.
[2019-12-09 12:34:10,494] [INFO] : SignUpScreen: User: demo@test.com is created.
[2019-12-09 12:34:13,667] [DEBUG] : ManageUserScreen: labels are configured
[2019-12-09 12:34:15,588] [DEBUG] : ChangePasswordScreen: labels are configured
[2019-12-09 12:34:16,821] [WARNING] : ChangePasswordScreen: current password is wrong.
[2019-12-09 12:34:21,414] [WARNING] : ChangePasswordScreen: current password is wrong.
[2019-12-09 12:34:26,733] [DEBUG] : ChangePasswordScreen: wrong password format.
[2019-12-09 12:34:36,817] [DEBUG] : ChangePasswordScreen: passwords do not match.
[2019-12-09 12:34:40,646] [DEBUG] : ChangePasswordScreen: passwords do not match.
[2019-12-09 12:34:48,492] [INFO] : ChangePasswordScreen: password is changed.
[2019-12-09 12:34:48,495] [DEBUG] : ManageUserScreen: labels are configured
[2019-12-09 12:34:52,359] [DEBUG] : Homeboard: labels are configured.
[2019-12-09 12:34:57,844] [INFO] : Homeboard: User has signed out
[2019-12-09 12:34:58,950] [DEBUG] : SignInScreen: labels are configured
[2019-12-09 12:35:08,177] [DEBUG] : Homeboard: labels are configured.
[2019-12-09 12:35:08,178] [INFO] : SignInScreen: User demo@test.com is successfully signed in
[2019-12-09 12:35:09,934] [INFO] : Homeboard: User has signed out
[2019-12-09 12:35:10,930] [DEBUG] : SignInScreen: labels are configured
[2019-12-09 12:35:19,744] [DEBUG] : Homeboard:  No-user
[2019-12-09 12:35:19,744] [DEBUG] : Homeboard: labels are configured.
[2019-12-09 12:35:19,745] [INFO] : SignInScreen: User demo@test.com is successfully signed in
[2019-12-09 12:35:21,183] [INFO] : Homeboard: User has signed out
[2019-12-09 12:35:22,461] [DEBUG] : SignInScreen: labels are configured
[2019-12-09 12:35:31,239] [DEBUG] : Homeboard:  No-user
[2019-12-09 12:35:31,240] [DEBUG] : Homeboard: labels are configured.
[2019-12-09 12:35:31,240] [INFO] : SignInScreen: User demo@test.com is successfully signed in
[2019-12-09 12:35:35,269] [INFO] : Homeboard: User has signed out
[2019-12-09 12:35:36,432] [DEBUG] : SignInScreen: labels are configured
[2019-12-09 12:35:44,825] [DEBUG] : Homeboard: labels are configured.
[2019-12-09 12:35:44,825] [INFO] : SignInScreen: User demo@test.com is successfully signed in
[2019-12-09 12:35:46,455] [INFO] : Homeboard: User has signed out
[2019-12-09 12:35:47,397] [DEBUG] : SignInScreen: labels are configured
[2019-12-09 12:35:52,933] [WARNING] : SignInScreen: wrong password format
[2019-12-09 12:35:58,358] [WARNING] : SignInScreen: wrong password format
[2019-12-09 12:36:06,233] [DEBUG] : Homeboard:  No-user
[2019-12-09 12:36:06,234] [DEBUG] : Homeboard: labels are configured.
[2019-12-09 12:36:06,234] [INFO] : SignInScreen: User demo@test.com is successfully signed in
[2019-12-09 12:36:07,592] [INFO] : Homeboard: User has signed out
[2019-12-09 12:37:19,252] [INFO] : RootScreen: App has started
[2019-12-09 12:37:25,233] [DEBUG] : LanguageScreen: en language is used
[2019-12-09 12:37:26,744] [DEBUG] : SignInScreen: labels are configured
[2019-12-09 12:37:36,373] [DEBUG] : Homeboard:  No-user
[2019-12-09 12:37:36,374] [DEBUG] : Homeboard: labels are configured.
[2019-12-09 12:37:36,375] [INFO] : SignInScreen: User demo@test.com is successfully signed in
[2019-12-09 12:40:21,354] [INFO] : RootScreen: App has started
[2019-12-09 12:40:27,699] [DEBUG] : LanguageScreen: mk language is used
[2019-12-09 12:40:28,505] [DEBUG] : SignInScreen: labels are configured
[2019-12-09 12:43:38,085] [INFO] : RootScreen: App has started
[2019-12-09 12:44:13,224] [DEBUG] : LanguageScreen: mk language is used
[2019-12-09 12:45:32,940] [DEBUG] : SignInScreen: labels are configured
[2019-12-09 12:45:42,716] [WARNING] : SignInScreen: userName and password do not match
[2019-12-09 12:45:47,103] [DEBUG] : Homeboard: labels are configured.
[2019-12-09 12:45:47,103] [INFO] : SignInScreen: User demo@test.com is successfully signed in
[2019-12-09 13:49:49,380] [INFO] : RootScreen: App has started
