[2019-09-02 08:48:09,782] [INFO] : RootScreen: App has started
[2019-09-02 08:48:15,508] [DEBUG] : LanguageScreen: en language is used
[2019-09-02 08:48:19,606] [DEBUG] : Homeboard:  No-user
[2019-09-02 08:48:19,607] [DEBUG] : Homeboard: labels are configured.
[2019-09-02 08:48:21,898] [DEBUG] : NewPuzzleScreen: labels are configured
[2019-09-02 08:48:23,750] [DEBUG] : NewPuzzleScreen: CAMERA_CALLED is changed to FullPuzzle
[2019-09-02 08:48:23,752] [DEBUG] : CameraScreen: labels configured.
[2019-09-02 08:48:25,648] [DEBUG] : NewPuzzleScreen: labels are configured
[2019-09-02 08:48:25,648] [DEBUG] : NewPuzzleScreen: labels are configured
[2019-09-02 08:48:25,651] [DEBUG] : CameraScreen: go_back is called.
[2019-09-02 08:48:26,980] [DEBUG] : NewPuzzleScreen: DIRECTORY_CALLED is changed to PiecesPuzzle
[2019-09-02 08:48:26,980] [DEBUG] : NewPuzzleScreen: DIRECTORY_CALLED is changed to PiecesPuzzle
[2019-09-02 08:48:26,981] [DEBUG] : ChooseFileScreen: labels are configured.
[2019-09-02 08:49:16,912] [INFO] : RootScreen: App has started
[2019-09-02 08:49:21,575] [DEBUG] : LanguageScreen: en language is used
[2019-09-02 08:49:23,618] [DEBUG] : Homeboard:  No-user
[2019-09-02 08:49:23,618] [DEBUG] : Homeboard: labels are configured.
[2019-09-02 08:49:25,088] [DEBUG] : NewPuzzleScreen: labels are configured
[2019-09-02 08:49:26,037] [DEBUG] : NewPuzzleScreen: DIRECTORY_CALLED is changed to PiecesPuzzle
[2019-09-02 08:49:26,038] [DEBUG] : ChooseFileScreen: labels are configured.
[2019-09-02 08:50:22,684] [INFO] : RootScreen: App has started
[2019-09-02 08:50:26,358] [DEBUG] : LanguageScreen: en language is used
[2019-09-02 08:50:27,251] [DEBUG] : Homeboard:  No-user
[2019-09-02 08:50:27,251] [DEBUG] : Homeboard: labels are configured.
[2019-09-02 08:50:28,792] [DEBUG] : NewPuzzleScreen: labels are configured
[2019-09-02 08:50:30,196] [DEBUG] : NewPuzzleScreen: DIRECTORY_CALLED is changed to PiecesPuzzle
[2019-09-02 08:50:30,198] [DEBUG] : ChooseFileScreen: labels are configured.
[2019-09-02 08:50:52,423] [INFO] : RootScreen: App has started
[2019-09-02 08:51:09,525] [INFO] : RootScreen: App has started
[2019-09-02 08:51:14,652] [DEBUG] : LanguageScreen: en language is used
[2019-09-02 08:51:15,572] [DEBUG] : Homeboard:  No-user
[2019-09-02 08:51:15,573] [DEBUG] : Homeboard: labels are configured.
[2019-09-02 08:51:16,611] [DEBUG] : NewPuzzleScreen: labels are configured
[2019-09-02 08:51:17,581] [DEBUG] : NewPuzzleScreen: DIRECTORY_CALLED is changed to PiecesPuzzle
[2019-09-02 08:51:17,583] [DEBUG] : ChooseFileScreen: labels are configured.
[2019-09-02 08:51:48,103] [INFO] : RootScreen: App has started
[2019-09-02 08:51:51,435] [DEBUG] : LanguageScreen: en language is used
[2019-09-02 08:51:52,675] [DEBUG] : Homeboard:  No-user
[2019-09-02 08:51:52,675] [DEBUG] : Homeboard: labels are configured.
[2019-09-02 08:51:54,162] [DEBUG] : NewPuzzleScreen: labels are configured
[2019-09-02 08:51:56,196] [DEBUG] : NewPuzzleScreen: DIRECTORY_CALLED is changed to PiecesPuzzle
[2019-09-02 08:51:56,198] [DEBUG] : ChooseFileScreen: labels are configured.
[2019-09-02 08:52:31,925] [INFO] : RootScreen: App has started
[2019-09-02 08:52:35,598] [DEBUG] : LanguageScreen: en language is used
[2019-09-02 08:52:36,837] [DEBUG] : Homeboard:  No-user
[2019-09-02 08:52:36,837] [DEBUG] : Homeboard: labels are configured.
[2019-09-02 08:52:37,926] [DEBUG] : NewPuzzleScreen: labels are configured
[2019-09-02 08:52:39,296] [DEBUG] : NewPuzzleScreen: DIRECTORY_CALLED is changed to PiecesPuzzle
[2019-09-02 08:52:39,298] [DEBUG] : ChooseFileScreen: labels are configured.
[2019-09-02 08:53:18,898] [INFO] : RootScreen: App has started
[2019-09-02 08:53:22,928] [DEBUG] : LanguageScreen: en language is used
[2019-09-02 08:53:23,824] [DEBUG] : Homeboard:  No-user
[2019-09-02 08:53:23,825] [DEBUG] : Homeboard: labels are configured.
[2019-09-02 08:53:24,782] [DEBUG] : NewPuzzleScreen: labels are configured
[2019-09-02 08:53:25,906] [DEBUG] : NewPuzzleScreen: DIRECTORY_CALLED is changed to PiecesPuzzle
[2019-09-02 08:53:25,908] [DEBUG] : ChooseFileScreen: labels are configured.
[2019-09-02 08:54:07,111] [INFO] : RootScreen: App has started
[2019-09-02 08:54:11,327] [DEBUG] : LanguageScreen: en language is used
[2019-09-02 08:54:12,812] [DEBUG] : Homeboard:  No-user
[2019-09-02 08:54:12,812] [DEBUG] : Homeboard: labels are configured.
[2019-09-02 08:54:13,944] [DEBUG] : NewPuzzleScreen: labels are configured
[2019-09-02 08:54:15,289] [DEBUG] : NewPuzzleScreen: DIRECTORY_CALLED is changed to PiecesPuzzle
[2019-09-02 08:54:15,293] [DEBUG] : ChooseFileScreen: labels are configured.
[2019-09-02 08:55:20,532] [INFO] : RootScreen: App has started
[2019-09-02 08:55:23,594] [DEBUG] : LanguageScreen: en language is used
[2019-09-02 08:55:24,533] [DEBUG] : Homeboard:  No-user
[2019-09-02 08:55:24,533] [DEBUG] : Homeboard: labels are configured.
[2019-09-02 08:55:25,781] [DEBUG] : NewPuzzleScreen: labels are configured
[2019-09-02 08:55:26,952] [DEBUG] : NewPuzzleScreen: DIRECTORY_CALLED is changed to PiecesPuzzle
[2019-09-02 08:55:26,954] [DEBUG] : ChooseFileScreen: labels are configured.
[2019-09-02 08:55:49,086] [INFO] : RootScreen: App has started
[2019-09-02 08:55:52,430] [DEBUG] : LanguageScreen: en language is used
[2019-09-02 08:55:54,524] [DEBUG] : SignInScreen: labels are configured
[2019-09-02 08:55:56,956] [DEBUG] : Homeboard:  No-user
[2019-09-02 08:55:56,957] [DEBUG] : Homeboard: labels are configured.
[2019-09-02 08:55:58,282] [DEBUG] : NewPuzzleScreen: labels are configured
[2019-09-02 08:55:59,326] [DEBUG] : NewPuzzleScreen: DIRECTORY_CALLED is changed to PiecesPuzzle
[2019-09-02 08:55:59,328] [DEBUG] : ChooseFileScreen: labels are configured.
[2019-09-02 08:56:17,743] [INFO] : RootScreen: App has started
[2019-09-02 08:56:21,654] [DEBUG] : LanguageScreen: mk language is used
[2019-09-02 08:56:38,875] [DEBUG] : Homeboard:  No-user
[2019-09-02 08:56:38,876] [DEBUG] : Homeboard: labels are configured.
[2019-09-02 08:56:41,803] [DEBUG] : NewPuzzleScreen: labels are configured
[2019-09-02 08:56:42,854] [DEBUG] : NewPuzzleScreen: DIRECTORY_CALLED is changed to PiecesPuzzle
[2019-09-02 08:56:42,856] [DEBUG] : ChooseFileScreen: labels are configured.
[2019-09-02 08:57:50,899] [INFO] : RootScreen: App has started
[2019-09-02 08:57:54,828] [DEBUG] : LanguageScreen: en language is used
[2019-09-02 08:57:57,364] [DEBUG] : Homeboard:  No-user
[2019-09-02 08:57:57,365] [DEBUG] : Homeboard: labels are configured.
[2019-09-02 08:57:58,739] [DEBUG] : NewPuzzleScreen: labels are configured
[2019-09-02 08:57:59,951] [DEBUG] : NewPuzzleScreen: DIRECTORY_CALLED is changed to PiecesPuzzle
[2019-09-02 08:57:59,953] [DEBUG] : ChooseFileScreen: labels are configured.
[2019-09-02 08:59:59,312] [INFO] : RootScreen: App has started
[2019-09-02 09:00:04,376] [DEBUG] : LanguageScreen: mk language is used
[2019-09-02 09:00:05,367] [DEBUG] : Homeboard:  No-user
[2019-09-02 09:00:05,368] [DEBUG] : Homeboard: labels are configured.
[2019-09-02 09:00:06,998] [DEBUG] : NewPuzzleScreen: labels are configured
[2019-09-02 09:00:07,906] [DEBUG] : NewPuzzleScreen: DIRECTORY_CALLED is changed to PiecesPuzzle
[2019-09-02 09:00:07,907] [DEBUG] : ChooseFileScreen: labels are configured.
[2019-09-02 09:00:23,326] [DEBUG] : NewPuzzleScreen: labels are configured
[2019-09-02 09:00:23,326] [DEBUG] : NewPuzzleScreen: labels are configured
[2019-09-02 09:09:43,183] [INFO] : RootScreen: App has started
[2019-09-02 09:09:47,865] [DEBUG] : LanguageScreen: mk language is used
[2019-09-02 09:09:48,899] [DEBUG] : Homeboard:  No-user
[2019-09-02 09:09:48,900] [DEBUG] : Homeboard: labels are configured.
[2019-09-02 09:09:50,435] [DEBUG] : NewPuzzleScreen: labels are configured
[2019-09-02 09:09:51,809] [DEBUG] : NewPuzzleScreen: DIRECTORY_CALLED is changed to FullPuzzle
[2019-09-02 09:09:51,812] [DEBUG] : ChooseFileScreen: labels are configured.
[2019-09-02 09:10:03,544] [DEBUG] : NewPuzzleScreen: labels are configured
[2019-09-02 09:10:03,544] [DEBUG] : NewPuzzleScreen: labels are configured
[2019-09-02 09:10:05,420] [DEBUG] : NewPuzzleScreen: DIRECTORY_CALLED is changed to FullPuzzle
[2019-09-02 09:10:05,420] [DEBUG] : NewPuzzleScreen: DIRECTORY_CALLED is changed to FullPuzzle
[2019-09-02 09:10:05,425] [DEBUG] : ChooseFileScreen: labels are configured.
[2019-09-02 09:10:05,425] [DEBUG] : ChooseFileScreen: labels are configured.
[2019-09-02 09:10:22,774] [INFO] : ChooseFileScreen: file C:\Users\Filip.Dimovski\Desktop\Norway\Screenshot_1.png is copied
[2019-09-02 09:10:22,774] [INFO] : ChooseFileScreen: file C:\Users\Filip.Dimovski\Desktop\Norway\Screenshot_1.png is copied
[2019-09-02 09:10:22,776] [DEBUG] : NewPuzzleScreen: labels are configured
[2019-09-02 09:10:22,776] [DEBUG] : NewPuzzleScreen: labels are configured
[2019-09-02 09:10:22,776] [DEBUG] : NewPuzzleScreen: labels are configured
[2019-09-02 09:10:25,368] [DEBUG] : NewPuzzleScreen: DIRECTORY_CALLED is changed to PiecesPuzzle
[2019-09-02 09:10:25,368] [DEBUG] : NewPuzzleScreen: DIRECTORY_CALLED is changed to PiecesPuzzle
[2019-09-02 09:10:25,368] [DEBUG] : NewPuzzleScreen: DIRECTORY_CALLED is changed to PiecesPuzzle
[2019-09-02 09:10:25,370] [DEBUG] : ChooseFileScreen: labels are configured.
[2019-09-02 09:10:25,370] [DEBUG] : ChooseFileScreen: labels are configured.
[2019-09-02 09:10:25,370] [DEBUG] : ChooseFileScreen: labels are configured.
[2019-09-02 09:10:27,642] [INFO] : ChooseFileScreen: file C:\Users\Filip.Dimovski\Desktop\Norway\Screenshot_1.png is copied
[2019-09-02 09:10:27,642] [INFO] : ChooseFileScreen: file C:\Users\Filip.Dimovski\Desktop\Norway\Screenshot_1.png is copied
[2019-09-02 09:10:27,642] [INFO] : ChooseFileScreen: file C:\Users\Filip.Dimovski\Desktop\Norway\Screenshot_1.png is copied
[2019-09-02 09:10:27,644] [DEBUG] : NewPuzzleScreen: labels are configured
[2019-09-02 09:10:27,644] [DEBUG] : NewPuzzleScreen: labels are configured
[2019-09-02 09:10:27,644] [DEBUG] : NewPuzzleScreen: labels are configured
[2019-09-02 09:10:27,644] [DEBUG] : NewPuzzleScreen: labels are configured
[2019-09-02 09:10:32,365] [DEBUG] : PuzzleConnection: check_user_puzzle_rel:False
[2019-09-02 09:10:32,366] [INFO] : NewPuzzleScreen: Folder users/0/te_20190902_091032 is created.
[2019-09-02 09:10:32,366] [INFO] : NewPuzzleScreen: Folder users/0/te_20190902_091032 is created.
[2019-09-02 09:10:32,366] [INFO] : NewPuzzleScreen: Folder users/0/te_20190902_091032 is created.
[2019-09-02 09:10:32,366] [INFO] : NewPuzzleScreen: Folder users/0/te_20190902_091032 is created.
[2019-09-02 09:10:32,369] [INFO] : NewPuzzleScreen: file users/0/te_20190902_091032/FullPuzzle.png is moved
[2019-09-02 09:10:32,369] [INFO] : NewPuzzleScreen: file users/0/te_20190902_091032/FullPuzzle.png is moved
[2019-09-02 09:10:32,369] [INFO] : NewPuzzleScreen: file users/0/te_20190902_091032/FullPuzzle.png is moved
[2019-09-02 09:10:32,369] [INFO] : NewPuzzleScreen: file users/0/te_20190902_091032/FullPuzzle.png is moved
[2019-09-02 09:10:32,372] [INFO] : NewPuzzleScreen: file users/0/te_20190902_091032/PiecesPuzzle.png is moved
[2019-09-02 09:10:32,372] [INFO] : NewPuzzleScreen: file users/0/te_20190902_091032/PiecesPuzzle.png is moved
[2019-09-02 09:10:32,372] [INFO] : NewPuzzleScreen: file users/0/te_20190902_091032/PiecesPuzzle.png is moved
[2019-09-02 09:10:32,372] [INFO] : NewPuzzleScreen: file users/0/te_20190902_091032/PiecesPuzzle.png is moved
[2019-09-02 09:10:32,372] [INFO] : NewPuzzleScreen: Puzzle is solved.
[2019-09-02 09:10:32,372] [INFO] : NewPuzzleScreen: Puzzle is solved.
[2019-09-02 09:10:32,372] [INFO] : NewPuzzleScreen: Puzzle is solved.
[2019-09-02 09:10:32,372] [INFO] : NewPuzzleScreen: Puzzle is solved.
[2019-09-02 09:10:32,374] [DEBUG] : PictureViewScreen: labels are configured
[2019-09-02 09:10:34,337] [DEBUG] : PictureViewScreen: full_puzzle_on_click is called for puzzle: users/0/te_20190902_091032/FullPuzzle.png 
[2019-09-02 09:10:34,358] [INFO] : PictureScreen: called for picture:users/0/te_20190902_091032/FullPuzzle.png
[2019-09-02 09:10:40,685] [DEBUG] : PictureViewScreen: labels are configured
[2019-09-02 09:10:40,685] [DEBUG] : PictureViewScreen: labels are configured
[2019-09-02 09:10:41,713] [DEBUG] : PictureViewScreen: pieces_puzzle_on_click is called for puzzle: users/0/te_20190902_091032/PiecesPuzzle.png 
[2019-09-02 09:10:41,713] [DEBUG] : PictureViewScreen: pieces_puzzle_on_click is called for puzzle: users/0/te_20190902_091032/PiecesPuzzle.png 
[2019-09-02 09:10:41,734] [INFO] : PictureScreen: called for picture:users/0/te_20190902_091032/PiecesPuzzle.png
[2019-09-02 09:10:41,734] [INFO] : PictureScreen: called for picture:users/0/te_20190902_091032/PiecesPuzzle.png
[2019-09-02 09:10:42,933] [DEBUG] : PictureViewScreen: labels are configured
[2019-09-02 09:10:42,933] [DEBUG] : PictureViewScreen: labels are configured
[2019-09-02 09:10:42,933] [DEBUG] : PictureViewScreen: labels are configured
[2019-09-02 09:29:51,042] [INFO] : RootScreen: App has started
[2019-09-02 09:29:55,727] [DEBUG] : LanguageScreen: en language is used
[2019-09-02 09:29:57,347] [DEBUG] : Homeboard:  No-user
[2019-09-02 09:29:57,348] [DEBUG] : Homeboard: labels are configured.
[2019-09-02 09:29:58,778] [DEBUG] : NewPuzzleScreen: labels are configured
[2019-09-02 09:30:00,226] [DEBUG] : NewPuzzleScreen: DIRECTORY_CALLED is changed to FullPuzzle
[2019-09-02 09:30:00,228] [DEBUG] : ChooseFileScreen: labels are configured.
[2019-09-02 09:30:02,297] [DEBUG] : NewPuzzleScreen: labels are configured
[2019-09-02 09:30:02,297] [DEBUG] : NewPuzzleScreen: labels are configured
[2019-09-02 09:30:03,438] [DEBUG] : NewPuzzleScreen: go_back is called.
[2019-09-02 09:30:03,438] [DEBUG] : NewPuzzleScreen: go_back is called.
[2019-09-02 09:30:03,440] [DEBUG] : Homeboard:  No-user
[2019-09-02 09:30:03,440] [DEBUG] : Homeboard:  No-user
[2019-09-02 09:30:03,440] [DEBUG] : Homeboard: labels are configured.
[2019-09-02 09:30:03,440] [DEBUG] : Homeboard: labels are configured.
[2019-09-02 09:30:04,747] [INFO] : Homeboard: User has signed out
[2019-09-02 09:30:04,747] [INFO] : Homeboard: User has signed out
[2019-09-02 09:56:54,701] [INFO] : RootScreen: App has started
[2019-09-02 09:56:58,265] [DEBUG] : LanguageScreen: en language is used
[2019-09-02 09:57:00,781] [DEBUG] : SignInScreen: labels are configured
[2019-09-02 09:57:11,644] [DEBUG] : Homeboard: labels are configured.
[2019-09-02 09:57:11,645] [INFO] : SignInScreen: User filip@dimovski.com is successfully signed in
[2019-09-02 09:57:13,612] [DEBUG] : PuzzleConnection: fetch_all_puzzles called
[2019-09-02 09:57:13,612] [DEBUG] : MyPuzzleScreen: puzzles are loaded
[2019-09-02 09:57:52,110] [INFO] : RootScreen: App has started
[2019-09-02 09:57:55,951] [DEBUG] : LanguageScreen: en language is used
[2019-09-02 09:57:57,501] [DEBUG] : SignInScreen: labels are configured
[2019-09-02 09:58:07,916] [DEBUG] : Homeboard: labels are configured.
[2019-09-02 09:58:07,916] [INFO] : SignInScreen: User filip@dimovski.com is successfully signed in
[2019-09-02 09:58:08,934] [DEBUG] : PuzzleConnection: fetch_all_puzzles called
[2019-09-02 09:58:08,934] [DEBUG] : MyPuzzleScreen: puzzles are loaded
[2019-09-02 09:58:33,699] [INFO] : RootScreen: App has started
[2019-09-02 09:58:37,168] [DEBUG] : LanguageScreen: mk language is used
[2019-09-02 09:58:38,796] [DEBUG] : SignInScreen: labels are configured
[2019-09-02 09:58:49,227] [DEBUG] : Homeboard: labels are configured.
[2019-09-02 09:58:49,227] [INFO] : SignInScreen: User filip@dimovski.com is successfully signed in
[2019-09-02 09:58:51,388] [DEBUG] : PuzzleConnection: fetch_all_puzzles called
[2019-09-02 09:58:51,389] [DEBUG] : MyPuzzleScreen: puzzles are loaded
[2019-09-02 10:17:04,427] [INFO] : RootScreen: App has started
[2019-09-02 10:17:09,734] [DEBUG] : LanguageScreen: en language is used
[2019-09-02 10:17:18,742] [DEBUG] : SignInScreen: labels are configured
[2019-09-02 10:17:30,740] [DEBUG] : Homeboard: labels are configured.
[2019-09-02 10:17:30,740] [INFO] : SignInScreen: User filip@dimovski.com is successfully signed in
[2019-09-02 10:17:32,208] [DEBUG] : PuzzleConnection: fetch_all_puzzles called
[2019-09-02 10:17:32,208] [DEBUG] : MyPuzzleScreen: puzzles are loaded
[2019-09-02 10:17:50,695] [INFO] : RootScreen: App has started
[2019-09-02 10:17:56,366] [DEBUG] : LanguageScreen: en language is used
[2019-09-02 10:17:58,456] [DEBUG] : SignInScreen: labels are configured
[2019-09-02 10:18:09,627] [DEBUG] : Homeboard: labels are configured.
[2019-09-02 10:18:09,627] [INFO] : SignInScreen: User filip@dimovski.com is successfully signed in
[2019-09-02 10:18:11,717] [DEBUG] : PuzzleConnection: fetch_all_puzzles called
[2019-09-02 10:18:11,717] [DEBUG] : MyPuzzleScreen: puzzles are loaded
[2019-09-02 10:18:35,046] [INFO] : RootScreen: App has started
[2019-09-02 10:18:38,366] [DEBUG] : LanguageScreen: en language is used
[2019-09-02 10:18:40,114] [DEBUG] : SignInScreen: labels are configured
[2019-09-02 10:18:52,173] [DEBUG] : Homeboard: labels are configured.
[2019-09-02 10:18:52,173] [INFO] : SignInScreen: User filip@dimovski.com is successfully signed in
[2019-09-02 10:18:55,385] [DEBUG] : PuzzleConnection: fetch_all_puzzles called
[2019-09-02 10:18:55,385] [DEBUG] : MyPuzzleScreen: puzzles are loaded
[2019-09-02 10:19:35,367] [INFO] : RootScreen: App has started
[2019-09-02 10:19:42,468] [DEBUG] : LanguageScreen: mk language is used
[2019-09-02 10:19:44,929] [DEBUG] : SignInScreen: labels are configured
[2019-09-02 10:19:56,887] [DEBUG] : Homeboard: labels are configured.
[2019-09-02 10:19:56,888] [INFO] : SignInScreen: User filip@dimovski.com is successfully signed in
[2019-09-02 10:19:59,040] [DEBUG] : PuzzleConnection: fetch_all_puzzles called
[2019-09-02 10:19:59,040] [DEBUG] : MyPuzzleScreen: puzzles are loaded
[2019-09-02 10:20:45,669] [INFO] : RootScreen: App has started
[2019-09-02 10:21:31,720] [DEBUG] : LanguageScreen: mk language is used
[2019-09-02 10:21:33,023] [DEBUG] : Homeboard:  No-user
[2019-09-02 10:21:33,023] [DEBUG] : Homeboard: labels are configured.
[2019-09-02 10:21:35,403] [INFO] : Homeboard: User has signed out
[2019-09-02 10:21:37,168] [DEBUG] : SignInScreen: labels are configured
[2019-09-02 10:21:49,877] [DEBUG] : Homeboard: labels are configured.
[2019-09-02 10:21:49,877] [DEBUG] : Homeboard: labels are configured.
[2019-09-02 10:21:49,877] [INFO] : SignInScreen: User filip@dimovski.com is successfully signed in
[2019-09-02 10:21:51,202] [DEBUG] : PuzzleConnection: fetch_all_puzzles called
[2019-09-02 10:21:51,202] [DEBUG] : MyPuzzleScreen: puzzles are loaded
[2019-09-02 10:22:22,120] [INFO] : RootScreen: App has started
[2019-09-02 10:22:26,126] [DEBUG] : LanguageScreen: mk language is used
[2019-09-02 10:22:28,007] [DEBUG] : SignInScreen: labels are configured
[2019-09-02 10:22:40,689] [DEBUG] : Homeboard: labels are configured.
[2019-09-02 10:22:40,690] [INFO] : SignInScreen: User filip@dimovski.com is successfully signed in
[2019-09-02 10:22:42,639] [DEBUG] : PuzzleConnection: fetch_all_puzzles called
[2019-09-02 10:22:42,639] [DEBUG] : MyPuzzleScreen: puzzles are loaded
[2019-09-02 10:26:20,951] [INFO] : RootScreen: App has started
[2019-09-02 10:26:26,265] [DEBUG] : LanguageScreen: en language is used
[2019-09-02 10:26:27,339] [DEBUG] : SignInScreen: labels are configured
[2019-09-02 10:26:38,802] [DEBUG] : Homeboard: labels are configured.
[2019-09-02 10:26:38,802] [INFO] : SignInScreen: User filip@dimovski.com is successfully signed in
[2019-09-02 10:26:40,557] [DEBUG] : PuzzleConnection: fetch_all_puzzles called
[2019-09-02 10:26:40,558] [DEBUG] : MyPuzzleScreen: puzzles are loaded
[2019-09-02 10:27:22,182] [INFO] : RootScreen: App has started
[2019-09-02 10:27:27,000] [DEBUG] : LanguageScreen: mk language is used
[2019-09-02 10:27:29,035] [DEBUG] : SignInScreen: labels are configured
[2019-09-02 10:27:40,947] [DEBUG] : Homeboard: labels are configured.
[2019-09-02 10:27:40,947] [INFO] : SignInScreen: User filip@dimovski.com is successfully signed in
[2019-09-02 10:27:42,299] [DEBUG] : PuzzleConnection: fetch_all_puzzles called
[2019-09-02 10:27:42,299] [DEBUG] : MyPuzzleScreen: puzzles are loaded
[2019-09-02 10:28:57,458] [INFO] : RootScreen: App has started
[2019-09-02 10:29:00,811] [DEBUG] : LanguageScreen: mk language is used
[2019-09-02 10:29:01,720] [DEBUG] : Homeboard:  No-user
[2019-09-02 10:29:01,720] [DEBUG] : Homeboard: labels are configured.
[2019-09-02 10:29:03,723] [INFO] : Homeboard: User has signed out
[2019-09-02 10:29:05,947] [DEBUG] : SignInScreen: labels are configured
[2019-09-02 10:29:16,529] [DEBUG] : Homeboard: labels are configured.
[2019-09-02 10:29:16,529] [DEBUG] : Homeboard: labels are configured.
[2019-09-02 10:29:16,529] [INFO] : SignInScreen: User filip@dimovski.com is successfully signed in
[2019-09-02 10:29:17,514] [DEBUG] : PuzzleConnection: fetch_all_puzzles called
[2019-09-02 10:29:17,514] [DEBUG] : MyPuzzleScreen: puzzles are loaded
[2019-09-02 10:30:37,826] [INFO] : RootScreen: App has started
[2019-09-02 10:30:41,152] [DEBUG] : LanguageScreen: mk language is used
[2019-09-02 10:30:43,776] [DEBUG] : SignInScreen: labels are configured
[2019-09-02 10:30:55,642] [DEBUG] : Homeboard: labels are configured.
[2019-09-02 10:30:55,642] [INFO] : SignInScreen: User filip@dimovski.com is successfully signed in
[2019-09-02 10:30:57,261] [DEBUG] : PuzzleConnection: fetch_all_puzzles called
[2019-09-02 10:30:57,261] [DEBUG] : MyPuzzleScreen: puzzles are loaded
[2019-09-02 10:31:19,307] [INFO] : RootScreen: App has started
[2019-09-02 10:31:23,070] [DEBUG] : LanguageScreen: mk language is used
[2019-09-02 10:31:32,440] [DEBUG] : SignInScreen: labels are configured
[2019-09-02 10:31:43,955] [DEBUG] : Homeboard: labels are configured.
[2019-09-02 10:31:43,955] [INFO] : SignInScreen: User filip@dimovski.com is successfully signed in
[2019-09-02 10:31:45,662] [DEBUG] : PuzzleConnection: fetch_all_puzzles called
[2019-09-02 10:31:45,662] [DEBUG] : MyPuzzleScreen: puzzles are loaded
[2019-09-02 10:32:14,015] [INFO] : RootScreen: App has started
[2019-09-02 10:32:34,022] [INFO] : RootScreen: App has started
[2019-09-02 10:32:42,369] [DEBUG] : LanguageScreen: mk language is used
[2019-09-02 10:32:44,123] [DEBUG] : SignInScreen: labels are configured
[2019-09-02 10:32:55,565] [DEBUG] : Homeboard: labels are configured.
[2019-09-02 10:32:55,565] [INFO] : SignInScreen: User filip@dimovski.com is successfully signed in
[2019-09-02 10:32:57,995] [DEBUG] : PuzzleConnection: fetch_all_puzzles called
[2019-09-02 10:32:57,996] [DEBUG] : MyPuzzleScreen: puzzles are loaded
[2019-09-02 10:33:01,953] [DEBUG] : Homeboard: labels are configured.
[2019-09-02 10:33:01,953] [DEBUG] : Homeboard: labels are configured.
[2019-09-02 10:33:03,660] [DEBUG] : PuzzleConnection: fetch_all_puzzles called
[2019-09-02 10:33:03,660] [DEBUG] : PuzzleConnection: fetch_all_puzzles called
[2019-09-02 10:33:03,660] [DEBUG] : MyPuzzleScreen: puzzles are loaded
[2019-09-02 10:33:03,660] [DEBUG] : MyPuzzleScreen: puzzles are loaded
[2019-09-02 10:37:27,007] [INFO] : RootScreen: App has started
[2019-09-02 10:37:34,979] [DEBUG] : LanguageScreen: mk language is used
[2019-09-02 10:37:37,182] [DEBUG] : SignInScreen: labels are configured
[2019-09-02 10:37:48,626] [DEBUG] : Homeboard: labels are configured.
[2019-09-02 10:37:48,627] [INFO] : SignInScreen: User filip@dimovski.com is successfully signed in
[2019-09-02 10:37:50,057] [DEBUG] : PuzzleConnection: fetch_all_puzzles called
[2019-09-02 10:37:50,057] [DEBUG] : MyPuzzleScreen: puzzles are loaded
[2019-09-02 10:38:32,409] [INFO] : RootScreen: App has started
[2019-09-02 10:38:37,503] [DEBUG] : LanguageScreen: mk language is used
[2019-09-02 10:38:39,229] [DEBUG] : SignInScreen: labels are configured
[2019-09-02 10:38:50,974] [WARNING] : SignInScreen: userName and password do not match
[2019-09-02 10:38:58,521] [DEBUG] : Homeboard: labels are configured.
[2019-09-02 10:38:58,521] [INFO] : SignInScreen: User filip@dimovski.com is successfully signed in
[2019-09-02 10:39:00,058] [DEBUG] : PuzzleConnection: fetch_all_puzzles called
[2019-09-02 10:39:00,058] [DEBUG] : MyPuzzleScreen: puzzles are loaded
[2019-09-02 10:39:17,971] [INFO] : RootScreen: App has started
[2019-09-02 10:39:21,729] [DEBUG] : LanguageScreen: mk language is used
[2019-09-02 10:39:24,211] [DEBUG] : SignInScreen: labels are configured
[2019-09-02 10:39:34,671] [DEBUG] : Homeboard: labels are configured.
[2019-09-02 10:39:34,671] [INFO] : SignInScreen: User filip@dimovski.com is successfully signed in
[2019-09-02 10:39:36,390] [DEBUG] : PuzzleConnection: fetch_all_puzzles called
[2019-09-02 10:39:36,391] [DEBUG] : MyPuzzleScreen: puzzles are loaded
[2019-09-02 10:39:38,688] [DEBUG] : Homeboard: labels are configured.
[2019-09-02 10:39:38,688] [DEBUG] : Homeboard: labels are configured.
[2019-09-02 10:39:40,777] [DEBUG] : PuzzleConnection: fetch_all_puzzles called
[2019-09-02 10:39:40,777] [DEBUG] : PuzzleConnection: fetch_all_puzzles called
[2019-09-02 10:39:40,777] [DEBUG] : MyPuzzleScreen: puzzles are loaded
[2019-09-02 10:39:40,777] [DEBUG] : MyPuzzleScreen: puzzles are loaded
[2019-09-02 10:40:07,375] [INFO] : RootScreen: App has started
[2019-09-02 10:40:10,492] [DEBUG] : LanguageScreen: mk language is used
[2019-09-02 10:40:12,916] [DEBUG] : SignInScreen: labels are configured
[2019-09-02 10:40:24,457] [DEBUG] : Homeboard: labels are configured.
[2019-09-02 10:40:24,457] [INFO] : SignInScreen: User filip@dimovski.com is successfully signed in
[2019-09-02 10:40:25,970] [DEBUG] : PuzzleConnection: fetch_all_puzzles called
[2019-09-02 10:40:25,970] [DEBUG] : MyPuzzleScreen: puzzles are loaded
[2019-09-02 10:48:07,135] [INFO] : RootScreen: App has started
[2019-09-02 10:48:11,176] [DEBUG] : LanguageScreen: mk language is used
[2019-09-02 10:48:13,508] [DEBUG] : SignInScreen: labels are configured
[2019-09-02 10:48:24,677] [DEBUG] : Homeboard: labels are configured.
[2019-09-02 10:48:24,677] [INFO] : SignInScreen: User filip@dimovski.com is successfully signed in
[2019-09-02 10:48:25,685] [DEBUG] : PuzzleConnection: fetch_all_puzzles called
[2019-09-02 10:48:25,685] [DEBUG] : MyPuzzleScreen: puzzles are loaded
[2019-09-02 11:18:13,457] [INFO] : RootScreen: App has started
[2019-09-02 11:19:45,754] [DEBUG] : LanguageScreen: en language is used
[2019-09-02 11:20:23,872] [DEBUG] : SignUpScreen: labels are configured.
[2019-09-02 11:20:29,146] [DEBUG] : SignUpScreen: wrong e-mail format.
[2019-09-02 11:20:34,813] [DEBUG] : SignUpScreen: wrong e-mail format.
[2019-09-02 11:20:47,340] [DEBUG] : SignUpScreen: wrong password format.
[2019-09-02 11:21:01,778] [DEBUG] : SignUpScreen: passwords do not match.
[2019-09-02 11:21:11,288] [DEBUG] : Homeboard: labels are configured.
[2019-09-02 11:21:11,289] [INFO] : SignUpScreen: User: fili@dim.com is created.
[2019-09-02 11:21:27,435] [DEBUG] : NewPuzzleScreen: labels are configured
[2019-09-02 11:21:37,372] [DEBUG] : NewPuzzleScreen: CAMERA_CALLED is changed to FullPuzzle
[2019-09-02 11:21:37,374] [DEBUG] : CameraScreen: labels configured.
[2019-09-02 11:21:41,653] [DEBUG] : NewPuzzleScreen: labels are configured
[2019-09-02 11:21:41,653] [DEBUG] : NewPuzzleScreen: labels are configured
[2019-09-02 11:21:41,654] [DEBUG] : CameraScreen: go_back is called.
[2019-09-02 11:21:44,392] [DEBUG] : NewPuzzleScreen: DIRECTORY_CALLED is changed to FullPuzzle
[2019-09-02 11:21:44,392] [DEBUG] : NewPuzzleScreen: DIRECTORY_CALLED is changed to FullPuzzle
[2019-09-02 11:21:44,394] [DEBUG] : ChooseFileScreen: labels are configured.
[2019-09-02 11:22:12,678] [INFO] : ChooseFileScreen: file C:\Users\Filip.Dimovski\Documents\PuzzleSolver\files\images\background.jpg is copied
[2019-09-02 11:22:12,680] [DEBUG] : NewPuzzleScreen: labels are configured
[2019-09-02 11:22:12,680] [DEBUG] : NewPuzzleScreen: labels are configured
[2019-09-02 11:22:12,680] [DEBUG] : NewPuzzleScreen: labels are configured
[2019-09-02 11:22:15,898] [DEBUG] : PuzzleConnection: check_user_puzzle_rel:False
[2019-09-02 11:22:15,902] [WARNING] : NewPuzzleScreen: 
[2019-09-02 11:22:15,902] [WARNING] : NewPuzzleScreen: 
[2019-09-02 11:22:15,902] [WARNING] : NewPuzzleScreen: 
[2019-09-02 11:22:22,026] [DEBUG] : NewPuzzleScreen: DIRECTORY_CALLED is changed to PiecesPuzzle
[2019-09-02 11:22:22,026] [DEBUG] : NewPuzzleScreen: DIRECTORY_CALLED is changed to PiecesPuzzle
[2019-09-02 11:22:22,026] [DEBUG] : NewPuzzleScreen: DIRECTORY_CALLED is changed to PiecesPuzzle
[2019-09-02 11:22:22,029] [DEBUG] : ChooseFileScreen: labels are configured.
[2019-09-02 11:22:22,029] [DEBUG] : ChooseFileScreen: labels are configured.
[2019-09-02 11:22:23,956] [DEBUG] : NewPuzzleScreen: labels are configured
[2019-09-02 11:22:23,956] [DEBUG] : NewPuzzleScreen: labels are configured
[2019-09-02 11:22:23,956] [DEBUG] : NewPuzzleScreen: labels are configured
[2019-09-02 11:22:23,956] [DEBUG] : NewPuzzleScreen: labels are configured
[2019-09-02 11:22:25,048] [DEBUG] : NewPuzzleScreen: CAMERA_CALLED is changed to PiecesPuzzle
[2019-09-02 11:22:25,048] [DEBUG] : NewPuzzleScreen: CAMERA_CALLED is changed to PiecesPuzzle
[2019-09-02 11:22:25,048] [DEBUG] : NewPuzzleScreen: CAMERA_CALLED is changed to PiecesPuzzle
[2019-09-02 11:22:25,048] [DEBUG] : NewPuzzleScreen: CAMERA_CALLED is changed to PiecesPuzzle
[2019-09-02 11:22:25,051] [DEBUG] : CameraScreen: labels configured.
[2019-09-02 11:22:25,051] [DEBUG] : CameraScreen: labels configured.
[2019-09-02 11:22:26,984] [INFO] : CameraScreen: image temp_puzzle/25_PiecesPuzzle_20190902_112226.png is created.
[2019-09-02 11:22:26,984] [INFO] : CameraScreen: image temp_puzzle/25_PiecesPuzzle_20190902_112226.png is created.
[2019-09-02 11:22:26,986] [DEBUG] : NewPuzzleScreen: labels are configured
[2019-09-02 11:22:26,986] [DEBUG] : NewPuzzleScreen: labels are configured
[2019-09-02 11:22:26,986] [DEBUG] : NewPuzzleScreen: labels are configured
[2019-09-02 11:22:26,986] [DEBUG] : NewPuzzleScreen: labels are configured
[2019-09-02 11:22:26,986] [DEBUG] : NewPuzzleScreen: labels are configured
[2019-09-02 11:22:29,068] [DEBUG] : PuzzleConnection: check_user_puzzle_rel:False
[2019-09-02 11:22:29,068] [DEBUG] : PuzzleConnection: check_user_puzzle_rel:False
[2019-09-02 11:22:29,068] [INFO] : NewPuzzleScreen: Folder users/25/asdasdasdasd_20190902_112229 is created.
[2019-09-02 11:22:29,068] [INFO] : NewPuzzleScreen: Folder users/25/asdasdasdasd_20190902_112229 is created.
[2019-09-02 11:22:29,068] [INFO] : NewPuzzleScreen: Folder users/25/asdasdasdasd_20190902_112229 is created.
[2019-09-02 11:22:29,068] [INFO] : NewPuzzleScreen: Folder users/25/asdasdasdasd_20190902_112229 is created.
[2019-09-02 11:22:29,068] [INFO] : NewPuzzleScreen: Folder users/25/asdasdasdasd_20190902_112229 is created.
[2019-09-02 11:22:29,072] [INFO] : NewPuzzleScreen: file users/25/asdasdasdasd_20190902_112229/FullPuzzle.png is moved
[2019-09-02 11:22:29,072] [INFO] : NewPuzzleScreen: file users/25/asdasdasdasd_20190902_112229/FullPuzzle.png is moved
[2019-09-02 11:22:29,072] [INFO] : NewPuzzleScreen: file users/25/asdasdasdasd_20190902_112229/FullPuzzle.png is moved
[2019-09-02 11:22:29,072] [INFO] : NewPuzzleScreen: file users/25/asdasdasdasd_20190902_112229/FullPuzzle.png is moved
[2019-09-02 11:22:29,072] [INFO] : NewPuzzleScreen: file users/25/asdasdasdasd_20190902_112229/FullPuzzle.png is moved
[2019-09-02 11:22:29,075] [INFO] : NewPuzzleScreen: file users/25/asdasdasdasd_20190902_112229/PiecesPuzzle.png is moved
[2019-09-02 11:22:29,075] [INFO] : NewPuzzleScreen: file users/25/asdasdasdasd_20190902_112229/PiecesPuzzle.png is moved
[2019-09-02 11:22:29,075] [INFO] : NewPuzzleScreen: file users/25/asdasdasdasd_20190902_112229/PiecesPuzzle.png is moved
[2019-09-02 11:22:29,075] [INFO] : NewPuzzleScreen: file users/25/asdasdasdasd_20190902_112229/PiecesPuzzle.png is moved
[2019-09-02 11:22:29,075] [INFO] : NewPuzzleScreen: file users/25/asdasdasdasd_20190902_112229/PiecesPuzzle.png is moved
[2019-09-02 11:22:29,105] [INFO] : PuzzleConnection: puzzle: asdasdasdasd for user id: 25 is created
[2019-09-02 11:22:29,105] [INFO] : PuzzleConnection: puzzle: asdasdasdasd for user id: 25 is created
[2019-09-02 11:22:29,105] [INFO] : PuzzleConnection: puzzle: asdasdasdasd for user id: 25 is created
[2019-09-02 11:22:29,152] [DEBUG] : PuzzleConnection: get_puzzle_id: puzzle_name: asdasdasdasd, user_id: 25, result =27
[2019-09-02 11:22:29,152] [DEBUG] : PuzzleConnection: get_puzzle_id: puzzle_name: asdasdasdasd, user_id: 25, result =27
[2019-09-02 11:22:29,152] [DEBUG] : PuzzleConnection: get_puzzle_id: puzzle_name: asdasdasdasd, user_id: 25, result =27
[2019-09-02 11:22:29,152] [DEBUG] : PuzzleConnection: get_puzzle_id: puzzle_name: asdasdasdasd, user_id: 25, result =27
[2019-09-02 11:22:29,158] [INFO] : PuzzleConnection: puzzle: asdasdasdasd - user id: 25 relation is created
[2019-09-02 11:22:29,158] [INFO] : PuzzleConnection: puzzle: asdasdasdasd - user id: 25 relation is created
[2019-09-02 11:22:29,158] [INFO] : PuzzleConnection: puzzle: asdasdasdasd - user id: 25 relation is created
[2019-09-02 11:22:29,158] [INFO] : PuzzleConnection: puzzle: asdasdasdasd - user id: 25 relation is created
[2019-09-02 11:22:29,184] [DEBUG] : PuzzleConnection: get_puzzle_id: puzzle_name: asdasdasdasd, user_id: 25, result =27
[2019-09-02 11:22:29,184] [DEBUG] : PuzzleConnection: get_puzzle_id: puzzle_name: asdasdasdasd, user_id: 25, result =27
[2019-09-02 11:22:29,184] [DEBUG] : PuzzleConnection: get_puzzle_id: puzzle_name: asdasdasdasd, user_id: 25, result =27
[2019-09-02 11:22:29,184] [DEBUG] : PuzzleConnection: get_puzzle_id: puzzle_name: asdasdasdasd, user_id: 25, result =27
[2019-09-02 11:22:29,184] [DEBUG] : PuzzleConnection: get_puzzle_id: puzzle_name: asdasdasdasd, user_id: 25, result =27
[2019-09-02 11:22:29,184] [INFO] : NewPuzzleScreen: Puzzle is solved.
[2019-09-02 11:22:29,184] [INFO] : NewPuzzleScreen: Puzzle is solved.
[2019-09-02 11:22:29,184] [INFO] : NewPuzzleScreen: Puzzle is solved.
[2019-09-02 11:22:29,184] [INFO] : NewPuzzleScreen: Puzzle is solved.
[2019-09-02 11:22:29,184] [INFO] : NewPuzzleScreen: Puzzle is solved.
[2019-09-02 11:22:29,187] [DEBUG] : PictureViewScreen: labels are configured
[2019-09-02 11:23:48,010] [DEBUG] : PuzzleConnection: get_puzzle_full_path called for Puzzle id:27. Full Path:users/25/asdasdasdasd_20190902_112229/FullPuzzle.png
[2019-09-02 11:23:48,010] [DEBUG] : PuzzleConnection: get_puzzle_full_path called for Puzzle id:27. Full Path:users/25/asdasdasdasd_20190902_112229/FullPuzzle.png
[2019-09-02 11:23:48,010] [DEBUG] : PuzzleConnection: get_puzzle_full_path called for Puzzle id:27. Full Path:users/25/asdasdasdasd_20190902_112229/FullPuzzle.png
[2019-09-02 11:23:48,010] [DEBUG] : PuzzleConnection: get_puzzle_full_path called for Puzzle id:27. Full Path:users/25/asdasdasdasd_20190902_112229/FullPuzzle.png
[2019-09-02 11:23:48,010] [DEBUG] : PuzzleConnection: get_puzzle_full_path called for Puzzle id:27. Full Path:users/25/asdasdasdasd_20190902_112229/FullPuzzle.png
[2019-09-02 11:23:48,010] [DEBUG] : PuzzleConnection: get_puzzle_full_path called for Puzzle id:27. Full Path:users/25/asdasdasdasd_20190902_112229/FullPuzzle.png
[2019-09-02 11:23:48,010] [DEBUG] : PictureViewScreen: full_puzzle_on_click is called for puzzle: users/25/asdasdasdasd_20190902_112229/FullPuzzle.png 
[2019-09-02 11:23:48,094] [INFO] : PictureScreen: called for picture:users/25/asdasdasdasd_20190902_112229/FullPuzzle.png
[2019-09-02 11:23:50,318] [DEBUG] : PictureViewScreen: labels are configured
[2019-09-02 11:23:50,318] [DEBUG] : PictureViewScreen: labels are configured
[2019-09-02 11:23:51,736] [DEBUG] : PuzzleConnection: get_puzzle_pieces_path called for Puzzle id:27. Pieces Path:users/25/asdasdasdasd_20190902_112229/PiecesPuzzle.png
[2019-09-02 11:23:51,736] [DEBUG] : PuzzleConnection: get_puzzle_pieces_path called for Puzzle id:27. Pieces Path:users/25/asdasdasdasd_20190902_112229/PiecesPuzzle.png
[2019-09-02 11:23:51,736] [DEBUG] : PuzzleConnection: get_puzzle_pieces_path called for Puzzle id:27. Pieces Path:users/25/asdasdasdasd_20190902_112229/PiecesPuzzle.png
[2019-09-02 11:23:51,736] [DEBUG] : PuzzleConnection: get_puzzle_pieces_path called for Puzzle id:27. Pieces Path:users/25/asdasdasdasd_20190902_112229/PiecesPuzzle.png
[2019-09-02 11:23:51,736] [DEBUG] : PuzzleConnection: get_puzzle_pieces_path called for Puzzle id:27. Pieces Path:users/25/asdasdasdasd_20190902_112229/PiecesPuzzle.png
[2019-09-02 11:23:51,736] [DEBUG] : PuzzleConnection: get_puzzle_pieces_path called for Puzzle id:27. Pieces Path:users/25/asdasdasdasd_20190902_112229/PiecesPuzzle.png
[2019-09-02 11:23:51,736] [DEBUG] : PuzzleConnection: get_puzzle_pieces_path called for Puzzle id:27. Pieces Path:users/25/asdasdasdasd_20190902_112229/PiecesPuzzle.png
[2019-09-02 11:23:51,737] [DEBUG] : PictureViewScreen: pieces_puzzle_on_click is called for puzzle: users/25/asdasdasdasd_20190902_112229/PiecesPuzzle.png 
[2019-09-02 11:23:51,737] [DEBUG] : PictureViewScreen: pieces_puzzle_on_click is called for puzzle: users/25/asdasdasdasd_20190902_112229/PiecesPuzzle.png 
[2019-09-02 11:23:51,769] [INFO] : PictureScreen: called for picture:users/25/asdasdasdasd_20190902_112229/PiecesPuzzle.png
[2019-09-02 11:23:51,769] [INFO] : PictureScreen: called for picture:users/25/asdasdasdasd_20190902_112229/PiecesPuzzle.png
[2019-09-02 11:23:53,788] [DEBUG] : PictureViewScreen: labels are configured
[2019-09-02 11:23:53,788] [DEBUG] : PictureViewScreen: labels are configured
[2019-09-02 11:23:53,788] [DEBUG] : PictureViewScreen: labels are configured
[2019-09-02 11:24:09,436] [DEBUG] : PictureViewScreen: btn_goback is clicked
[2019-09-02 11:24:09,436] [DEBUG] : PictureViewScreen: btn_goback is clicked
[2019-09-02 11:24:09,436] [DEBUG] : PictureViewScreen: btn_goback is clicked
[2019-09-02 11:24:09,461] [DEBUG] : PuzzleConnection: fetch_all_puzzles called
[2019-09-02 11:24:09,461] [DEBUG] : PuzzleConnection: fetch_all_puzzles called
[2019-09-02 11:24:09,461] [DEBUG] : PuzzleConnection: fetch_all_puzzles called
[2019-09-02 11:24:09,461] [DEBUG] : PuzzleConnection: fetch_all_puzzles called
[2019-09-02 11:24:09,461] [DEBUG] : PuzzleConnection: fetch_all_puzzles called
[2019-09-02 11:24:09,461] [DEBUG] : PuzzleConnection: fetch_all_puzzles called
[2019-09-02 11:24:09,461] [DEBUG] : PuzzleConnection: fetch_all_puzzles called
[2019-09-02 11:24:09,461] [DEBUG] : PuzzleConnection: fetch_all_puzzles called
[2019-09-02 11:24:09,462] [DEBUG] : MyPuzzleScreen: puzzles are loaded
[2019-09-02 11:24:10,698] [DEBUG] : Homeboard: labels are configured.
[2019-09-02 11:24:10,698] [DEBUG] : Homeboard: labels are configured.
[2019-09-02 11:24:36,596] [INFO] : RootScreen: App has started
[2019-09-02 11:24:40,388] [DEBUG] : LanguageScreen: mk language is used
[2019-09-02 11:24:42,053] [DEBUG] : Homeboard:  No-user
[2019-09-02 11:24:42,054] [DEBUG] : Homeboard: labels are configured.
[2019-09-02 11:24:44,243] [DEBUG] : NewPuzzleScreen: labels are configured
[2019-09-02 11:24:50,026] [DEBUG] : NewPuzzleScreen: DIRECTORY_CALLED is changed to FullPuzzle
[2019-09-02 11:24:50,028] [DEBUG] : ChooseFileScreen: labels are configured.
[2019-09-02 11:24:52,710] [DEBUG] : NewPuzzleScreen: labels are configured
[2019-09-02 11:24:52,710] [DEBUG] : NewPuzzleScreen: labels are configured
[2019-09-02 11:28:13,672] [DEBUG] : NewPuzzleScreen: go_back is called.
[2019-09-02 11:28:13,672] [DEBUG] : NewPuzzleScreen: go_back is called.
[2019-09-02 11:28:13,675] [DEBUG] : Homeboard:  No-user
[2019-09-02 11:28:13,675] [DEBUG] : Homeboard:  No-user
[2019-09-02 11:28:13,675] [DEBUG] : Homeboard: labels are configured.
[2019-09-02 11:28:13,675] [DEBUG] : Homeboard: labels are configured.
[2019-09-02 11:28:15,265] [INFO] : Homeboard: User has signed out
[2019-09-02 11:28:15,265] [INFO] : Homeboard: User has signed out
[2019-09-02 11:30:25,348] [INFO] : RootScreen: App has started
[2019-09-02 11:30:28,646] [DEBUG] : LanguageScreen: en language is used
[2019-09-02 11:30:29,856] [DEBUG] : SignInScreen: labels are configured
[2019-09-02 11:30:56,901] [DEBUG] : Homeboard: labels are configured.
[2019-09-02 11:30:56,902] [INFO] : SignInScreen: User filip@dimovski.com is successfully signed in
