[2019-12-22 19:57:48,692] [INFO] : RootScreen: App has started
[2019-12-22 19:58:17,757] [DEBUG] : LanguageScreen: mk language is used
[2019-12-22 19:58:19,109] [DEBUG] : SignInScreen: labels are configured
[2019-12-22 19:58:44,714] [WARNING] : SignInScreen: userName and password do not match
[2019-12-22 19:58:48,800] [DEBUG] : Homeboard: labels are configured.
[2019-12-22 19:58:48,800] [INFO] : SignInScreen: User demo@test.com is successfully signed in
[2019-12-22 19:58:55,522] [DEBUG] : ManageUserScreen: labels are configured
[2019-12-22 20:03:27,350] [INFO] : RootScreen: App has started
[2019-12-22 20:03:34,876] [DEBUG] : LanguageScreen: mk language is used
[2019-12-22 20:03:36,220] [DEBUG] : SignInScreen: labels are configured
[2019-12-22 20:03:48,503] [DEBUG] : Homeboard: labels are configured.
[2019-12-22 20:03:48,503] [INFO] : SignInScreen: User demo@test.com is successfully signed in
[2019-12-22 20:03:50,207] [DEBUG] : ManageUserScreen: labels are configured
[2019-12-22 20:04:03,864] [DEBUG] : ChangePasswordScreen: labels are configured
[2019-12-22 20:35:51,789] [DEBUG] : ManageUserScreen: labels are configured
[2019-12-22 20:35:53,084] [DEBUG] : ManageUserScreen: delete user popup
[2019-12-22 20:35:55,085] [DEBUG] : Homeboard: labels are configured.
[2019-12-22 20:36:08,541] [DEBUG] : NewPuzzleScreen: labels are configured
[2019-12-22 20:36:12,026] [DEBUG] : NewPuzzleScreen: go_back is called.
[2019-12-22 20:36:12,055] [DEBUG] : Homeboard: labels are configured.
[2019-12-22 20:43:05,869] [DEBUG] : NewPuzzleScreen: labels are configured
[2019-12-22 20:43:06,831] [DEBUG] : NewPuzzleScreen: CAMERA_CALLED is changed to FullPuzzle
[2019-12-22 20:43:06,832] [DEBUG] : CameraScreen: labels configured.
[2019-12-22 20:43:08,410] [INFO] : CameraScreen: image temp_puzzle/40_FullPuzzle_20191222_204308.png is created.
[2019-12-22 20:43:08,420] [DEBUG] : NewPuzzleScreen: labels are configured
[2019-12-22 20:43:09,845] [DEBUG] : NewPuzzleScreen: CAMERA_CALLED is changed to PiecesPuzzle
[2019-12-22 20:43:09,845] [DEBUG] : CameraScreen: labels configured.
[2019-12-22 20:43:11,221] [INFO] : CameraScreen: image temp_puzzle/40_PiecesPuzzle_20191222_204310.png is created.
[2019-12-22 20:43:11,222] [DEBUG] : NewPuzzleScreen: labels are configured
[2019-12-22 20:43:13,898] [DEBUG] : PuzzleConnection: check_user_puzzle_rel:False
[2019-12-22 20:43:14,239] [DEBUG] : PuzzleSolution: progressbar pop is open
[2019-12-22 20:43:14,239] [DEBUG] : PuzzleSolution: initialize
[2019-12-22 20:43:14,239] [DEBUG] : PuzzleSolution: solve_puzzle is called.
[2019-12-22 20:43:14,241] [DEBUG] : PuzzleSolution: solve_puzzle_algorithm is called.
[2019-12-22 20:43:14,271] [INFO] : NewPuzzleScreen: Puzzle is solved.
[2019-12-22 20:43:14,273] [DEBUG] : PictureViewScreen: labels are configured
[2019-12-22 20:43:15,414] [DEBUG] : PuzzleSolution: progress_bar.value =4
[2019-12-22 20:43:16,412] [DEBUG] : PuzzleSolution: progress_bar.value =7
[2019-12-22 20:43:17,407] [DEBUG] : PuzzleSolution: progress_bar.value =10
[2019-12-22 20:43:18,408] [DEBUG] : PuzzleSolution: progress_bar.value =13
[2019-12-22 20:43:19,412] [DEBUG] : PuzzleSolution: progress_bar.value =16
[2019-12-22 20:43:20,412] [DEBUG] : PuzzleSolution: progress_bar.value =19
[2019-12-22 20:43:21,406] [DEBUG] : PuzzleSolution: progress_bar.value =22
[2019-12-22 20:43:22,413] [DEBUG] : PuzzleSolution: progress_bar.value =25
[2019-12-22 20:43:23,416] [DEBUG] : PuzzleSolution: progress_bar.value =28
[2019-12-22 20:43:24,463] [DEBUG] : PuzzleSolution: progress_bar.value =31
[2019-12-22 20:43:25,436] [DEBUG] : PuzzleSolution: progress_bar.value =34
[2019-12-22 20:43:26,435] [DEBUG] : PuzzleSolution: progress_bar.value =37
[2019-12-22 20:43:27,442] [DEBUG] : PuzzleSolution: progress_bar.value =40
[2019-12-22 20:43:28,478] [DEBUG] : PuzzleSolution: progress_bar.value =43
[2019-12-22 20:43:29,459] [DEBUG] : PuzzleSolution: progress_bar.value =46
[2019-12-22 20:43:30,451] [DEBUG] : PuzzleSolution: progress_bar.value =49
[2019-12-22 20:43:31,454] [DEBUG] : PuzzleSolution: progress_bar.value =52
[2019-12-22 20:43:32,455] [DEBUG] : PuzzleSolution: progress_bar.value =55
[2019-12-22 20:43:33,454] [DEBUG] : PuzzleSolution: progress_bar.value =58
[2019-12-22 20:43:34,460] [DEBUG] : PuzzleSolution: progress_bar.value =61
[2019-12-22 20:43:35,465] [DEBUG] : PuzzleSolution: progress_bar.value =64
[2019-12-22 20:43:36,458] [DEBUG] : PuzzleSolution: progress_bar.value =67
[2019-12-22 20:43:37,453] [DEBUG] : PuzzleSolution: progress_bar.value =70
[2019-12-22 20:43:38,459] [DEBUG] : PuzzleSolution: progress_bar.value =73
[2019-12-22 20:43:39,466] [DEBUG] : PuzzleSolution: progress_bar.value =76
[2019-12-22 20:43:40,471] [DEBUG] : PuzzleSolution: progress_bar.value =79
[2019-12-22 20:43:41,464] [DEBUG] : PuzzleSolution: progress_bar.value =82
[2019-12-22 20:43:42,465] [DEBUG] : PuzzleSolution: progress_bar.value =85
[2019-12-22 20:43:43,506] [DEBUG] : PuzzleSolution: progress_bar.value =88
[2019-12-22 20:43:44,497] [DEBUG] : PuzzleSolution: progress_bar.value =91
[2019-12-22 20:43:45,495] [DEBUG] : PuzzleSolution: progress_bar.value =94
[2019-12-22 20:43:46,501] [DEBUG] : PuzzleSolution: progress_bar.value =97
[2019-12-22 20:43:47,511] [DEBUG] : PuzzleSolution: progress_bar.value =100.0
[2019-12-22 20:45:16,442] [INFO] : RootScreen: App has started
[2019-12-22 20:45:39,379] [DEBUG] : LanguageScreen: mk language is used
[2019-12-22 20:45:40,800] [DEBUG] : SignInScreen: labels are configured
[2019-12-22 20:45:53,197] [DEBUG] : Homeboard: labels are configured.
[2019-12-22 20:45:53,198] [INFO] : SignInScreen: User demo@test.com is successfully signed in
[2019-12-22 20:45:55,433] [DEBUG] : NewPuzzleScreen: labels are configured
[2019-12-22 20:45:58,452] [DEBUG] : NewPuzzleScreen: CAMERA_CALLED is changed to FullPuzzle
[2019-12-22 20:45:58,456] [DEBUG] : CameraScreen: labels configured.
[2019-12-22 20:46:00,279] [DEBUG] : NewPuzzleScreen: labels are configured
[2019-12-22 20:46:00,279] [DEBUG] : CameraScreen: go_back is called.
[2019-12-22 20:46:01,241] [DEBUG] : NewPuzzleScreen: CAMERA_CALLED is changed to PiecesPuzzle
[2019-12-22 20:46:01,242] [DEBUG] : CameraScreen: labels configured.
[2019-12-22 20:46:02,356] [DEBUG] : NewPuzzleScreen: labels are configured
[2019-12-22 20:46:02,356] [DEBUG] : CameraScreen: go_back is called.
[2019-12-22 20:46:03,268] [DEBUG] : NewPuzzleScreen: CAMERA_CALLED is changed to FullPuzzle
[2019-12-22 20:46:03,268] [DEBUG] : CameraScreen: labels configured.
[2019-12-22 20:46:04,342] [INFO] : CameraScreen: image temp_puzzle/40_FullPuzzle_20191222_204604.png is created.
[2019-12-22 20:46:04,353] [DEBUG] : NewPuzzleScreen: labels are configured
[2019-12-22 20:46:05,224] [DEBUG] : NewPuzzleScreen: CAMERA_CALLED is changed to PiecesPuzzle
[2019-12-22 20:46:05,224] [DEBUG] : CameraScreen: labels configured.
[2019-12-22 20:46:06,279] [INFO] : CameraScreen: image temp_puzzle/40_PiecesPuzzle_20191222_204606.png is created.
[2019-12-22 20:46:06,280] [DEBUG] : NewPuzzleScreen: labels are configured
[2019-12-22 20:46:07,549] [DEBUG] : PuzzleConnection: check_user_puzzle_rel:False
[2019-12-22 20:46:07,549] [INFO] : NewPuzzleScreen: Folder users/40/tst_20191222_204607 is created.
[2019-12-22 20:46:07,553] [INFO] : NewPuzzleScreen: file users/40/tst_20191222_204607/FullPuzzle.png is moved
[2019-12-22 20:46:07,556] [INFO] : NewPuzzleScreen: file users/40/tst_20191222_204607/PiecesPuzzle.png is moved
[2019-12-22 20:46:07,584] [INFO] : PuzzleConnection: puzzle: tst for user id: 40 is created
[2019-12-22 20:46:07,617] [DEBUG] : PuzzleConnection: get_puzzle_id: puzzle_name: tst, user_id: 40, result =111
[2019-12-22 20:46:07,620] [INFO] : PuzzleConnection: puzzle: tst - user id: 40 relation is created
[2019-12-22 20:46:07,637] [DEBUG] : PuzzleConnection: get_puzzle_id: puzzle_name: tst, user_id: 40, result =111
[2019-12-22 20:46:07,655] [DEBUG] : PuzzleConnection: get_puzzle_folder_path called for Puzzle id:111. Full Path:users/40/tst_20191222_204607/FullPuzzle.png
[2019-12-22 20:46:07,773] [DEBUG] : PuzzleSolution: progressbar pop is open
[2019-12-22 20:46:07,773] [DEBUG] : PuzzleSolution: initialize
[2019-12-22 20:46:07,773] [DEBUG] : PuzzleSolution: solve_puzzle is called.
[2019-12-22 20:46:07,774] [DEBUG] : PuzzleSolution: solve_puzzle_algorithm is called.
[2019-12-22 20:46:07,794] [DEBUG] : PuzzleConnection: update_puzzle_solution called for Puzzle id:111. Solution Path:users/40/tst_20191222_204607//SolutionPuzzle.png
[2019-12-22 20:46:07,794] [INFO] : NewPuzzleScreen: Puzzle is solved.
[2019-12-22 20:46:07,796] [DEBUG] : PictureViewScreen: labels are configured
[2019-12-22 20:46:07,921] [INFO] : PuzzleSolution: Number of Contours found = 6
[2019-12-22 20:46:07,957] [DEBUG] : PuzzleSolution:  part puzzle users/40/tst_20191222_204607/piece1.png is created
[2019-12-22 20:46:07,957] [DEBUG] : PuzzleSolution:  future_matches is called.
[2019-12-22 20:46:08,186] [DEBUG] : PuzzleSolution:  future_matches match found at: 379.59460770456417 : 213.0671880621659
[2019-12-22 20:46:08,932] [DEBUG] : PuzzleSolution: progress_bar.value =17.666666666666668
[2019-12-22 20:46:08,933] [DEBUG] : PuzzleSolution: progress_bar.value =34.333333333333336
[2019-12-22 20:46:09,844] [DEBUG] : PuzzleConnection: get_puzzle_solution_path called for Puzzle id:111. Solution Path:users/40/tst_20191222_204607//SolutionPuzzle.png
[2019-12-22 20:46:09,844] [DEBUG] : PictureViewScreen: solution_puzzle_on_click is called for puzzle: users/40/tst_20191222_204607//SolutionPuzzle.png 
[2019-12-22 20:46:09,906] [INFO] : PictureScreen: called for picture:users/40/tst_20191222_204607//SolutionPuzzle.png
[2019-12-22 20:46:09,935] [DEBUG] : PuzzleSolution: progress_bar.value =51.0
[2019-12-22 20:46:09,935] [DEBUG] : PuzzleSolution: progress_bar.value =67.66666666666667
[2019-12-22 20:46:10,938] [DEBUG] : PuzzleSolution: progress_bar.value =84.33333333333334
[2019-12-22 20:46:10,938] [DEBUG] : PuzzleSolution: progress_bar.value =100.0
[2019-12-22 20:46:19,979] [DEBUG] : PictureViewScreen: labels are configured
[2019-12-22 20:46:23,747] [DEBUG] : PictureViewScreen: btn_goback is clicked
[2019-12-22 20:46:23,793] [DEBUG] : PuzzleConnection: fetch_all_puzzles called
[2019-12-22 20:46:23,794] [DEBUG] : MyPuzzleScreen: puzzles are loaded
[2019-12-22 20:48:22,758] [INFO] : RootScreen: App has started
[2019-12-22 20:48:29,552] [DEBUG] : LanguageScreen: mk language is used
[2019-12-22 20:48:30,467] [DEBUG] : SignInScreen: labels are configured
[2019-12-22 20:48:50,049] [DEBUG] : Homeboard: labels are configured.
[2019-12-22 20:48:50,049] [INFO] : SignInScreen: User demo@test.com is successfully signed in
[2019-12-22 20:48:51,814] [DEBUG] : PuzzleConnection: fetch_all_puzzles called
[2019-12-22 20:48:51,815] [DEBUG] : MyPuzzleScreen: puzzles are loaded
[2019-12-22 20:48:53,184] [DEBUG] : PictureViewScreen: labels are configured
[2019-12-22 20:48:54,901] [DEBUG] : PictureViewScreen: delete puzzle popup
[2019-12-22 20:48:56,826] [INFO] : PictureViewScreen: delete puzzle is called
[2019-12-22 20:48:56,917] [INFO] : PuzzleConnection delete_user_puzzle_rel called for puzzle_id: 110.
[2019-12-22 20:48:56,940] [INFO] : PuzzleConnection delete_puzzle_info called for puzzle_id: 110.
[2019-12-22 20:48:57,018] [DEBUG] : PuzzleConnection: fetch_all_puzzles called
[2019-12-22 20:48:57,018] [DEBUG] : MyPuzzleScreen: puzzles are loaded
