[2020-01-03 15:34:12,442] [INFO] : RootScreen: App has started
[2020-01-03 15:34:40,252] [DEBUG] : LanguageScreen: mk language is used
[2020-01-03 15:34:41,201] [DEBUG] : Homeboard:  No-user
[2020-01-03 15:34:41,201] [DEBUG] : Homeboard: labels are configured.
[2020-01-03 15:34:42,003] [DEBUG] : NewPuzzleScreen: labels are configured
[2020-01-03 15:34:46,243] [DEBUG] : NewPuzzleScreen: DIRECTORY_CALLED is changed to FullPuzzle
[2020-01-03 15:34:46,245] [DEBUG] : ChooseFileScreen: labels are configured.
[2020-01-03 15:35:04,639] [INFO] : ChooseFileScreen: file C:\Users\Filip.Dimovski\Desktop\FullPicture.png is copied
[2020-01-03 15:35:04,650] [DEBUG] : NewPuzzleScreen: labels are configured
[2020-01-03 15:35:05,613] [DEBUG] : NewPuzzleScreen: DIRECTORY_CALLED is changed to PiecesPuzzle
[2020-01-03 15:35:05,615] [DEBUG] : ChooseFileScreen: labels are configured.
[2020-01-03 15:35:08,183] [INFO] : ChooseFileScreen: file C:\Users\Filip.Dimovski\Desktop\PiecesPuzzle.jpg is copied
[2020-01-03 15:35:08,184] [DEBUG] : NewPuzzleScreen: labels are configured
[2020-01-03 15:35:10,449] [DEBUG] : PuzzleConnection: check_user_puzzle_rel:False
[2020-01-03 15:35:10,451] [INFO] : NewPuzzleScreen: Folder users/0/test_20200103_153510 is created.
[2020-01-03 15:35:10,453] [INFO] : NewPuzzleScreen: file users/0/test_20200103_153510/FullPuzzle.png is moved
[2020-01-03 15:35:10,456] [INFO] : NewPuzzleScreen: file users/0/test_20200103_153510/PiecesPuzzle.png is moved
[2020-01-03 15:35:10,598] [DEBUG] : PuzzleSolution: progressbar pop is open
[2020-01-03 15:35:10,599] [DEBUG] : PuzzleSolution: initialize
[2020-01-03 15:35:10,599] [DEBUG] : PuzzleSolution: solve_puzzle is called.
[2020-01-03 15:35:10,599] [DEBUG] : PuzzleSolution: solve_puzzle_algorithm is called.
[2020-01-03 15:35:10,630] [DEBUG] : PuzzleConnection: update_puzzle_solution called for Puzzle id:0. Solution Path:users/0/test_20200103_153510//SolutionPuzzle.png
[2020-01-03 15:35:10,631] [INFO] : NewPuzzleScreen: Puzzle is solved.
[2020-01-03 15:35:10,633] [DEBUG] : PictureViewScreen: labels are configured
[2020-01-03 15:35:10,674] [INFO] : PuzzleSolution: Number of Contours found = 25
[2020-01-03 15:35:10,726] [DEBUG] : PuzzleSolution:  part puzzle users/0/test_20200103_153510/piece1.png is created
[2020-01-03 15:35:10,727] [DEBUG] : PuzzleSolution:  future_matches is called.
[2020-01-03 15:35:11,123] [DEBUG] : PuzzleSolution:  future_matches match found at: 548.4215698242188 : 287.5209655761719
[2020-01-03 15:35:11,148] [DEBUG] : PuzzleSolution:  part puzzle users/0/test_20200103_153510/piece2.png is created
[2020-01-03 15:35:11,148] [DEBUG] : PuzzleSolution:  future_matches is called.
[2020-01-03 15:35:11,333] [DEBUG] : PuzzleSolution:  part puzzle users/0/test_20200103_153510/piece3.png is created
[2020-01-03 15:35:11,333] [DEBUG] : PuzzleSolution:  future_matches is called.
[2020-01-03 15:35:11,517] [DEBUG] : PuzzleSolution:  part puzzle users/0/test_20200103_153510/piece4.png is created
[2020-01-03 15:35:11,517] [DEBUG] : PuzzleSolution:  future_matches is called.
[2020-01-03 15:35:11,676] [DEBUG] : PuzzleSolution: progress_bar.value =5.0
[2020-01-03 15:35:11,704] [DEBUG] : PuzzleSolution:  part puzzle users/0/test_20200103_153510/piece5.png is created
[2020-01-03 15:35:11,704] [DEBUG] : PuzzleSolution:  future_matches is called.
[2020-01-03 15:35:11,779] [DEBUG] : PuzzleSolution: progress_bar.value =9.0
[2020-01-03 15:35:11,894] [DEBUG] : PuzzleSolution:  part puzzle users/0/test_20200103_153510/piece6.png is created
[2020-01-03 15:35:11,894] [DEBUG] : PuzzleSolution:  future_matches is called.
[2020-01-03 15:35:12,074] [DEBUG] : PuzzleSolution:  part puzzle users/0/test_20200103_153510/piece7.png is created
[2020-01-03 15:35:12,075] [DEBUG] : PuzzleSolution:  future_matches is called.
[2020-01-03 15:35:12,256] [DEBUG] : PuzzleSolution:  future_matches match found at: 394.5739440917969 : 114.53587532043457
[2020-01-03 15:35:12,282] [DEBUG] : PuzzleSolution:  part puzzle users/0/test_20200103_153510/piece8.png is created
[2020-01-03 15:35:12,282] [DEBUG] : PuzzleSolution:  future_matches is called.
[2020-01-03 15:35:12,493] [DEBUG] : PuzzleSolution:  part puzzle users/0/test_20200103_153510/piece9.png is created
[2020-01-03 15:35:12,493] [DEBUG] : PuzzleSolution:  future_matches is called.
[2020-01-03 15:35:12,679] [DEBUG] : PuzzleSolution: progress_bar.value =13.0
[2020-01-03 15:35:12,694] [DEBUG] : PuzzleSolution:  part puzzle users/0/test_20200103_153510/piece10.png is created
[2020-01-03 15:35:12,694] [DEBUG] : PuzzleSolution:  future_matches is called.
[2020-01-03 15:35:12,782] [DEBUG] : PuzzleSolution: progress_bar.value =17.0
[2020-01-03 15:35:12,895] [DEBUG] : PuzzleSolution:  part puzzle users/0/test_20200103_153510/piece11.png is created
[2020-01-03 15:35:12,895] [DEBUG] : PuzzleSolution:  future_matches is called.
[2020-01-03 15:35:13,079] [DEBUG] : PuzzleSolution:  future_matches match found at: 394.5739440917969 : 114.53587532043457
[2020-01-03 15:35:13,103] [DEBUG] : PuzzleSolution:  part puzzle users/0/test_20200103_153510/piece12.png is created
[2020-01-03 15:35:13,103] [DEBUG] : PuzzleSolution:  future_matches is called.
[2020-01-03 15:35:13,291] [DEBUG] : PuzzleSolution:  part puzzle users/0/test_20200103_153510/piece13.png is created
[2020-01-03 15:35:13,291] [DEBUG] : PuzzleSolution:  future_matches is called.
[2020-01-03 15:35:13,486] [DEBUG] : PuzzleSolution:  part puzzle users/0/test_20200103_153510/piece14.png is created
[2020-01-03 15:35:13,486] [DEBUG] : PuzzleSolution:  future_matches is called.
[2020-01-03 15:35:13,674] [DEBUG] : PuzzleSolution: progress_bar.value =21.0
[2020-01-03 15:35:13,682] [DEBUG] : PuzzleSolution:  part puzzle users/0/test_20200103_153510/piece15.png is created
[2020-01-03 15:35:13,683] [DEBUG] : PuzzleSolution:  future_matches is called.
[2020-01-03 15:35:13,787] [DEBUG] : PuzzleSolution: progress_bar.value =25.0
[2020-01-03 15:35:13,891] [DEBUG] : PuzzleSolution:  part puzzle users/0/test_20200103_153510/piece16.png is created
[2020-01-03 15:35:13,891] [DEBUG] : PuzzleSolution:  future_matches is called.
[2020-01-03 15:35:14,081] [DEBUG] : PuzzleSolution:  part puzzle users/0/test_20200103_153510/piece17.png is created
[2020-01-03 15:35:14,082] [DEBUG] : PuzzleSolution:  future_matches is called.
[2020-01-03 15:35:14,276] [DEBUG] : PuzzleSolution:  part puzzle users/0/test_20200103_153510/piece18.png is created
[2020-01-03 15:35:14,276] [DEBUG] : PuzzleSolution:  future_matches is called.
[2020-01-03 15:35:14,458] [DEBUG] : PuzzleSolution:  future_matches match found at: 456.94165802001953 : 48.35907459259033
[2020-01-03 15:35:14,484] [DEBUG] : PuzzleSolution:  part puzzle users/0/test_20200103_153510/piece19.png is created
[2020-01-03 15:35:14,484] [DEBUG] : PuzzleSolution:  future_matches is called.
[2020-01-03 15:35:14,666] [DEBUG] : PuzzleSolution:  part puzzle users/0/test_20200103_153510/piece20.png is created
[2020-01-03 15:35:14,666] [DEBUG] : PuzzleSolution:  future_matches is called.
[2020-01-03 15:35:14,677] [DEBUG] : PuzzleSolution: progress_bar.value =29.0
[2020-01-03 15:35:14,795] [DEBUG] : PuzzleSolution: progress_bar.value =33.0
[2020-01-03 15:35:14,863] [DEBUG] : PuzzleSolution:  part puzzle users/0/test_20200103_153510/piece21.png is created
[2020-01-03 15:35:14,863] [DEBUG] : PuzzleSolution:  future_matches is called.
[2020-01-03 15:35:15,042] [DEBUG] : PuzzleSolution:  part puzzle users/0/test_20200103_153510/piece22.png is created
[2020-01-03 15:35:15,042] [DEBUG] : PuzzleSolution:  future_matches is called.
[2020-01-03 15:35:15,218] [DEBUG] : PuzzleSolution:  part puzzle users/0/test_20200103_153510/piece23.png is created
[2020-01-03 15:35:15,219] [DEBUG] : PuzzleSolution:  future_matches is called.
[2020-01-03 15:35:15,400] [DEBUG] : PuzzleSolution:  part puzzle users/0/test_20200103_153510/piece24.png is created
[2020-01-03 15:35:15,400] [DEBUG] : PuzzleSolution:  future_matches is called.
[2020-01-03 15:35:15,672] [DEBUG] : PuzzleSolution: progress_bar.value =37.0
[2020-01-03 15:35:15,792] [DEBUG] : PuzzleSolution: progress_bar.value =41.0
[2020-01-03 15:35:16,677] [DEBUG] : PuzzleSolution: progress_bar.value =45.0
[2020-01-03 15:35:16,804] [DEBUG] : PuzzleSolution: progress_bar.value =49.0
[2020-01-03 15:35:16,805] [DEBUG] : PictureViewScreen: solution_puzzle_on_click is called for puzzle: users/0/test_20200103_153510/SolutionPuzzle.png 
[2020-01-03 15:35:16,826] [INFO] : PictureScreen: called for picture:users/0/test_20200103_153510/SolutionPuzzle.png
[2020-01-03 15:35:17,676] [DEBUG] : PuzzleSolution: progress_bar.value =53.0
[2020-01-03 15:35:17,811] [DEBUG] : PuzzleSolution: progress_bar.value =57.0
[2020-01-03 15:35:18,678] [DEBUG] : PuzzleSolution: progress_bar.value =61.0
[2020-01-03 15:35:18,816] [DEBUG] : PuzzleSolution: progress_bar.value =65.0
[2020-01-03 15:35:19,676] [DEBUG] : PuzzleSolution: progress_bar.value =69.0
[2020-01-03 15:35:19,821] [DEBUG] : PuzzleSolution: progress_bar.value =73.0
[2020-01-03 15:35:20,685] [DEBUG] : PuzzleSolution: progress_bar.value =77.0
[2020-01-03 15:35:20,823] [DEBUG] : PuzzleSolution: progress_bar.value =81.0
[2020-01-03 15:35:21,684] [DEBUG] : PuzzleSolution: progress_bar.value =85.0
[2020-01-03 15:35:21,819] [DEBUG] : PuzzleSolution: progress_bar.value =89.0
[2020-01-03 15:35:22,707] [DEBUG] : PuzzleSolution: progress_bar.value =93.0
[2020-01-03 15:35:22,824] [DEBUG] : PuzzleSolution: progress_bar.value =97.0
[2020-01-03 15:35:23,705] [DEBUG] : PuzzleSolution: progress_bar.value =100.0
[2020-01-03 15:40:38,754] [INFO] : RootScreen: App has started
[2020-01-03 15:40:44,599] [DEBUG] : LanguageScreen: mk language is used
[2020-01-03 15:40:45,578] [DEBUG] : Homeboard:  No-user
[2020-01-03 15:40:45,578] [DEBUG] : Homeboard: labels are configured.
[2020-01-03 15:40:46,469] [DEBUG] : NewPuzzleScreen: labels are configured
[2020-01-03 15:40:47,518] [DEBUG] : NewPuzzleScreen: DIRECTORY_CALLED is changed to FullPuzzle
[2020-01-03 15:40:47,520] [DEBUG] : ChooseFileScreen: labels are configured.
[2020-01-03 15:41:02,409] [INFO] : ChooseFileScreen: file C:\Users\Filip.Dimovski\Desktop\FullPuzzle.png is copied
[2020-01-03 15:41:02,417] [DEBUG] : NewPuzzleScreen: labels are configured
[2020-01-03 15:41:03,232] [DEBUG] : NewPuzzleScreen: DIRECTORY_CALLED is changed to PiecesPuzzle
[2020-01-03 15:41:03,233] [DEBUG] : ChooseFileScreen: labels are configured.
[2020-01-03 15:41:06,493] [INFO] : ChooseFileScreen: file C:\Users\Filip.Dimovski\Desktop\PiecesPuzzle2.png is copied
[2020-01-03 15:41:06,494] [DEBUG] : NewPuzzleScreen: labels are configured
[2020-01-03 15:41:11,171] [DEBUG] : PuzzleConnection: check_user_puzzle_rel:False
[2020-01-03 15:41:11,174] [INFO] : NewPuzzleScreen: Folder users/0/he_20200103_154111 is created.
[2020-01-03 15:41:11,176] [INFO] : NewPuzzleScreen: file users/0/he_20200103_154111/FullPuzzle.png is moved
[2020-01-03 15:41:11,178] [INFO] : NewPuzzleScreen: file users/0/he_20200103_154111/PiecesPuzzle.png is moved
[2020-01-03 15:41:11,212] [DEBUG] : PuzzleSolution: progressbar pop is open
[2020-01-03 15:41:11,212] [DEBUG] : PuzzleSolution: initialize
[2020-01-03 15:41:11,212] [DEBUG] : PuzzleSolution: solve_puzzle is called.
[2020-01-03 15:41:11,213] [DEBUG] : PuzzleSolution: solve_puzzle_algorithm is called.
[2020-01-03 15:41:11,230] [DEBUG] : PuzzleConnection: update_puzzle_solution called for Puzzle id:0. Solution Path:users/0/he_20200103_154111//SolutionPuzzle.png
[2020-01-03 15:41:11,231] [INFO] : NewPuzzleScreen: Puzzle is solved.
[2020-01-03 15:41:11,242] [DEBUG] : PictureViewScreen: labels are configured
[2020-01-03 15:41:11,243] [INFO] : PuzzleSolution: Number of Contours found = 6
[2020-01-03 15:41:11,288] [DEBUG] : PuzzleSolution:  part puzzle users/0/he_20200103_154111/piece1.png is created
[2020-01-03 15:41:11,288] [DEBUG] : PuzzleSolution:  future_matches is called.
[2020-01-03 15:41:11,496] [DEBUG] : PuzzleSolution:  future_matches match found at: 483.68397521972656 : 245.42086029052734
[2020-01-03 15:41:11,525] [DEBUG] : PuzzleSolution:  part puzzle users/0/he_20200103_154111/piece2.png is created
[2020-01-03 15:41:11,526] [DEBUG] : PuzzleSolution:  future_matches is called.
[2020-01-03 15:41:11,716] [DEBUG] : PuzzleSolution:  future_matches not match found
[2020-01-03 15:41:11,721] [DEBUG] : PuzzleSolution:  part puzzle users/0/he_20200103_154111/piece3.png is created
[2020-01-03 15:41:11,722] [DEBUG] : PuzzleSolution:  future_matches is called.
[2020-01-03 15:41:11,867] [DEBUG] : PuzzleSolution:  part puzzle users/0/he_20200103_154111/piece4.png is created
[2020-01-03 15:41:11,867] [DEBUG] : PuzzleSolution:  future_matches is called.
[2020-01-03 15:41:12,001] [DEBUG] : PuzzleSolution:  future_matches match found at: 408.27178955078125 : 303.97686767578125
[2020-01-03 15:41:12,023] [DEBUG] : PuzzleSolution:  part puzzle users/0/he_20200103_154111/piece5.png is created
[2020-01-03 15:41:12,023] [DEBUG] : PuzzleSolution:  future_matches is called.
[2020-01-03 15:41:12,188] [DEBUG] : PuzzleSolution:  future_matches match found at: 575.0386090959821 : 283.87427847726
[2020-01-03 15:41:12,214] [DEBUG] : PuzzleSolution:  part puzzle users/0/he_20200103_154111/piece6.png is created
[2020-01-03 15:41:12,214] [DEBUG] : PuzzleSolution:  future_matches is called.
[2020-01-03 15:41:12,283] [DEBUG] : PuzzleSolution: progress_bar.value =17.666666666666668
[2020-01-03 15:41:12,367] [DEBUG] : PuzzleSolution: progress_bar.value =34.333333333333336
[2020-01-03 15:41:12,392] [DEBUG] : PuzzleSolution:  future_matches match found at: 400.7087232801649 : 203.37689971923828
[2020-01-03 15:41:13,300] [DEBUG] : PuzzleSolution: progress_bar.value =51.0
[2020-01-03 15:41:13,371] [DEBUG] : PuzzleSolution: progress_bar.value =67.66666666666667
[2020-01-03 15:41:13,531] [DEBUG] : PictureViewScreen: solution_puzzle_on_click is called for puzzle: users/0/he_20200103_154111/SolutionPuzzle.png 
[2020-01-03 15:41:13,556] [INFO] : PictureScreen: called for picture:users/0/he_20200103_154111/SolutionPuzzle.png
[2020-01-03 15:41:14,298] [DEBUG] : PuzzleSolution: progress_bar.value =84.33333333333334
[2020-01-03 15:41:14,372] [DEBUG] : PuzzleSolution: progress_bar.value =100.0
[2020-01-03 15:43:26,941] [DEBUG] : PictureViewScreen: labels are configured
[2020-01-03 15:43:28,135] [DEBUG] : PictureViewScreen: btn_goback is clicked
[2020-01-03 15:43:28,137] [INFO] : PictureViewScreen: File:users/0/he_20200103_154111\FullPuzzle.png is removed
[2020-01-03 15:43:28,139] [INFO] : PictureViewScreen: File:users/0/he_20200103_154111\piece1.png is removed
[2020-01-03 15:43:28,141] [INFO] : PictureViewScreen: File:users/0/he_20200103_154111\piece2.png is removed
[2020-01-03 15:43:28,143] [INFO] : PictureViewScreen: File:users/0/he_20200103_154111\piece3.png is removed
[2020-01-03 15:43:28,145] [INFO] : PictureViewScreen: File:users/0/he_20200103_154111\piece4.png is removed
[2020-01-03 15:43:28,147] [INFO] : PictureViewScreen: File:users/0/he_20200103_154111\piece5.png is removed
[2020-01-03 15:43:28,148] [INFO] : PictureViewScreen: File:users/0/he_20200103_154111\piece6.png is removed
[2020-01-03 15:43:28,151] [INFO] : PictureViewScreen: File:users/0/he_20200103_154111\PiecesPuzzle.png is removed
[2020-01-03 15:43:28,153] [INFO] : PictureViewScreen: File:users/0/he_20200103_154111\SolutionPuzzle.png is removed
[2020-01-03 15:43:28,155] [INFO] : PictureViewScreen: Folder: users/0/he_20200103_154111 is removed. 
[2020-01-03 15:43:28,156] [DEBUG] : Homeboard:  No-user
[2020-01-03 15:43:28,156] [DEBUG] : Homeboard: labels are configured.
[2020-01-03 15:43:29,288] [DEBUG] : NewPuzzleScreen: labels are configured
[2020-01-03 15:43:30,152] [DEBUG] : NewPuzzleScreen: DIRECTORY_CALLED is changed to FullPuzzle
[2020-01-03 15:43:30,152] [DEBUG] : ChooseFileScreen: labels are configured.
[2020-01-03 15:43:46,546] [INFO] : ChooseFileScreen: file C:\Users\Filip.Dimovski\Desktop\FullPuzzle.png is copied
[2020-01-03 15:43:46,555] [DEBUG] : NewPuzzleScreen: labels are configured
[2020-01-03 15:43:48,161] [DEBUG] : NewPuzzleScreen: DIRECTORY_CALLED is changed to PiecesPuzzle
[2020-01-03 15:43:48,161] [DEBUG] : ChooseFileScreen: labels are configured.
[2020-01-03 15:43:53,819] [INFO] : ChooseFileScreen: file C:\Users\Filip.Dimovski\Desktop\PiecesPuzzle2.png is copied
[2020-01-03 15:43:53,820] [DEBUG] : NewPuzzleScreen: labels are configured
[2020-01-03 15:43:59,235] [DEBUG] : PuzzleConnection: check_user_puzzle_rel:False
[2020-01-03 15:43:59,236] [INFO] : NewPuzzleScreen: Folder users/0/re_20200103_154359 is created.
[2020-01-03 15:43:59,239] [INFO] : NewPuzzleScreen: file users/0/re_20200103_154359/FullPuzzle.png is moved
[2020-01-03 15:43:59,242] [INFO] : NewPuzzleScreen: file users/0/re_20200103_154359/PiecesPuzzle.png is moved
[2020-01-03 15:43:59,248] [DEBUG] : PuzzleSolution: progressbar pop is open
[2020-01-03 15:43:59,248] [DEBUG] : PuzzleSolution: initialize
[2020-01-03 15:43:59,248] [DEBUG] : PuzzleSolution: solve_puzzle is called.
[2020-01-03 15:43:59,249] [DEBUG] : PuzzleSolution: solve_puzzle_algorithm is called.
[2020-01-03 15:43:59,273] [DEBUG] : PuzzleConnection: update_puzzle_solution called for Puzzle id:0. Solution Path:users/0/re_20200103_154359//SolutionPuzzle.png
[2020-01-03 15:43:59,274] [INFO] : NewPuzzleScreen: Puzzle is solved.
[2020-01-03 15:43:59,274] [DEBUG] : PictureViewScreen: labels are configured
[2020-01-03 15:43:59,279] [INFO] : PuzzleSolution: Number of Contours found = 10
[2020-01-03 15:43:59,347] [DEBUG] : PuzzleSolution:  part puzzle users/0/re_20200103_154359/piece1.png is created
[2020-01-03 15:43:59,348] [DEBUG] : PuzzleSolution:  future_matches is called.
[2020-01-03 15:43:59,781] [DEBUG] : PuzzleSolution:  future_matches match found at: 90.7723388671875 : 207.01489766438803
[2020-01-03 15:43:59,804] [DEBUG] : PuzzleSolution:  part puzzle users/0/re_20200103_154359/piece2.png is created
[2020-01-03 15:43:59,804] [DEBUG] : PuzzleSolution:  future_matches is called.
[2020-01-03 15:43:59,943] [DEBUG] : PuzzleSolution:  future_matches match found at: 112.83393096923828 : 25.232197761535645
[2020-01-03 15:43:59,965] [DEBUG] : PuzzleSolution:  part puzzle users/0/re_20200103_154359/piece3.png is created
[2020-01-03 15:43:59,965] [DEBUG] : PuzzleSolution:  future_matches is called.
[2020-01-03 15:44:00,108] [DEBUG] : PuzzleSolution:  part puzzle users/0/re_20200103_154359/piece4.png is created
[2020-01-03 15:44:00,108] [DEBUG] : PuzzleSolution:  future_matches is called.
[2020-01-03 15:44:00,260] [DEBUG] : PuzzleSolution:  part puzzle users/0/re_20200103_154359/piece5.png is created
[2020-01-03 15:44:00,261] [DEBUG] : PuzzleSolution:  future_matches is called.
[2020-01-03 15:44:00,292] [DEBUG] : PuzzleSolution: progress_bar.value =11.0
[2020-01-03 15:44:00,400] [DEBUG] : PuzzleSolution: progress_bar.value =21.0
[2020-01-03 15:44:00,423] [DEBUG] : PuzzleSolution:  part puzzle users/0/re_20200103_154359/piece6.png is created
[2020-01-03 15:44:00,423] [DEBUG] : PuzzleSolution:  future_matches is called.
[2020-01-03 15:44:00,561] [DEBUG] : PuzzleSolution:  part puzzle users/0/re_20200103_154359/piece7.png is created
[2020-01-03 15:44:00,561] [DEBUG] : PuzzleSolution:  future_matches is called.
[2020-01-03 15:44:00,704] [DEBUG] : PuzzleSolution:  future_matches match found at: 469.8167724609375 : 253.0282745361328
[2020-01-03 15:44:00,726] [DEBUG] : PuzzleSolution:  part puzzle users/0/re_20200103_154359/piece8.png is created
[2020-01-03 15:44:00,726] [DEBUG] : PuzzleSolution:  future_matches is called.
[2020-01-03 15:44:00,863] [DEBUG] : PuzzleSolution:  part puzzle users/0/re_20200103_154359/piece9.png is created
[2020-01-03 15:44:00,863] [DEBUG] : PuzzleSolution:  future_matches is called.
[2020-01-03 15:44:01,002] [DEBUG] : PuzzleSolution:  future_matches match found at: 359.1540832519531 : 159.95887756347656
[2020-01-03 15:44:01,026] [DEBUG] : PuzzleSolution:  part puzzle users/0/re_20200103_154359/piece10.png is created
[2020-01-03 15:44:01,026] [DEBUG] : PuzzleSolution:  future_matches is called.
[2020-01-03 15:44:01,170] [DEBUG] : PuzzleSolution:  future_matches match found at: 82.47395324707031 : 38.96645164489746
[2020-01-03 15:44:01,358] [DEBUG] : PuzzleSolution: progress_bar.value =31.0
[2020-01-03 15:44:01,406] [DEBUG] : PuzzleSolution: progress_bar.value =41.0
[2020-01-03 15:44:02,257] [DEBUG] : PictureViewScreen: solution_puzzle_on_click is called for puzzle: users/0/re_20200103_154359/SolutionPuzzle.png 
[2020-01-03 15:44:02,280] [INFO] : PictureScreen: called for picture:users/0/re_20200103_154359/SolutionPuzzle.png
[2020-01-03 15:44:02,322] [DEBUG] : PuzzleSolution: progress_bar.value =51.0
[2020-01-03 15:44:02,411] [DEBUG] : PuzzleSolution: progress_bar.value =61.0
[2020-01-03 15:44:03,323] [DEBUG] : PuzzleSolution: progress_bar.value =71.0
[2020-01-03 15:44:03,407] [DEBUG] : PuzzleSolution: progress_bar.value =81.0
[2020-01-03 15:44:04,328] [DEBUG] : PuzzleSolution: progress_bar.value =91.0
[2020-01-03 15:44:04,403] [DEBUG] : PuzzleSolution: progress_bar.value =100.0
[2020-01-03 15:44:20,679] [DEBUG] : PictureViewScreen: labels are configured
[2020-01-03 15:45:59,553] [DEBUG] : PictureViewScreen: btn_goback is clicked
[2020-01-03 15:45:59,557] [INFO] : PictureViewScreen: File:users/0/re_20200103_154359\FullPuzzle.png is removed
[2020-01-03 15:45:59,559] [INFO] : PictureViewScreen: File:users/0/re_20200103_154359\piece1.png is removed
[2020-01-03 15:45:59,561] [INFO] : PictureViewScreen: File:users/0/re_20200103_154359\piece10.png is removed
[2020-01-03 15:45:59,563] [INFO] : PictureViewScreen: File:users/0/re_20200103_154359\piece2.png is removed
[2020-01-03 15:45:59,565] [INFO] : PictureViewScreen: File:users/0/re_20200103_154359\piece3.png is removed
[2020-01-03 15:45:59,567] [INFO] : PictureViewScreen: File:users/0/re_20200103_154359\piece4.png is removed
[2020-01-03 15:45:59,569] [INFO] : PictureViewScreen: File:users/0/re_20200103_154359\piece5.png is removed
[2020-01-03 15:45:59,572] [INFO] : PictureViewScreen: File:users/0/re_20200103_154359\piece6.png is removed
[2020-01-03 15:45:59,574] [INFO] : PictureViewScreen: File:users/0/re_20200103_154359\piece7.png is removed
[2020-01-03 15:45:59,575] [INFO] : PictureViewScreen: File:users/0/re_20200103_154359\piece8.png is removed
[2020-01-03 15:45:59,577] [INFO] : PictureViewScreen: File:users/0/re_20200103_154359\piece9.png is removed
[2020-01-03 15:45:59,579] [INFO] : PictureViewScreen: File:users/0/re_20200103_154359\PiecesPuzzle.png is removed
[2020-01-03 15:45:59,581] [INFO] : PictureViewScreen: File:users/0/re_20200103_154359\SolutionPuzzle.png is removed
[2020-01-03 15:45:59,583] [INFO] : PictureViewScreen: Folder: users/0/re_20200103_154359 is removed. 
[2020-01-03 15:45:59,584] [DEBUG] : Homeboard:  No-user
[2020-01-03 15:45:59,584] [DEBUG] : Homeboard: labels are configured.
[2020-01-03 15:46:00,792] [DEBUG] : NewPuzzleScreen: labels are configured
[2020-01-03 15:46:01,642] [DEBUG] : NewPuzzleScreen: DIRECTORY_CALLED is changed to FullPuzzle
[2020-01-03 15:46:01,643] [DEBUG] : ChooseFileScreen: labels are configured.
[2020-01-03 15:46:07,842] [INFO] : ChooseFileScreen: file C:\Users\Filip.Dimovski\Desktop\FullPuzzle.png is copied
[2020-01-03 15:46:07,853] [DEBUG] : NewPuzzleScreen: labels are configured
[2020-01-03 15:46:08,721] [DEBUG] : NewPuzzleScreen: DIRECTORY_CALLED is changed to PiecesPuzzle
[2020-01-03 15:46:08,722] [DEBUG] : ChooseFileScreen: labels are configured.
[2020-01-03 15:46:11,231] [INFO] : ChooseFileScreen: file C:\Users\Filip.Dimovski\Desktop\PiecesPuzzle2.png is copied
[2020-01-03 15:46:11,232] [DEBUG] : NewPuzzleScreen: labels are configured
[2020-01-03 15:46:15,989] [DEBUG] : PuzzleConnection: check_user_puzzle_rel:False
[2020-01-03 15:46:15,990] [INFO] : NewPuzzleScreen: Folder users/0/sa_20200103_154615 is created.
[2020-01-03 15:46:15,993] [INFO] : NewPuzzleScreen: file users/0/sa_20200103_154615/FullPuzzle.png is moved
[2020-01-03 15:46:15,996] [INFO] : NewPuzzleScreen: file users/0/sa_20200103_154615/PiecesPuzzle.png is moved
[2020-01-03 15:46:16,002] [DEBUG] : PuzzleSolution: progressbar pop is open
[2020-01-03 15:46:16,003] [DEBUG] : PuzzleSolution: initialize
[2020-01-03 15:46:16,003] [DEBUG] : PuzzleSolution: solve_puzzle is called.
[2020-01-03 15:46:16,004] [DEBUG] : PuzzleSolution: solve_puzzle_algorithm is called.
[2020-01-03 15:46:16,025] [DEBUG] : PuzzleConnection: update_puzzle_solution called for Puzzle id:0. Solution Path:users/0/sa_20200103_154615//SolutionPuzzle.png
[2020-01-03 15:46:16,026] [INFO] : NewPuzzleScreen: Puzzle is solved.
[2020-01-03 15:46:16,026] [DEBUG] : PictureViewScreen: labels are configured
[2020-01-03 15:46:16,033] [INFO] : PuzzleSolution: Number of Contours found = 20
[2020-01-03 15:46:16,114] [DEBUG] : PuzzleSolution:  part puzzle users/0/sa_20200103_154615/piece1.png is created
[2020-01-03 15:46:16,115] [DEBUG] : PuzzleSolution:  future_matches is called.
[2020-01-03 15:46:16,573] [DEBUG] : PuzzleSolution:  part puzzle users/0/sa_20200103_154615/piece2.png is created
[2020-01-03 15:46:16,574] [DEBUG] : PuzzleSolution:  future_matches is called.
[2020-01-03 15:46:16,748] [DEBUG] : PuzzleSolution:  part puzzle users/0/sa_20200103_154615/piece3.png is created
[2020-01-03 15:46:16,748] [DEBUG] : PuzzleSolution:  future_matches is called.
[2020-01-03 15:46:16,918] [DEBUG] : PuzzleSolution:  part puzzle users/0/sa_20200103_154615/piece4.png is created
[2020-01-03 15:46:16,919] [DEBUG] : PuzzleSolution:  future_matches is called.
[2020-01-03 15:46:17,045] [DEBUG] : PuzzleSolution: progress_bar.value =6.0
[2020-01-03 15:46:17,097] [DEBUG] : PuzzleSolution:  part puzzle users/0/sa_20200103_154615/piece5.png is created
[2020-01-03 15:46:17,097] [DEBUG] : PuzzleSolution:  future_matches is called.
[2020-01-03 15:46:17,155] [DEBUG] : PuzzleSolution: progress_bar.value =11.0
[2020-01-03 15:46:17,276] [DEBUG] : PuzzleSolution:  part puzzle users/0/sa_20200103_154615/piece6.png is created
[2020-01-03 15:46:17,276] [DEBUG] : PuzzleSolution:  future_matches is called.
[2020-01-03 15:46:17,453] [DEBUG] : PuzzleSolution:  part puzzle users/0/sa_20200103_154615/piece7.png is created
[2020-01-03 15:46:17,453] [DEBUG] : PuzzleSolution:  future_matches is called.
[2020-01-03 15:46:17,639] [DEBUG] : PuzzleSolution:  part puzzle users/0/sa_20200103_154615/piece8.png is created
[2020-01-03 15:46:17,639] [DEBUG] : PuzzleSolution:  future_matches is called.
[2020-01-03 15:46:17,808] [DEBUG] : PuzzleSolution:  part puzzle users/0/sa_20200103_154615/piece9.png is created
[2020-01-03 15:46:17,808] [DEBUG] : PuzzleSolution:  future_matches is called.
[2020-01-03 15:46:17,968] [DEBUG] : PuzzleSolution:  part puzzle users/0/sa_20200103_154615/piece10.png is created
[2020-01-03 15:46:17,968] [DEBUG] : PuzzleSolution:  future_matches is called.
[2020-01-03 15:46:18,054] [DEBUG] : PuzzleSolution: progress_bar.value =16.0
[2020-01-03 15:46:18,146] [DEBUG] : PuzzleSolution:  part puzzle users/0/sa_20200103_154615/piece11.png is created
[2020-01-03 15:46:18,146] [DEBUG] : PuzzleSolution:  future_matches is called.
[2020-01-03 15:46:18,161] [DEBUG] : PuzzleSolution: progress_bar.value =21.0
[2020-01-03 15:46:18,326] [DEBUG] : PuzzleSolution:  part puzzle users/0/sa_20200103_154615/piece12.png is created
[2020-01-03 15:46:18,326] [DEBUG] : PuzzleSolution:  future_matches is called.
[2020-01-03 15:46:18,491] [DEBUG] : PuzzleSolution:  part puzzle users/0/sa_20200103_154615/piece13.png is created
[2020-01-03 15:46:18,491] [DEBUG] : PuzzleSolution:  future_matches is called.
[2020-01-03 15:46:18,674] [DEBUG] : PuzzleSolution:  part puzzle users/0/sa_20200103_154615/piece14.png is created
[2020-01-03 15:46:18,674] [DEBUG] : PuzzleSolution:  future_matches is called.
[2020-01-03 15:46:18,843] [DEBUG] : PuzzleSolution:  part puzzle users/0/sa_20200103_154615/piece15.png is created
[2020-01-03 15:46:18,843] [DEBUG] : PuzzleSolution:  future_matches is called.
[2020-01-03 15:46:19,014] [DEBUG] : PuzzleSolution:  future_matches match found at: 266.0923767089844 : 116.36641693115234
[2020-01-03 15:46:19,049] [DEBUG] : PuzzleSolution:  part puzzle users/0/sa_20200103_154615/piece16.png is created
[2020-01-03 15:46:19,050] [DEBUG] : PuzzleSolution:  future_matches is called.
[2020-01-03 15:46:19,053] [DEBUG] : PuzzleSolution: progress_bar.value =26.0
[2020-01-03 15:46:19,161] [DEBUG] : PuzzleSolution: progress_bar.value =31.0
[2020-01-03 15:46:19,305] [DEBUG] : PuzzleSolution:  future_matches match found at: 340.92266008930824 : 127.54518742715159
[2020-01-03 15:46:19,337] [DEBUG] : PuzzleSolution:  part puzzle users/0/sa_20200103_154615/piece17.png is created
[2020-01-03 15:46:19,338] [DEBUG] : PuzzleSolution:  future_matches is called.
[2020-01-03 15:46:19,504] [DEBUG] : PuzzleSolution:  future_matches match found at: 380.9755554199219 : 101.93647766113281
[2020-01-03 15:46:19,535] [DEBUG] : PuzzleSolution:  part puzzle users/0/sa_20200103_154615/piece18.png is created
[2020-01-03 15:46:19,535] [DEBUG] : PuzzleSolution:  future_matches is called.
[2020-01-03 15:46:19,728] [DEBUG] : PuzzleSolution:  future_matches match found at: 347.12738342285155 : 339.98818283081056
[2020-01-03 15:46:19,755] [DEBUG] : PuzzleSolution:  part puzzle users/0/sa_20200103_154615/piece19.png is created
[2020-01-03 15:46:19,755] [DEBUG] : PuzzleSolution:  future_matches is called.
[2020-01-03 15:46:19,925] [DEBUG] : PuzzleSolution:  part puzzle users/0/sa_20200103_154615/piece20.png is created
[2020-01-03 15:46:19,925] [DEBUG] : PuzzleSolution:  future_matches is called.
[2020-01-03 15:46:20,048] [DEBUG] : PuzzleSolution: progress_bar.value =36.0
[2020-01-03 15:46:20,160] [DEBUG] : PuzzleSolution:  future_matches match found at: 54.59445177078247 : 150.64127212524414
[2020-01-03 15:46:20,162] [DEBUG] : PuzzleSolution: progress_bar.value =41.0
[2020-01-03 15:46:21,054] [DEBUG] : PuzzleSolution: progress_bar.value =46.0
[2020-01-03 15:46:21,164] [DEBUG] : PuzzleSolution: progress_bar.value =51.0
[2020-01-03 15:46:21,240] [DEBUG] : PictureViewScreen: solution_puzzle_on_click is called for puzzle: users/0/sa_20200103_154615/SolutionPuzzle.png 
[2020-01-03 15:46:21,261] [INFO] : PictureScreen: called for picture:users/0/sa_20200103_154615/SolutionPuzzle.png
[2020-01-03 15:46:22,084] [DEBUG] : PuzzleSolution: progress_bar.value =56.0
[2020-01-03 15:46:22,168] [DEBUG] : PuzzleSolution: progress_bar.value =61.0
[2020-01-03 15:46:23,055] [DEBUG] : PuzzleSolution: progress_bar.value =66.0
[2020-01-03 15:46:23,165] [DEBUG] : PuzzleSolution: progress_bar.value =71.0
[2020-01-03 15:46:24,058] [DEBUG] : PuzzleSolution: progress_bar.value =76.0
[2020-01-03 15:46:24,166] [DEBUG] : PuzzleSolution: progress_bar.value =81.0
[2020-01-03 15:46:25,057] [DEBUG] : PuzzleSolution: progress_bar.value =86.0
[2020-01-03 15:46:25,167] [DEBUG] : PuzzleSolution: progress_bar.value =91.0
[2020-01-03 15:46:26,070] [DEBUG] : PuzzleSolution: progress_bar.value =96.0
[2020-01-03 15:46:26,180] [DEBUG] : PuzzleSolution: progress_bar.value =100.0
[2020-01-03 15:57:47,041] [INFO] : RootScreen: App has started
[2020-01-03 15:57:57,356] [DEBUG] : LanguageScreen: mk language is used
[2020-01-03 15:57:58,532] [DEBUG] : Homeboard:  No-user
[2020-01-03 15:57:58,532] [DEBUG] : Homeboard: labels are configured.
[2020-01-03 15:57:59,503] [DEBUG] : NewPuzzleScreen: labels are configured
[2020-01-03 15:58:00,816] [DEBUG] : NewPuzzleScreen: DIRECTORY_CALLED is changed to FullPuzzle
[2020-01-03 15:58:00,818] [DEBUG] : ChooseFileScreen: labels are configured.
[2020-01-03 15:58:10,526] [INFO] : ChooseFileScreen: file C:\Users\Filip.Dimovski\Desktop\FullPuzzle.png is copied
[2020-01-03 15:58:10,533] [DEBUG] : NewPuzzleScreen: labels are configured
[2020-01-03 15:58:11,851] [DEBUG] : NewPuzzleScreen: DIRECTORY_CALLED is changed to PiecesPuzzle
[2020-01-03 15:58:11,852] [DEBUG] : ChooseFileScreen: labels are configured.
[2020-01-03 15:58:15,449] [INFO] : ChooseFileScreen: file C:\Users\Filip.Dimovski\Desktop\PiecesPuzzle.png is copied
[2020-01-03 15:58:15,450] [DEBUG] : NewPuzzleScreen: labels are configured
[2020-01-03 15:58:20,982] [DEBUG] : PuzzleConnection: check_user_puzzle_rel:False
[2020-01-03 15:58:20,982] [INFO] : NewPuzzleScreen: Folder users/0/xs_20200103_155820 is created.
[2020-01-03 15:58:20,985] [INFO] : NewPuzzleScreen: file users/0/xs_20200103_155820/FullPuzzle.png is moved
[2020-01-03 15:58:20,987] [INFO] : NewPuzzleScreen: file users/0/xs_20200103_155820/PiecesPuzzle.png is moved
[2020-01-03 15:58:20,993] [DEBUG] : PuzzleSolution: progressbar pop is open
[2020-01-03 15:58:20,993] [DEBUG] : PuzzleSolution: initialize
[2020-01-03 15:58:20,993] [DEBUG] : PuzzleSolution: solve_puzzle is called.
[2020-01-03 15:58:20,994] [DEBUG] : PuzzleSolution: solve_puzzle_algorithm is called.
[2020-01-03 15:58:21,014] [DEBUG] : PuzzleConnection: update_puzzle_solution called for Puzzle id:0. Solution Path:users/0/xs_20200103_155820//SolutionPuzzle.png
[2020-01-03 15:58:21,015] [INFO] : NewPuzzleScreen: Puzzle is solved.
[2020-01-03 15:58:21,017] [DEBUG] : PictureViewScreen: labels are configured
[2020-01-03 15:58:21,031] [INFO] : PuzzleSolution: Number of Contours found = 20
[2020-01-03 15:58:21,063] [DEBUG] : PuzzleSolution:  part puzzle users/0/xs_20200103_155820/piece1.png is created
[2020-01-03 15:58:21,063] [DEBUG] : PuzzleSolution:  future_matches is called.
[2020-01-03 15:58:21,273] [DEBUG] : PuzzleSolution:  part puzzle users/0/xs_20200103_155820/piece2.png is created
[2020-01-03 15:58:21,273] [DEBUG] : PuzzleSolution:  future_matches is called.
[2020-01-03 15:58:21,489] [DEBUG] : PuzzleSolution:  part puzzle users/0/xs_20200103_155820/piece3.png is created
[2020-01-03 15:58:21,490] [DEBUG] : PuzzleSolution:  future_matches is called.
[2020-01-03 15:58:21,634] [DEBUG] : PuzzleSolution:  part puzzle users/0/xs_20200103_155820/piece4.png is created
[2020-01-03 15:58:21,634] [DEBUG] : PuzzleSolution:  future_matches is called.
[2020-01-03 15:58:21,776] [DEBUG] : PuzzleSolution:  part puzzle users/0/xs_20200103_155820/piece5.png is created
[2020-01-03 15:58:21,776] [DEBUG] : PuzzleSolution:  future_matches is called.
[2020-01-03 15:58:21,924] [DEBUG] : PuzzleSolution:  part puzzle users/0/xs_20200103_155820/piece6.png is created
[2020-01-03 15:58:21,924] [DEBUG] : PuzzleSolution:  future_matches is called.
[2020-01-03 15:58:22,053] [DEBUG] : PuzzleSolution: progress_bar.value =6.0
[2020-01-03 15:58:22,067] [DEBUG] : PuzzleSolution:  part puzzle users/0/xs_20200103_155820/piece7.png is created
[2020-01-03 15:58:22,067] [DEBUG] : PuzzleSolution:  future_matches is called.
[2020-01-03 15:58:22,148] [DEBUG] : PuzzleSolution: progress_bar.value =11.0
[2020-01-03 15:58:22,213] [DEBUG] : PuzzleSolution:  part puzzle users/0/xs_20200103_155820/piece8.png is created
[2020-01-03 15:58:22,213] [DEBUG] : PuzzleSolution:  future_matches is called.
[2020-01-03 15:58:22,354] [DEBUG] : PuzzleSolution:  part puzzle users/0/xs_20200103_155820/piece9.png is created
[2020-01-03 15:58:22,355] [DEBUG] : PuzzleSolution:  future_matches is called.
[2020-01-03 15:58:22,492] [DEBUG] : PuzzleSolution:  part puzzle users/0/xs_20200103_155820/piece10.png is created
[2020-01-03 15:58:22,492] [DEBUG] : PuzzleSolution:  future_matches is called.
[2020-01-03 15:58:22,645] [DEBUG] : PuzzleSolution:  part puzzle users/0/xs_20200103_155820/piece11.png is created
[2020-01-03 15:58:22,646] [DEBUG] : PuzzleSolution:  future_matches is called.
[2020-01-03 15:58:22,787] [DEBUG] : PuzzleSolution:  part puzzle users/0/xs_20200103_155820/piece12.png is created
[2020-01-03 15:58:22,787] [DEBUG] : PuzzleSolution:  future_matches is called.
[2020-01-03 15:58:22,926] [DEBUG] : PuzzleSolution:  part puzzle users/0/xs_20200103_155820/piece13.png is created
[2020-01-03 15:58:22,926] [DEBUG] : PuzzleSolution:  future_matches is called.
[2020-01-03 15:58:23,049] [DEBUG] : PuzzleSolution: progress_bar.value =16.0
[2020-01-03 15:58:23,070] [DEBUG] : PuzzleSolution:  part puzzle users/0/xs_20200103_155820/piece14.png is created
[2020-01-03 15:58:23,070] [DEBUG] : PuzzleSolution:  future_matches is called.
[2020-01-03 15:58:23,143] [DEBUG] : PuzzleSolution: progress_bar.value =21.0
[2020-01-03 15:58:23,216] [DEBUG] : PuzzleSolution:  part puzzle users/0/xs_20200103_155820/piece15.png is created
[2020-01-03 15:58:23,216] [DEBUG] : PuzzleSolution:  future_matches is called.
[2020-01-03 15:58:23,355] [DEBUG] : PuzzleSolution:  future_matches match found at: 266.0923767089844 : 116.36641693115234
[2020-01-03 15:58:23,383] [DEBUG] : PuzzleSolution:  part puzzle users/0/xs_20200103_155820/piece16.png is created
[2020-01-03 15:58:23,383] [DEBUG] : PuzzleSolution:  future_matches is called.
[2020-01-03 15:58:23,578] [DEBUG] : PuzzleSolution:  future_matches match found at: 340.92266008930824 : 127.54518742715159
[2020-01-03 15:58:23,608] [DEBUG] : PuzzleSolution:  part puzzle users/0/xs_20200103_155820/piece17.png is created
[2020-01-03 15:58:23,609] [DEBUG] : PuzzleSolution:  future_matches is called.
[2020-01-03 15:58:23,779] [DEBUG] : PuzzleSolution:  future_matches match found at: 380.9755554199219 : 101.93647766113281
[2020-01-03 15:58:23,804] [DEBUG] : PuzzleSolution:  part puzzle users/0/xs_20200103_155820/piece18.png is created
[2020-01-03 15:58:23,804] [DEBUG] : PuzzleSolution:  future_matches is called.
[2020-01-03 15:58:23,964] [DEBUG] : PuzzleSolution:  future_matches match found at: 347.12738342285155 : 339.98818283081056
[2020-01-03 15:58:23,990] [DEBUG] : PuzzleSolution:  part puzzle users/0/xs_20200103_155820/piece19.png is created
[2020-01-03 15:58:23,990] [DEBUG] : PuzzleSolution:  future_matches is called.
[2020-01-03 15:58:24,050] [DEBUG] : PuzzleSolution: progress_bar.value =26.0
[2020-01-03 15:58:24,133] [DEBUG] : PuzzleSolution:  part puzzle users/0/xs_20200103_155820/piece20.png is created
[2020-01-03 15:58:24,134] [DEBUG] : PuzzleSolution:  future_matches is called.
[2020-01-03 15:58:24,146] [DEBUG] : PuzzleSolution: progress_bar.value =31.0
[2020-01-03 15:58:24,316] [DEBUG] : PuzzleSolution:  future_matches match found at: 54.59445177078247 : 150.64127212524414
[2020-01-03 15:58:25,081] [DEBUG] : PuzzleSolution: progress_bar.value =36.0
[2020-01-03 15:58:25,146] [DEBUG] : PuzzleSolution: progress_bar.value =41.0
[2020-01-03 15:58:25,321] [DEBUG] : PictureViewScreen: solution_puzzle_on_click is called for puzzle: users/0/xs_20200103_155820/SolutionPuzzle.png 
[2020-01-03 15:58:25,343] [INFO] : PictureScreen: called for picture:users/0/xs_20200103_155820/SolutionPuzzle.png
[2020-01-03 15:58:26,049] [DEBUG] : PuzzleSolution: progress_bar.value =46.0
[2020-01-03 15:58:26,145] [DEBUG] : PuzzleSolution: progress_bar.value =51.0
[2020-01-03 15:58:27,047] [DEBUG] : PuzzleSolution: progress_bar.value =56.0
[2020-01-03 15:58:27,139] [DEBUG] : PuzzleSolution: progress_bar.value =61.0
[2020-01-03 15:58:28,043] [DEBUG] : PuzzleSolution: progress_bar.value =66.0
[2020-01-03 15:58:28,139] [DEBUG] : PuzzleSolution: progress_bar.value =71.0
[2020-01-03 15:58:29,042] [DEBUG] : PuzzleSolution: progress_bar.value =76.0
[2020-01-03 15:58:29,137] [DEBUG] : PuzzleSolution: progress_bar.value =81.0
[2020-01-03 15:58:30,041] [DEBUG] : PuzzleSolution: progress_bar.value =86.0
[2020-01-03 15:58:30,135] [DEBUG] : PuzzleSolution: progress_bar.value =91.0
[2020-01-03 15:58:31,046] [DEBUG] : PuzzleSolution: progress_bar.value =96.0
[2020-01-03 15:58:31,138] [DEBUG] : PuzzleSolution: progress_bar.value =100.0
[2020-01-03 16:04:17,616] [INFO] : RootScreen: App has started
[2020-01-03 16:04:36,045] [INFO] : RootScreen: App has started
[2020-01-03 16:04:45,212] [DEBUG] : LanguageScreen: mk language is used
[2020-01-03 16:04:46,377] [DEBUG] : Homeboard:  No-user
[2020-01-03 16:04:46,377] [DEBUG] : Homeboard: labels are configured.
[2020-01-03 16:04:47,382] [DEBUG] : NewPuzzleScreen: labels are configured
[2020-01-03 16:04:48,510] [DEBUG] : NewPuzzleScreen: DIRECTORY_CALLED is changed to FullPuzzle
[2020-01-03 16:04:48,511] [DEBUG] : ChooseFileScreen: labels are configured.
[2020-01-03 16:05:08,747] [INFO] : ChooseFileScreen: file C:\Users\Filip.Dimovski\Desktop\FullPuzzle.png is copied
[2020-01-03 16:05:08,767] [DEBUG] : NewPuzzleScreen: labels are configured
[2020-01-03 16:05:09,746] [DEBUG] : NewPuzzleScreen: DIRECTORY_CALLED is changed to PiecesPuzzle
[2020-01-03 16:05:09,747] [DEBUG] : ChooseFileScreen: labels are configured.
[2020-01-03 16:05:14,260] [INFO] : ChooseFileScreen: file C:\Users\Filip.Dimovski\Desktop\PiecesPuzzle.png is copied
[2020-01-03 16:05:14,261] [DEBUG] : NewPuzzleScreen: labels are configured
[2020-01-03 16:05:26,164] [DEBUG] : PuzzleConnection: check_user_puzzle_rel:False
[2020-01-03 16:05:26,164] [INFO] : NewPuzzleScreen: Folder users/0/sad_20200103_160526 is created.
[2020-01-03 16:05:26,167] [INFO] : NewPuzzleScreen: file users/0/sad_20200103_160526/FullPuzzle.png is moved
[2020-01-03 16:05:26,170] [INFO] : NewPuzzleScreen: file users/0/sad_20200103_160526/PiecesPuzzle.png is moved
[2020-01-03 16:05:26,175] [DEBUG] : PuzzleSolution: progressbar pop is open
[2020-01-03 16:05:26,175] [DEBUG] : PuzzleSolution: initialize
[2020-01-03 16:05:26,175] [DEBUG] : PuzzleSolution: solve_puzzle is called.
[2020-01-03 16:05:26,176] [DEBUG] : PuzzleSolution: solve_puzzle_algorithm is called.
[2020-01-03 16:05:26,201] [DEBUG] : PuzzleConnection: update_puzzle_solution called for Puzzle id:0. Solution Path:users/0/sad_20200103_160526//SolutionPuzzle.png
[2020-01-03 16:05:26,201] [INFO] : NewPuzzleScreen: Puzzle is solved.
[2020-01-03 16:05:26,203] [INFO] : PuzzleSolution: Number of Contours found = 20
[2020-01-03 16:05:26,204] [DEBUG] : PictureViewScreen: labels are configured
[2020-01-03 16:05:26,237] [DEBUG] : PuzzleSolution:  part puzzle users/0/sad_20200103_160526/piece1.png is created
[2020-01-03 16:05:26,238] [DEBUG] : PuzzleSolution:  future_matches is called.
[2020-01-03 16:05:26,518] [DEBUG] : PuzzleSolution:  future_matches match found at: 339.20864524841306 : 129.97762622833253
[2020-01-03 16:05:26,561] [DEBUG] : PuzzleSolution:  part puzzle users/0/sad_20200103_160526/piece2.png is created
[2020-01-03 16:05:26,562] [DEBUG] : PuzzleSolution:  future_matches is called.
[2020-01-03 16:05:26,762] [DEBUG] : PuzzleSolution:  future_matches match found at: 347.12738342285155 : 339.98818283081056
[2020-01-03 16:05:26,791] [DEBUG] : PuzzleSolution:  part puzzle users/0/sad_20200103_160526/piece3.png is created
[2020-01-03 16:05:26,791] [DEBUG] : PuzzleSolution:  future_matches is called.
[2020-01-03 16:05:26,974] [DEBUG] : PuzzleSolution:  future_matches match found at: 54.59445177078247 : 150.64127212524414
[2020-01-03 16:05:27,226] [DEBUG] : PuzzleSolution: progress_bar.value =6.0
[2020-01-03 16:05:27,335] [DEBUG] : PuzzleSolution: progress_bar.value =11.0
[2020-01-03 16:05:28,014] [DEBUG] : PictureViewScreen: solution_puzzle_on_click is called for puzzle: users/0/sad_20200103_160526/SolutionPuzzle.png 
[2020-01-03 16:05:28,040] [INFO] : PictureScreen: called for picture:users/0/sad_20200103_160526/SolutionPuzzle.png
[2020-01-03 16:05:28,237] [DEBUG] : PuzzleSolution: progress_bar.value =16.0
[2020-01-03 16:05:28,340] [DEBUG] : PuzzleSolution: progress_bar.value =21.0
[2020-01-03 16:05:29,234] [DEBUG] : PuzzleSolution: progress_bar.value =26.0
[2020-01-03 16:05:29,341] [DEBUG] : PuzzleSolution: progress_bar.value =31.0
[2020-01-03 16:05:30,231] [DEBUG] : PuzzleSolution: progress_bar.value =36.0
[2020-01-03 16:05:30,342] [DEBUG] : PuzzleSolution: progress_bar.value =41.0
[2020-01-03 16:05:31,228] [DEBUG] : PuzzleSolution: progress_bar.value =46.0
[2020-01-03 16:05:31,340] [DEBUG] : PuzzleSolution: progress_bar.value =51.0
[2020-01-03 16:05:32,234] [DEBUG] : PuzzleSolution: progress_bar.value =56.0
[2020-01-03 16:05:32,346] [DEBUG] : PuzzleSolution: progress_bar.value =61.0
[2020-01-03 16:05:33,236] [DEBUG] : PuzzleSolution: progress_bar.value =66.0
[2020-01-03 16:05:33,346] [DEBUG] : PuzzleSolution: progress_bar.value =71.0
[2020-01-03 16:05:34,235] [DEBUG] : PuzzleSolution: progress_bar.value =76.0
[2020-01-03 16:05:34,379] [DEBUG] : PuzzleSolution: progress_bar.value =81.0
[2020-01-03 16:05:35,237] [DEBUG] : PuzzleSolution: progress_bar.value =86.0
[2020-01-03 16:05:35,370] [DEBUG] : PuzzleSolution: progress_bar.value =91.0
[2020-01-03 16:05:36,233] [DEBUG] : PuzzleSolution: progress_bar.value =96.0
[2020-01-03 16:05:36,356] [DEBUG] : PuzzleSolution: progress_bar.value =100.0
[2020-01-03 16:28:01,271] [INFO] : RootScreen: App has started
[2020-01-03 16:28:10,137] [DEBUG] : LanguageScreen: mk language is used
[2020-01-03 16:28:11,293] [DEBUG] : Homeboard:  No-user
[2020-01-03 16:28:11,294] [DEBUG] : Homeboard: labels are configured.
[2020-01-03 16:28:12,186] [DEBUG] : NewPuzzleScreen: labels are configured
[2020-01-03 16:28:12,978] [DEBUG] : NewPuzzleScreen: DIRECTORY_CALLED is changed to FullPuzzle
[2020-01-03 16:28:12,981] [DEBUG] : ChooseFileScreen: labels are configured.
[2020-01-03 16:28:22,200] [INFO] : ChooseFileScreen: file C:\Users\Filip.Dimovski\Desktop\FullPuzzle.png is copied
[2020-01-03 16:28:22,224] [DEBUG] : NewPuzzleScreen: labels are configured
[2020-01-03 16:28:23,454] [DEBUG] : NewPuzzleScreen: DIRECTORY_CALLED is changed to PiecesPuzzle
[2020-01-03 16:28:23,454] [DEBUG] : ChooseFileScreen: labels are configured.
[2020-01-03 16:28:27,037] [INFO] : ChooseFileScreen: file C:\Users\Filip.Dimovski\Desktop\SolutionPuzzle.png is copied
[2020-01-03 16:28:27,038] [DEBUG] : NewPuzzleScreen: labels are configured
[2020-01-03 16:28:28,689] [DEBUG] : NewPuzzleScreen: DIRECTORY_CALLED is changed to PiecesPuzzle
[2020-01-03 16:28:28,689] [DEBUG] : ChooseFileScreen: labels are configured.
[2020-01-03 16:28:32,857] [INFO] : ChooseFileScreen: file temp_puzzle\0_PiecesPuzzle_20200103_162826.png is removed
[2020-01-03 16:28:32,902] [INFO] : ChooseFileScreen: file C:\Users\Filip.Dimovski\Desktop\PiecesPuzzle.png is copied
[2020-01-03 16:28:32,902] [DEBUG] : NewPuzzleScreen: labels are configured
[2020-01-03 16:28:37,807] [DEBUG] : PuzzleConnection: check_user_puzzle_rel:False
[2020-01-03 16:28:37,807] [INFO] : NewPuzzleScreen: Folder users/0/tes_20200103_162837 is created.
[2020-01-03 16:28:37,810] [INFO] : NewPuzzleScreen: file users/0/tes_20200103_162837/FullPuzzle.png is moved
[2020-01-03 16:28:37,812] [INFO] : NewPuzzleScreen: file users/0/tes_20200103_162837/PiecesPuzzle.png is moved
[2020-01-03 16:28:37,953] [DEBUG] : PuzzleSolution: progressbar pop is open
[2020-01-03 16:28:37,954] [DEBUG] : PuzzleSolution: initialize
[2020-01-03 16:28:37,954] [DEBUG] : PuzzleSolution: solve_puzzle is called.
[2020-01-03 16:28:37,955] [DEBUG] : PuzzleSolution: solve_puzzle_algorithm is called.
[2020-01-03 16:28:37,973] [DEBUG] : PuzzleConnection: update_puzzle_solution called for Puzzle id:0. Solution Path:users/0/tes_20200103_162837//SolutionPuzzle.png
[2020-01-03 16:28:37,973] [INFO] : NewPuzzleScreen: Puzzle is solved.
[2020-01-03 16:28:37,976] [DEBUG] : PictureViewScreen: labels are configured
[2020-01-03 16:28:37,983] [INFO] : PuzzleSolution: Number of Contours found = 9
[2020-01-03 16:28:38,019] [DEBUG] : PuzzleSolution:  part puzzle users/0/tes_20200103_162837/piece1.png is created
[2020-01-03 16:28:38,019] [DEBUG] : PuzzleSolution:  future_matches is called.
[2020-01-03 16:28:38,242] [DEBUG] : PuzzleSolution:  part puzzle users/0/tes_20200103_162837/piece2.png is created
[2020-01-03 16:28:38,243] [DEBUG] : PuzzleSolution:  future_matches is called.
[2020-01-03 16:28:38,430] [DEBUG] : PuzzleSolution:  part puzzle users/0/tes_20200103_162837/piece3.png is created
[2020-01-03 16:28:38,430] [DEBUG] : PuzzleSolution:  future_matches is called.
[2020-01-03 16:28:38,592] [DEBUG] : PuzzleSolution:  part puzzle users/0/tes_20200103_162837/piece4.png is created
[2020-01-03 16:28:38,593] [DEBUG] : PuzzleSolution:  future_matches is called.
[2020-01-03 16:28:38,758] [DEBUG] : PuzzleSolution:  part puzzle users/0/tes_20200103_162837/piece5.png is created
[2020-01-03 16:28:38,758] [DEBUG] : PuzzleSolution:  future_matches is called.
[2020-01-03 16:28:38,909] [DEBUG] : PuzzleSolution:  part puzzle users/0/tes_20200103_162837/piece6.png is created
[2020-01-03 16:28:38,909] [DEBUG] : PuzzleSolution:  future_matches is called.
[2020-01-03 16:28:38,993] [DEBUG] : PuzzleSolution: progress_bar.value =12.11111111111111
[2020-01-03 16:28:39,054] [DEBUG] : PuzzleSolution:  part puzzle users/0/tes_20200103_162837/piece7.png is created
[2020-01-03 16:28:39,054] [DEBUG] : PuzzleSolution:  future_matches is called.
[2020-01-03 16:28:39,108] [DEBUG] : PuzzleSolution: progress_bar.value =23.22222222222222
[2020-01-03 16:28:39,247] [DEBUG] : PuzzleSolution:  future_matches match found at: 339.90985531277124 : 128.91175015767416
[2020-01-03 16:28:39,280] [DEBUG] : PuzzleSolution:  part puzzle users/0/tes_20200103_162837/piece8.png is created
[2020-01-03 16:28:39,280] [DEBUG] : PuzzleSolution:  future_matches is called.
[2020-01-03 16:28:39,458] [DEBUG] : PuzzleSolution:  future_matches match found at: 346.0022308349609 : 347.4837478637695
[2020-01-03 16:28:39,486] [DEBUG] : PuzzleSolution:  part puzzle users/0/tes_20200103_162837/piece9.png is created
[2020-01-03 16:28:39,487] [DEBUG] : PuzzleSolution:  future_matches is called.
[2020-01-03 16:28:39,663] [DEBUG] : PuzzleSolution:  future_matches match found at: 55.414753634974645 : 146.2812447727851
[2020-01-03 16:28:39,991] [DEBUG] : PuzzleSolution: progress_bar.value =34.33333333333333
[2020-01-03 16:28:40,115] [DEBUG] : PuzzleSolution: progress_bar.value =45.44444444444444
[2020-01-03 16:28:40,794] [DEBUG] : PictureViewScreen: solution_puzzle_on_click is called for puzzle: users/0/tes_20200103_162837/SolutionPuzzle.png 
[2020-01-03 16:28:40,816] [INFO] : PictureScreen: called for picture:users/0/tes_20200103_162837/SolutionPuzzle.png
[2020-01-03 16:28:40,987] [DEBUG] : PuzzleSolution: progress_bar.value =56.55555555555556
[2020-01-03 16:28:41,111] [DEBUG] : PuzzleSolution: progress_bar.value =67.66666666666667
[2020-01-03 16:28:41,987] [DEBUG] : PuzzleSolution: progress_bar.value =78.77777777777779
[2020-01-03 16:28:42,111] [DEBUG] : PuzzleSolution: progress_bar.value =89.8888888888889
[2020-01-03 16:28:42,984] [DEBUG] : PuzzleSolution: progress_bar.value =100.0
[2020-01-03 16:41:57,606] [INFO] : RootScreen: App has started
[2020-01-03 16:42:15,925] [INFO] : RootScreen: App has started
[2020-01-03 16:42:27,613] [DEBUG] : LanguageScreen: mk language is used
[2020-01-03 16:42:28,926] [DEBUG] : Homeboard:  No-user
[2020-01-03 16:42:28,927] [DEBUG] : Homeboard: labels are configured.
[2020-01-03 16:42:29,860] [DEBUG] : NewPuzzleScreen: labels are configured
[2020-01-03 16:42:30,743] [DEBUG] : NewPuzzleScreen: DIRECTORY_CALLED is changed to FullPuzzle
[2020-01-03 16:42:30,745] [DEBUG] : ChooseFileScreen: labels are configured.
[2020-01-03 16:42:54,914] [INFO] : ChooseFileScreen: file C:\Users\Filip.Dimovski\Documents\Puzzles\Good Puzzles\Alphabet1\FullPuzzle.png is copied
[2020-01-03 16:42:54,921] [DEBUG] : NewPuzzleScreen: labels are configured
[2020-01-03 16:42:56,522] [DEBUG] : NewPuzzleScreen: DIRECTORY_CALLED is changed to PiecesPuzzle
[2020-01-03 16:42:56,522] [DEBUG] : ChooseFileScreen: labels are configured.
[2020-01-03 16:42:59,122] [INFO] : ChooseFileScreen: file C:\Users\Filip.Dimovski\Documents\Puzzles\Good Puzzles\Alphabet1\PiecesPuzzle.png is copied
[2020-01-03 16:42:59,123] [DEBUG] : NewPuzzleScreen: labels are configured
[2020-01-03 16:43:04,221] [DEBUG] : PuzzleConnection: check_user_puzzle_rel:False
[2020-01-03 16:43:04,222] [INFO] : NewPuzzleScreen: Folder users/0/te_20200103_164304 is created.
[2020-01-03 16:43:04,225] [INFO] : NewPuzzleScreen: file users/0/te_20200103_164304/FullPuzzle.png is moved
[2020-01-03 16:43:04,227] [INFO] : NewPuzzleScreen: file users/0/te_20200103_164304/PiecesPuzzle.png is moved
[2020-01-03 16:43:04,261] [DEBUG] : PuzzleSolution: progressbar pop is open
[2020-01-03 16:43:04,262] [DEBUG] : PuzzleSolution: initialize
[2020-01-03 16:43:04,262] [DEBUG] : PuzzleSolution: solve_puzzle is called.
[2020-01-03 16:43:04,263] [DEBUG] : PuzzleSolution: solve_puzzle_algorithm is called.
[2020-01-03 16:43:04,285] [DEBUG] : PuzzleConnection: update_puzzle_solution called for Puzzle id:0. Solution Path:users/0/te_20200103_164304//SolutionPuzzle.png
[2020-01-03 16:43:04,286] [INFO] : NewPuzzleScreen: Puzzle is solved.
[2020-01-03 16:43:04,288] [DEBUG] : PictureViewScreen: labels are configured
[2020-01-03 16:43:04,295] [INFO] : PuzzleSolution: Number of Contours found = 6
[2020-01-03 16:43:04,333] [DEBUG] : PuzzleSolution:  part puzzle users/0/te_20200103_164304/piece1.png is created
[2020-01-03 16:43:04,333] [DEBUG] : PuzzleSolution:  future_matches is called.
[2020-01-03 16:43:04,575] [DEBUG] : PuzzleSolution:  future_matches match found at: 165.83211190359933 : 217.62583487374442
[2020-01-03 16:43:04,603] [DEBUG] : PuzzleSolution:  part puzzle users/0/te_20200103_164304/piece2.png is created
[2020-01-03 16:43:04,603] [DEBUG] : PuzzleSolution:  future_matches is called.
[2020-01-03 16:43:04,804] [DEBUG] : PuzzleSolution:  future_matches match found at: 92.180224609375 : 217.03707275390624
[2020-01-03 16:43:04,830] [DEBUG] : PuzzleSolution:  part puzzle users/0/te_20200103_164304/piece3.png is created
[2020-01-03 16:43:04,830] [DEBUG] : PuzzleSolution:  future_matches is called.
[2020-01-03 16:43:04,994] [DEBUG] : PuzzleSolution:  future_matches match found at: 311.4909159342448 : 268.9148483276367
[2020-01-03 16:43:05,019] [DEBUG] : PuzzleSolution:  part puzzle users/0/te_20200103_164304/piece4.png is created
[2020-01-03 16:43:05,019] [DEBUG] : PuzzleSolution:  future_matches is called.
[2020-01-03 16:43:05,178] [DEBUG] : PuzzleSolution:  future_matches match found at: 342.2569274902344 : 366.34784444173175
[2020-01-03 16:43:05,202] [DEBUG] : PuzzleSolution:  part puzzle users/0/te_20200103_164304/piece5.png is created
[2020-01-03 16:43:05,202] [DEBUG] : PuzzleSolution:  future_matches is called.
[2020-01-03 16:43:05,313] [DEBUG] : PuzzleSolution: progress_bar.value =17.666666666666668
[2020-01-03 16:43:05,367] [DEBUG] : PuzzleSolution:  future_matches match found at: 159.49103122287326 : 289.9045104980469
[2020-01-03 16:43:05,422] [DEBUG] : PuzzleSolution: progress_bar.value =34.333333333333336
[2020-01-03 16:43:06,287] [DEBUG] : PictureViewScreen: solution_puzzle_on_click is called for puzzle: users/0/te_20200103_164304/SolutionPuzzle.png 
[2020-01-03 16:43:06,310] [INFO] : PictureScreen: called for picture:users/0/te_20200103_164304/SolutionPuzzle.png
[2020-01-03 16:43:06,318] [DEBUG] : PuzzleSolution: progress_bar.value =51.0
[2020-01-03 16:43:06,419] [DEBUG] : PuzzleSolution: progress_bar.value =67.66666666666667
[2020-01-03 16:43:07,323] [DEBUG] : PuzzleSolution: progress_bar.value =84.33333333333334
[2020-01-03 16:43:07,422] [DEBUG] : PuzzleSolution: progress_bar.value =100.0
[2020-01-03 16:43:19,324] [DEBUG] : PictureViewScreen: labels are configured
[2020-01-03 16:43:20,757] [DEBUG] : PictureViewScreen: btn_goback is clicked
[2020-01-03 16:43:20,760] [INFO] : PictureViewScreen: File:users/0/te_20200103_164304\FullPuzzle.png is removed
[2020-01-03 16:43:20,762] [INFO] : PictureViewScreen: File:users/0/te_20200103_164304\piece1.png is removed
[2020-01-03 16:43:20,767] [INFO] : PictureViewScreen: File:users/0/te_20200103_164304\piece2.png is removed
[2020-01-03 16:43:20,769] [INFO] : PictureViewScreen: File:users/0/te_20200103_164304\piece3.png is removed
[2020-01-03 16:43:20,773] [INFO] : PictureViewScreen: File:users/0/te_20200103_164304\piece4.png is removed
[2020-01-03 16:43:20,775] [INFO] : PictureViewScreen: File:users/0/te_20200103_164304\piece5.png is removed
[2020-01-03 16:43:20,777] [INFO] : PictureViewScreen: File:users/0/te_20200103_164304\PiecesPuzzle.png is removed
[2020-01-03 16:43:20,780] [INFO] : PictureViewScreen: File:users/0/te_20200103_164304\SolutionPuzzle.png is removed
[2020-01-03 16:43:20,782] [INFO] : PictureViewScreen: Folder: users/0/te_20200103_164304 is removed. 
[2020-01-03 16:43:20,783] [DEBUG] : Homeboard:  No-user
[2020-01-03 16:43:20,783] [DEBUG] : Homeboard: labels are configured.
[2020-01-03 16:43:21,828] [DEBUG] : NewPuzzleScreen: labels are configured
[2020-01-03 16:43:22,593] [DEBUG] : NewPuzzleScreen: DIRECTORY_CALLED is changed to FullPuzzle
[2020-01-03 16:43:22,594] [DEBUG] : ChooseFileScreen: labels are configured.
[2020-01-03 16:43:28,274] [INFO] : ChooseFileScreen: file C:\Users\Filip.Dimovski\Documents\Puzzles\Good Puzzles\Alphabet2\FullPuzzle.png is copied
[2020-01-03 16:43:28,275] [DEBUG] : NewPuzzleScreen: labels are configured
[2020-01-03 16:43:29,406] [DEBUG] : NewPuzzleScreen: DIRECTORY_CALLED is changed to PiecesPuzzle
[2020-01-03 16:43:29,407] [DEBUG] : ChooseFileScreen: labels are configured.
[2020-01-03 16:43:32,031] [INFO] : ChooseFileScreen: file C:\Users\Filip.Dimovski\Documents\Puzzles\Good Puzzles\Alphabet2\PiecesPuzzle.png is copied
[2020-01-03 16:43:32,032] [DEBUG] : NewPuzzleScreen: labels are configured
[2020-01-03 16:43:34,607] [DEBUG] : PuzzleConnection: check_user_puzzle_rel:False
[2020-01-03 16:43:34,608] [INFO] : NewPuzzleScreen: Folder users/0/r_20200103_164334 is created.
[2020-01-03 16:43:34,611] [INFO] : NewPuzzleScreen: file users/0/r_20200103_164334/FullPuzzle.png is moved
[2020-01-03 16:43:34,614] [INFO] : NewPuzzleScreen: file users/0/r_20200103_164334/PiecesPuzzle.png is moved
[2020-01-03 16:43:34,618] [DEBUG] : PuzzleSolution: progressbar pop is open
[2020-01-03 16:43:34,618] [DEBUG] : PuzzleSolution: initialize
[2020-01-03 16:43:34,619] [DEBUG] : PuzzleSolution: solve_puzzle is called.
[2020-01-03 16:43:34,619] [DEBUG] : PuzzleSolution: solve_puzzle_algorithm is called.
[2020-01-03 16:43:34,645] [DEBUG] : PuzzleConnection: update_puzzle_solution called for Puzzle id:0. Solution Path:users/0/r_20200103_164334//SolutionPuzzle.png
[2020-01-03 16:43:34,646] [INFO] : NewPuzzleScreen: Puzzle is solved.
[2020-01-03 16:43:34,646] [DEBUG] : PictureViewScreen: labels are configured
[2020-01-03 16:43:34,661] [INFO] : PuzzleSolution: Number of Contours found = 7
[2020-01-03 16:43:34,701] [DEBUG] : PuzzleSolution:  part puzzle users/0/r_20200103_164334/piece1.png is created
[2020-01-03 16:43:34,701] [DEBUG] : PuzzleSolution:  future_matches is called.
[2020-01-03 16:43:34,930] [DEBUG] : PuzzleSolution:  future_matches match found at: 238.3742935180664 : 295.2930480957031
[2020-01-03 16:43:34,966] [DEBUG] : PuzzleSolution:  part puzzle users/0/r_20200103_164334/piece2.png is created
[2020-01-03 16:43:34,966] [DEBUG] : PuzzleSolution:  future_matches is called.
[2020-01-03 16:43:35,165] [DEBUG] : PuzzleSolution:  future_matches match found at: 292.04503122965497 : 201.06733830769858
[2020-01-03 16:43:35,188] [DEBUG] : PuzzleSolution:  part puzzle users/0/r_20200103_164334/piece3.png is created
[2020-01-03 16:43:35,188] [DEBUG] : PuzzleSolution:  future_matches is called.
[2020-01-03 16:43:35,347] [DEBUG] : PuzzleSolution:  part puzzle users/0/r_20200103_164334/piece4.png is created
[2020-01-03 16:43:35,347] [DEBUG] : PuzzleSolution:  future_matches is called.
[2020-01-03 16:43:35,505] [DEBUG] : PuzzleSolution:  future_matches match found at: 169.11938934326173 : 354.2358367919922
[2020-01-03 16:43:35,529] [DEBUG] : PuzzleSolution:  part puzzle users/0/r_20200103_164334/piece5.png is created
[2020-01-03 16:43:35,529] [DEBUG] : PuzzleSolution:  future_matches is called.
[2020-01-03 16:43:35,672] [DEBUG] : PuzzleSolution: progress_bar.value =15.285714285714286
[2020-01-03 16:43:35,693] [DEBUG] : PuzzleSolution:  future_matches match found at: 256.1205357142857 : 361.51050240652904
[2020-01-03 16:43:35,768] [DEBUG] : PuzzleSolution: progress_bar.value =29.571428571428573
[2020-01-03 16:43:36,495] [DEBUG] : PictureViewScreen: solution_puzzle_on_click is called for puzzle: users/0/r_20200103_164334/SolutionPuzzle.png 
[2020-01-03 16:43:36,519] [INFO] : PictureScreen: called for picture:users/0/r_20200103_164334/SolutionPuzzle.png
[2020-01-03 16:43:36,672] [DEBUG] : PuzzleSolution: progress_bar.value =43.85714285714286
[2020-01-03 16:43:36,765] [DEBUG] : PuzzleSolution: progress_bar.value =58.142857142857146
[2020-01-03 16:43:37,673] [DEBUG] : PuzzleSolution: progress_bar.value =72.42857142857143
[2020-01-03 16:43:37,761] [DEBUG] : PuzzleSolution: progress_bar.value =86.71428571428572
[2020-01-03 16:43:38,670] [DEBUG] : PuzzleSolution: progress_bar.value =100.0
[2020-01-03 16:43:47,214] [DEBUG] : PictureViewScreen: labels are configured
[2020-01-03 16:43:48,254] [DEBUG] : PictureViewScreen: btn_goback is clicked
[2020-01-03 16:43:48,256] [INFO] : PictureViewScreen: File:users/0/r_20200103_164334\FullPuzzle.png is removed
[2020-01-03 16:43:48,258] [INFO] : PictureViewScreen: File:users/0/r_20200103_164334\piece1.png is removed
[2020-01-03 16:43:48,260] [INFO] : PictureViewScreen: File:users/0/r_20200103_164334\piece2.png is removed
[2020-01-03 16:43:48,262] [INFO] : PictureViewScreen: File:users/0/r_20200103_164334\piece3.png is removed
[2020-01-03 16:43:48,263] [INFO] : PictureViewScreen: File:users/0/r_20200103_164334\piece4.png is removed
[2020-01-03 16:43:48,265] [INFO] : PictureViewScreen: File:users/0/r_20200103_164334\piece5.png is removed
[2020-01-03 16:43:48,267] [INFO] : PictureViewScreen: File:users/0/r_20200103_164334\PiecesPuzzle.png is removed
[2020-01-03 16:43:48,269] [INFO] : PictureViewScreen: File:users/0/r_20200103_164334\SolutionPuzzle.png is removed
[2020-01-03 16:43:48,271] [INFO] : PictureViewScreen: Folder: users/0/r_20200103_164334 is removed. 
[2020-01-03 16:43:48,271] [DEBUG] : Homeboard:  No-user
[2020-01-03 16:43:48,272] [DEBUG] : Homeboard: labels are configured.
[2020-01-03 16:43:49,284] [DEBUG] : NewPuzzleScreen: labels are configured
[2020-01-03 16:43:50,216] [DEBUG] : NewPuzzleScreen: DIRECTORY_CALLED is changed to FullPuzzle
[2020-01-03 16:43:50,216] [DEBUG] : ChooseFileScreen: labels are configured.
[2020-01-03 16:43:55,575] [INFO] : ChooseFileScreen: file C:\Users\Filip.Dimovski\Documents\Puzzles\Good Puzzles\Farm1\FullPuzzle.png is copied
[2020-01-03 16:43:55,576] [DEBUG] : NewPuzzleScreen: labels are configured
[2020-01-03 16:43:56,866] [DEBUG] : NewPuzzleScreen: DIRECTORY_CALLED is changed to PiecesPuzzle
[2020-01-03 16:43:56,866] [DEBUG] : ChooseFileScreen: labels are configured.
[2020-01-03 16:43:59,561] [INFO] : ChooseFileScreen: file C:\Users\Filip.Dimovski\Documents\Puzzles\Good Puzzles\Farm1\PiecesPuzzle.png is copied
[2020-01-03 16:43:59,562] [DEBUG] : NewPuzzleScreen: labels are configured
[2020-01-03 16:44:03,325] [DEBUG] : PuzzleConnection: check_user_puzzle_rel:False
[2020-01-03 16:44:03,326] [INFO] : NewPuzzleScreen: Folder users/0/te_20200103_164403 is created.
[2020-01-03 16:44:03,329] [INFO] : NewPuzzleScreen: file users/0/te_20200103_164403/FullPuzzle.png is moved
[2020-01-03 16:44:03,331] [INFO] : NewPuzzleScreen: file users/0/te_20200103_164403/PiecesPuzzle.png is moved
[2020-01-03 16:44:03,335] [DEBUG] : PuzzleSolution: progressbar pop is open
[2020-01-03 16:44:03,335] [DEBUG] : PuzzleSolution: initialize
[2020-01-03 16:44:03,335] [DEBUG] : PuzzleSolution: solve_puzzle is called.
[2020-01-03 16:44:03,336] [DEBUG] : PuzzleSolution: solve_puzzle_algorithm is called.
[2020-01-03 16:44:03,360] [DEBUG] : PuzzleConnection: update_puzzle_solution called for Puzzle id:0. Solution Path:users/0/te_20200103_164403//SolutionPuzzle.png
[2020-01-03 16:44:03,360] [INFO] : NewPuzzleScreen: Puzzle is solved.
[2020-01-03 16:44:03,361] [DEBUG] : PictureViewScreen: labels are configured
[2020-01-03 16:44:03,380] [INFO] : PuzzleSolution: Number of Contours found = 3
[2020-01-03 16:44:03,417] [DEBUG] : PuzzleSolution:  part puzzle users/0/te_20200103_164403/piece1.png is created
[2020-01-03 16:44:03,417] [DEBUG] : PuzzleSolution:  future_matches is called.
[2020-01-03 16:44:03,610] [DEBUG] : PuzzleSolution:  future_matches match found at: 134.18741302490236 : 182.47349548339844
[2020-01-03 16:44:03,658] [DEBUG] : PuzzleSolution:  part puzzle users/0/te_20200103_164403/piece2.png is created
[2020-01-03 16:44:03,658] [DEBUG] : PuzzleSolution:  future_matches is called.
[2020-01-03 16:44:03,840] [DEBUG] : PuzzleSolution:  future_matches match found at: 323.4489390055339 : 179.74883778889975
[2020-01-03 16:44:03,865] [DEBUG] : PuzzleSolution:  part puzzle users/0/te_20200103_164403/piece3.png is created
[2020-01-03 16:44:03,865] [DEBUG] : PuzzleSolution:  future_matches is called.
[2020-01-03 16:44:03,991] [DEBUG] : PuzzleSolution:  future_matches match found at: 432.31327730066636 : 162.5999226289637
[2020-01-03 16:44:04,428] [DEBUG] : PuzzleSolution: progress_bar.value =34.333333333333336
[2020-01-03 16:44:04,474] [DEBUG] : PuzzleSolution: progress_bar.value =67.66666666666667
[2020-01-03 16:44:04,973] [DEBUG] : PictureViewScreen: solution_puzzle_on_click is called for puzzle: users/0/te_20200103_164403/SolutionPuzzle.png 
[2020-01-03 16:44:04,993] [INFO] : PictureScreen: called for picture:users/0/te_20200103_164403/SolutionPuzzle.png
[2020-01-03 16:44:05,461] [DEBUG] : PuzzleSolution: progress_bar.value =100.0
[2020-01-03 16:44:13,444] [DEBUG] : PictureViewScreen: labels are configured
[2020-01-03 16:44:15,059] [DEBUG] : PictureViewScreen: btn_goback is clicked
[2020-01-03 16:44:15,062] [INFO] : PictureViewScreen: File:users/0/te_20200103_164403\FullPuzzle.png is removed
[2020-01-03 16:44:15,064] [INFO] : PictureViewScreen: File:users/0/te_20200103_164403\piece1.png is removed
[2020-01-03 16:44:15,066] [INFO] : PictureViewScreen: File:users/0/te_20200103_164403\piece2.png is removed
[2020-01-03 16:44:15,068] [INFO] : PictureViewScreen: File:users/0/te_20200103_164403\piece3.png is removed
[2020-01-03 16:44:15,070] [INFO] : PictureViewScreen: File:users/0/te_20200103_164403\PiecesPuzzle.png is removed
[2020-01-03 16:44:15,074] [INFO] : PictureViewScreen: File:users/0/te_20200103_164403\SolutionPuzzle.png is removed
[2020-01-03 16:44:15,076] [INFO] : PictureViewScreen: Folder: users/0/te_20200103_164403 is removed. 
[2020-01-03 16:44:15,076] [DEBUG] : Homeboard:  No-user
[2020-01-03 16:44:15,077] [DEBUG] : Homeboard: labels are configured.
[2020-01-03 16:44:16,129] [DEBUG] : NewPuzzleScreen: labels are configured
[2020-01-03 16:44:16,935] [DEBUG] : NewPuzzleScreen: DIRECTORY_CALLED is changed to FullPuzzle
[2020-01-03 16:44:16,935] [DEBUG] : ChooseFileScreen: labels are configured.
[2020-01-03 16:44:22,397] [INFO] : ChooseFileScreen: file C:\Users\Filip.Dimovski\Documents\Puzzles\Good Puzzles\Pepa1\FullPuzzle.png is copied
[2020-01-03 16:44:22,398] [DEBUG] : NewPuzzleScreen: labels are configured
[2020-01-03 16:44:23,741] [DEBUG] : NewPuzzleScreen: DIRECTORY_CALLED is changed to PiecesPuzzle
[2020-01-03 16:44:23,741] [DEBUG] : ChooseFileScreen: labels are configured.
[2020-01-03 16:44:28,244] [INFO] : ChooseFileScreen: file C:\Users\Filip.Dimovski\Documents\Puzzles\Good Puzzles\Pepa1\PiecesPuzzle.png is copied
[2020-01-03 16:44:28,245] [DEBUG] : NewPuzzleScreen: labels are configured
[2020-01-03 16:44:30,808] [DEBUG] : PuzzleConnection: check_user_puzzle_rel:False
[2020-01-03 16:44:30,808] [INFO] : NewPuzzleScreen: Folder users/0/6_20200103_164430 is created.
[2020-01-03 16:44:30,812] [INFO] : NewPuzzleScreen: file users/0/6_20200103_164430/FullPuzzle.png is moved
[2020-01-03 16:44:30,814] [INFO] : NewPuzzleScreen: file users/0/6_20200103_164430/PiecesPuzzle.png is moved
[2020-01-03 16:44:30,817] [DEBUG] : PuzzleSolution: progressbar pop is open
[2020-01-03 16:44:30,817] [DEBUG] : PuzzleSolution: initialize
[2020-01-03 16:44:30,817] [DEBUG] : PuzzleSolution: solve_puzzle is called.
[2020-01-03 16:44:30,818] [DEBUG] : PuzzleSolution: solve_puzzle_algorithm is called.
[2020-01-03 16:44:30,848] [DEBUG] : PuzzleConnection: update_puzzle_solution called for Puzzle id:0. Solution Path:users/0/6_20200103_164430//SolutionPuzzle.png
[2020-01-03 16:44:30,849] [INFO] : NewPuzzleScreen: Puzzle is solved.
[2020-01-03 16:44:30,850] [DEBUG] : PictureViewScreen: labels are configured
[2020-01-03 16:44:30,867] [INFO] : PuzzleSolution: Number of Contours found = 5
[2020-01-03 16:44:30,913] [DEBUG] : PuzzleSolution:  part puzzle users/0/6_20200103_164430/piece1.png is created
[2020-01-03 16:44:30,913] [DEBUG] : PuzzleSolution:  future_matches is called.
[2020-01-03 16:44:31,108] [DEBUG] : PuzzleSolution:  future_matches match found at: 390.8789571126302 : 297.24475436740454
[2020-01-03 16:44:31,147] [DEBUG] : PuzzleSolution:  part puzzle users/0/6_20200103_164430/piece2.png is created
[2020-01-03 16:44:31,148] [DEBUG] : PuzzleSolution:  future_matches is called.
[2020-01-03 16:44:31,302] [DEBUG] : PuzzleSolution:  future_matches match found at: 194.89620971679688 : 167.67227681477866
[2020-01-03 16:44:31,328] [DEBUG] : PuzzleSolution:  part puzzle users/0/6_20200103_164430/piece3.png is created
[2020-01-03 16:44:31,328] [DEBUG] : PuzzleSolution:  future_matches is called.
[2020-01-03 16:44:31,437] [DEBUG] : PuzzleSolution:  future_matches match found at: 157.7544403076172 : 355.4479573567708
[2020-01-03 16:44:31,460] [DEBUG] : PuzzleSolution:  part puzzle users/0/6_20200103_164430/piece4.png is created
[2020-01-03 16:44:31,460] [DEBUG] : PuzzleSolution:  future_matches is called.
[2020-01-03 16:44:31,566] [DEBUG] : PuzzleSolution:  future_matches match found at: 475.13587951660156 : 165.04400444030762
[2020-01-03 16:44:31,871] [DEBUG] : PuzzleSolution: progress_bar.value =21.0
[2020-01-03 16:44:31,969] [DEBUG] : PuzzleSolution: progress_bar.value =41.0
[2020-01-03 16:44:32,379] [DEBUG] : PictureViewScreen: solution_puzzle_on_click is called for puzzle: users/0/6_20200103_164430/SolutionPuzzle.png 
[2020-01-03 16:44:32,402] [INFO] : PictureScreen: called for picture:users/0/6_20200103_164430/SolutionPuzzle.png
[2020-01-03 16:44:32,871] [DEBUG] : PuzzleSolution: progress_bar.value =61.0
[2020-01-03 16:44:32,981] [DEBUG] : PuzzleSolution: progress_bar.value =81.0
[2020-01-03 16:44:33,872] [DEBUG] : PuzzleSolution: progress_bar.value =100.0
[2020-01-03 16:44:56,647] [DEBUG] : PictureViewScreen: labels are configured
[2020-01-03 16:44:57,683] [DEBUG] : PictureViewScreen: btn_goback is clicked
[2020-01-03 16:44:57,686] [INFO] : PictureViewScreen: File:users/0/6_20200103_164430\FullPuzzle.png is removed
[2020-01-03 16:44:57,693] [INFO] : PictureViewScreen: File:users/0/6_20200103_164430\piece1.png is removed
[2020-01-03 16:44:57,698] [INFO] : PictureViewScreen: File:users/0/6_20200103_164430\piece2.png is removed
[2020-01-03 16:44:57,700] [INFO] : PictureViewScreen: File:users/0/6_20200103_164430\piece3.png is removed
[2020-01-03 16:44:57,703] [INFO] : PictureViewScreen: File:users/0/6_20200103_164430\piece4.png is removed
[2020-01-03 16:44:57,705] [INFO] : PictureViewScreen: File:users/0/6_20200103_164430\PiecesPuzzle.png is removed
[2020-01-03 16:44:57,709] [INFO] : PictureViewScreen: File:users/0/6_20200103_164430\SolutionPuzzle.png is removed
[2020-01-03 16:44:57,710] [INFO] : PictureViewScreen: Folder: users/0/6_20200103_164430 is removed. 
[2020-01-03 16:44:57,711] [DEBUG] : Homeboard:  No-user
[2020-01-03 16:44:57,712] [DEBUG] : Homeboard: labels are configured.
